   1               		.file	"A7139.c"
   2               	__SREG__ = 0x3f
   3               	__SP_H__ = 0x3e
   4               	__SP_L__ = 0x3d
   5               	__CCP__  = 0x34
   6               	__tmp_reg__ = 0
   7               	__zero_reg__ = 1
  15               	.Ltext0:
  16               	.global	SPIx_WriteByte
  18               	SPIx_WriteByte:
  19               	.LFB8:
  20               	.LM1:
  21               	.LVL0:
  22               	/* prologue: function */
  23               	/* frame size = 0 */
  24 0000 282F      		mov r18,r24
  25               	.LM2:
  26 0002 BA9A      		sbi 55-32,2
  27 0004 90E0      		ldi r25,lo8(0)
  28               	.LVL1:
  29               	.L5:
  30               	.LM3:
  31 0006 27FF      		sbrs r18,7
  32 0008 00C0      		rjmp .L2
  33               	.LM4:
  34 000a C29A      		sbi 56-32,2
  35 000c 00C0      		rjmp .L3
  36               	.L2:
  37               	.LM5:
  38 000e 88B3      		in r24,56-32
  39 0010 887F      		andi r24,lo8(-8)
  40 0012 88BB      		out 56-32,r24
  41               	.LVL2:
  42               	.L3:
  43               	.LM6:
  44               	/* #APP */
  45               	 ;  27 "A7139.c" 1
  46 0014 0000      		nop
  47               	 ;  0 "" 2
  48               	.LM7:
  49               	/* #NOAPP */
  50 0016 A89A      		sbi 53-32,0
  51               	.LM8:
  52               	/* #APP */
  53               	 ;  29 "A7139.c" 1
  54 0018 0000      		nop
  55               	 ;  0 "" 2
  56               	.LM9:
  57               	/* #NOAPP */
  58 001a A898      		cbi 53-32,0
  59               	.LM10:
  60 001c 9F5F      		subi r25,lo8(-(1))
  61 001e 9830      		cpi r25,lo8(8)
  62 0020 01F0      		breq .L6
  63               	.LM11:
  64 0022 220F      		lsl r18
  65 0024 00C0      		rjmp .L5
  66               	.LVL3:
  67               	.L6:
  68 0026 0895      		ret
  69               	.LFE8:
  71               	.global	SPIx_ReadByte
  73               	SPIx_ReadByte:
  74               	.LFB9:
  75               	.LM12:
  76               	/* prologue: function */
  77               	/* frame size = 0 */
  78               	.LM13:
  79 0028 87B3      		in r24,55-32
  80 002a 887F      		andi r24,lo8(-8)
  81 002c 87BB      		out 55-32,r24
  82 002e 90E0      		ldi r25,lo8(0)
  83               	.LVL4:
  84 0030 80E0      		ldi r24,lo8(0)
  85               	.LVL5:
  86               	.L10:
  87               	.LM14:
  88 0032 B29B      		sbis 54-32,2
  89 0034 00C0      		rjmp .L8
  90               	.LM15:
  91 0036 880F      		lsl r24
  92 0038 8160      		ori r24,lo8(1)
  93 003a 00C0      		rjmp .L9
  94               	.L8:
  95               	.LM16:
  96 003c 880F      		lsl r24
  97               	.L9:
  98               	.LM17:
  99               	/* #APP */
 100               	 ;  45 "A7139.c" 1
 101 003e 0000      		nop
 102               	 ;  0 "" 2
 103               	.LM18:
 104               	/* #NOAPP */
 105 0040 A89A      		sbi 53-32,0
 106               	.LM19:
 107               	/* #APP */
 108               	 ;  47 "A7139.c" 1
 109 0042 0000      		nop
 110               	 ;  0 "" 2
 111               	.LM20:
 112               	/* #NOAPP */
 113 0044 A898      		cbi 53-32,0
 114               	.LM21:
 115 0046 9F5F      		subi r25,lo8(-(1))
 116 0048 9830      		cpi r25,lo8(8)
 117 004a 01F4      		brne .L10
 118               	/* epilogue start */
 119               	.LM22:
 120 004c 0895      		ret
 121               	.LFE9:
 123               	.global	SPIx_WriteWord
 125               	SPIx_WriteWord:
 126               	.LFB10:
 127               	.LM23:
 128               	.LVL6:
 129               	/* prologue: function */
 130               	/* frame size = 0 */
 131 004e 9C01      		movw r18,r24
 132               	.LM24:
 133 0050 BA9A      		sbi 55-32,2
 134 0052 90E0      		ldi r25,lo8(0)
 135               	.LVL7:
 136               	.L17:
 137               	.LM25:
 138 0054 37FF      		sbrs r19,7
 139 0056 00C0      		rjmp .L14
 140               	.LM26:
 141 0058 C29A      		sbi 56-32,2
 142 005a 00C0      		rjmp .L15
 143               	.L14:
 144               	.LM27:
 145 005c 88B3      		in r24,56-32
 146 005e 887F      		andi r24,lo8(-8)
 147 0060 88BB      		out 56-32,r24
 148               	.LVL8:
 149               	.L15:
 150               	.LM28:
 151 0062 A89A      		sbi 53-32,0
 152               	.LM29:
 153               	/* #APP */
 154               	 ;  64 "A7139.c" 1
 155 0064 0000      		nop
 156               	 ;  0 "" 2
 157               	.LM30:
 158               	/* #NOAPP */
 159 0066 A898      		cbi 53-32,0
 160               	.LM31:
 161 0068 9F5F      		subi r25,lo8(-(1))
 162 006a 9031      		cpi r25,lo8(16)
 163 006c 01F0      		breq .L18
 164               	.LM32:
 165 006e 220F      		lsl r18
 166 0070 331F      		rol r19
 167 0072 00C0      		rjmp .L17
 168               	.LVL9:
 169               	.L18:
 170 0074 0895      		ret
 171               	.LFE10:
 173               	.global	SPIx_ReadWord
 175               	SPIx_ReadWord:
 176               	.LFB11:
 177               	.LM33:
 178               	/* prologue: function */
 179               	/* frame size = 0 */
 180               	.LM34:
 181 0076 87B3      		in r24,55-32
 182 0078 887F      		andi r24,lo8(-8)
 183 007a 87BB      		out 55-32,r24
 184 007c 20E0      		ldi r18,lo8(0)
 185 007e 30E0      		ldi r19,hi8(0)
 186               	.LVL10:
 187 0080 40E0      		ldi r20,lo8(0)
 188               	.LVL11:
 189               	.L22:
 190 0082 C901      		movw r24,r18
 191 0084 880F      		lsl r24
 192 0086 991F      		rol r25
 193               	.LVL12:
 194               	.LM35:
 195 0088 B29B      		sbis 54-32,2
 196 008a 00C0      		rjmp .L20
 197               	.LM36:
 198 008c 9C01      		movw r18,r24
 199 008e 2160      		ori r18,lo8(1)
 200               	.LVL13:
 201 0090 00C0      		rjmp .L21
 202               	.LVL14:
 203               	.L20:
 204               	.LM37:
 205 0092 9C01      		movw r18,r24
 206               	.LVL15:
 207               	.L21:
 208               	.LM38:
 209 0094 A89A      		sbi 53-32,0
 210               	.LM39:
 211               	/* #APP */
 212               	 ;  83 "A7139.c" 1
 213 0096 0000      		nop
 214               	 ;  0 "" 2
 215               	.LM40:
 216               	/* #NOAPP */
 217 0098 A898      		cbi 53-32,0
 218               	.LM41:
 219 009a 4F5F      		subi r20,lo8(-(1))
 220 009c 4031      		cpi r20,lo8(16)
 221 009e 01F4      		brne .L22
 222               	.LM42:
 223 00a0 C901      		movw r24,r18
 224               	.LVL16:
 225               	/* epilogue start */
 226 00a2 0895      		ret
 227               	.LFE11:
 230               	A7139_WriteReg:
 231               	.LFB12:
 232               	.LM43:
 233               	.LVL17:
 234 00a4 0F93      		push r16
 235 00a6 1F93      		push r17
 236               	/* prologue: function */
 237               	/* frame size = 0 */
 238 00a8 8B01      		movw r16,r22
 239               	.LM44:
 240 00aa A998      		cbi 53-32,1
 241               	.LM45:
 242 00ac 00D0      		rcall SPIx_WriteByte
 243               	.LVL18:
 244               	.LM46:
 245 00ae C801      		movw r24,r16
 246 00b0 00D0      		rcall SPIx_WriteWord
 247               	.LM47:
 248 00b2 A99A      		sbi 53-32,1
 249               	/* epilogue start */
 250               	.LM48:
 251 00b4 1F91      		pop r17
 252 00b6 0F91      		pop r16
 253               	.LVL19:
 254 00b8 0895      		ret
 255               	.LFE12:
 258               	A7139_ReadReg:
 259               	.LFB13:
 260               	.LM49:
 261               	.LVL20:
 262               	/* prologue: function */
 263               	/* frame size = 0 */
 264               	.LM50:
 265 00ba A998      		cbi 53-32,1
 266               	.LM51:
 267 00bc 8068      		ori r24,lo8(-128)
 268               	.LVL21:
 269 00be 00D0      		rcall SPIx_WriteByte
 270               	.LM52:
 271               	/* #APP */
 272               	 ;  105 "A7139.c" 1
 273 00c0 0000      		nop
 274               	 ;  0 "" 2
 275               	.LM53:
 276               	/* #NOAPP */
 277 00c2 00D0      		rcall SPIx_ReadWord
 278               	.LM54:
 279 00c4 A99A      		sbi 53-32,1
 280               	/* epilogue start */
 281               	.LM55:
 282 00c6 0895      		ret
 283               	.LFE13:
 286               	A7139_WritePageA:
 287               	.LFB14:
 288               	.LM56:
 289               	.LVL22:
 290 00c8 0F93      		push r16
 291 00ca 1F93      		push r17
 292               	/* prologue: function */
 293               	/* frame size = 0 */
 294 00cc 8B01      		movw r16,r22
 295               	.LM57:
 296 00ce 782F      		mov r23,r24
 297 00d0 7295      		swap r23
 298 00d2 707F      		andi r23,lo8(-16)
 299 00d4 60E0      		ldi r22,lo8(0)
 300               	.LVL23:
 301               	.LM58:
 302 00d6 6161      		ori r22,lo8(17)
 303 00d8 87E0      		ldi r24,lo8(7)
 304               	.LVL24:
 305 00da 00D0      		rcall A7139_WriteReg
 306               	.LM59:
 307 00dc 88E0      		ldi r24,lo8(8)
 308 00de B801      		movw r22,r16
 309 00e0 00D0      		rcall A7139_WriteReg
 310               	/* epilogue start */
 311               	.LM60:
 312 00e2 1F91      		pop r17
 313 00e4 0F91      		pop r16
 314               	.LVL25:
 315 00e6 0895      		ret
 316               	.LFE14:
 319               	A7139_WritePageB:
 320               	.LFB15:
 321               	.LM61:
 322               	.LVL26:
 323 00e8 0F93      		push r16
 324 00ea 1F93      		push r17
 325               	/* prologue: function */
 326               	/* frame size = 0 */
 327 00ec 8B01      		movw r16,r22
 328               	.LM62:
 329 00ee 682F      		mov r22,r24
 330               	.LVL27:
 331 00f0 70E0      		ldi r23,lo8(0)
 332               	.LVL28:
 333 00f2 7695      		lsr r23
 334 00f4 762F      		mov r23,r22
 335 00f6 6627      		clr r22
 336 00f8 7795      		ror r23
 337 00fa 6795      		ror r22
 338               	.LVL29:
 339               	.LM63:
 340 00fc 6161      		ori r22,lo8(17)
 341               	.LVL30:
 342 00fe 87E0      		ldi r24,lo8(7)
 343 0100 00D0      		rcall A7139_WriteReg
 344               	.LVL31:
 345               	.LM64:
 346 0102 89E0      		ldi r24,lo8(9)
 347 0104 B801      		movw r22,r16
 348 0106 00D0      		rcall A7139_WriteReg
 349               	/* epilogue start */
 350               	.LM65:
 351 0108 1F91      		pop r17
 352 010a 0F91      		pop r16
 353               	.LVL32:
 354 010c 0895      		ret
 355               	.LFE15:
 358               	A7139_ReadPageA:
 359               	.LFB16:
 360               	.LM66:
 361               	.LVL33:
 362               	/* prologue: function */
 363               	/* frame size = 0 */
 364               	.LM67:
 365 010e 782F      		mov r23,r24
 366 0110 7295      		swap r23
 367 0112 707F      		andi r23,lo8(-16)
 368 0114 60E0      		ldi r22,lo8(0)
 369               	.LM68:
 370 0116 6161      		ori r22,lo8(17)
 371 0118 87E0      		ldi r24,lo8(7)
 372               	.LVL34:
 373 011a 00D0      		rcall A7139_WriteReg
 374               	.LM69:
 375 011c 88E0      		ldi r24,lo8(8)
 376 011e 00D0      		rcall A7139_ReadReg
 377               	/* epilogue start */
 378               	.LM70:
 379 0120 0895      		ret
 380               	.LFE16:
 383               	A7139_RCOSC_Cal:
 384               	.LFB20:
 385               	.LM71:
 386 0122 1F93      		push r17
 387 0124 CF93      		push r28
 388 0126 DF93      		push r29
 389               	/* prologue: function */
 390               	/* frame size = 0 */
 391               	.LM72:
 392 0128 82E0      		ldi r24,lo8(2)
 393 012a 60E1      		ldi r22,lo8(-2032)
 394 012c 78EF      		ldi r23,hi8(-2032)
 395 012e 00D0      		rcall A7139_WritePageA
 396 0130 CFEF      		ldi r28,lo8(-1)
 397 0132 DFEF      		ldi r29,hi8(-1)
 398               	.LVL35:
 399 0134 1FEF      		ldi r17,lo8(-1)
 400               	.LVL36:
 401               	.L41:
 402               	.LM73:
 403 0136 8FE0      		ldi r24,lo8(15)
 404 0138 61E0      		ldi r22,lo8(1)
 405 013a 70E0      		ldi r23,hi8(1)
 406 013c 00D0      		rcall A7139_WritePageA
 407               	.L37:
 408               	.LM74:
 409 013e 8FE0      		ldi r24,lo8(15)
 410 0140 00D0      		rcall A7139_ReadPageA
 411               	.LM75:
 412 0142 80FF      		sbrs r24,0
 413 0144 00C0      		rjmp .L36
 414 0146 2197      		sbiw r28,1
 415 0148 8FEF      		ldi r24,hi8(-1)
 416 014a CF3F      		cpi r28,lo8(-1)
 417 014c D807      		cpc r29,r24
 418 014e 01F4      		brne .L37
 419               	.L36:
 420               	.LM76:
 421 0150 8FE0      		ldi r24,lo8(15)
 422 0152 00D0      		rcall A7139_ReadPageA
 423               	.LM77:
 424 0154 9370      		andi r25,hi8(1023)
 425 0156 9695      		lsr r25
 426 0158 8795      		ror r24
 427 015a 8B5B      		subi r24,lo8(-(-187))
 428 015c 9040      		sbci r25,hi8(-(-187))
 429 015e 0B97      		sbiw r24,11
 430 0160 00F0      		brlo .L38
 431               	.LM78:
 432 0162 1123      		tst r17
 433 0164 01F4      		brne .L39
 434 0166 84E0      		ldi r24,lo8(4)
 435 0168 00C0      		rjmp .L40
 436               	.L39:
 437 016a 1150      		subi r17,lo8(-(-1))
 438 016c 00C0      		rjmp .L41
 439               	.L38:
 440 016e 85E0      		ldi r24,lo8(5)
 441               	.L40:
 442               	/* epilogue start */
 443               	.LM79:
 444 0170 DF91      		pop r29
 445 0172 CF91      		pop r28
 446               	.LVL37:
 447 0174 1F91      		pop r17
 448               	.LVL38:
 449 0176 0895      		ret
 450               	.LFE20:
 452               	.global	StrobeCmd
 454               	StrobeCmd:
 455               	.LFB21:
 456               	.LM80:
 457               	.LVL39:
 458               	/* prologue: function */
 459               	/* frame size = 0 */
 460               	.LM81:
 461 0178 A998      		cbi 53-32,1
 462               	.LM82:
 463 017a 00D0      		rcall SPIx_WriteByte
 464               	.LVL40:
 465               	.LM83:
 466 017c A99A      		sbi 53-32,1
 467               	/* epilogue start */
 468               	.LM84:
 469 017e 0895      		ret
 470               	.LFE21:
 472               	.global	A7139_SetCID
 474               	A7139_SetCID:
 475               	.LFB23:
 476               	.LM85:
 477               	.LVL41:
 478 0180 EF92      		push r14
 479 0182 FF92      		push r15
 480 0184 0F93      		push r16
 481 0186 1F93      		push r17
 482               	/* prologue: function */
 483               	/* frame size = 0 */
 484 0188 7B01      		movw r14,r22
 485 018a 8C01      		movw r16,r24
 486               	.LM86:
 487 018c A998      		cbi 53-32,1
 488               	.LM87:
 489 018e 80E2      		ldi r24,lo8(32)
 490 0190 00D0      		rcall SPIx_WriteByte
 491               	.LVL42:
 492               	.LM88:
 493 0192 812F      		mov r24,r17
 494 0194 9927      		clr r25
 495 0196 AA27      		clr r26
 496 0198 BB27      		clr r27
 497 019a 00D0      		rcall SPIx_WriteByte
 498               	.LM89:
 499 019c C801      		movw r24,r16
 500 019e AA27      		clr r26
 501 01a0 BB27      		clr r27
 502 01a2 00D0      		rcall SPIx_WriteByte
 503               	.LM90:
 504 01a4 BB27      		clr r27
 505 01a6 A12F      		mov r26,r17
 506 01a8 902F      		mov r25,r16
 507 01aa 8F2D      		mov r24,r15
 508 01ac 00D0      		rcall SPIx_WriteByte
 509               	.LM91:
 510 01ae 8E2D      		mov r24,r14
 511 01b0 00D0      		rcall SPIx_WriteByte
 512               	.LM92:
 513 01b2 A99A      		sbi 53-32,1
 514               	.LM93:
 515 01b4 80E0      		ldi r24,lo8(0)
 516               	/* epilogue start */
 517 01b6 1F91      		pop r17
 518 01b8 0F91      		pop r16
 519 01ba FF90      		pop r15
 520 01bc EF90      		pop r14
 521               	.LVL43:
 522 01be 0895      		ret
 523               	.LFE23:
 525               	.global	A7139_Init
 527               	A7139_Init:
 528               	.LFB22:
 529               	.LM94:
 530               	.LVL44:
 531 01c0 6F92      		push r6
 532 01c2 7F92      		push r7
 533 01c4 8F92      		push r8
 534 01c6 9F92      		push r9
 535 01c8 AF92      		push r10
 536 01ca BF92      		push r11
 537 01cc CF92      		push r12
 538 01ce DF92      		push r13
 539 01d0 EF92      		push r14
 540 01d2 FF92      		push r15
 541 01d4 0F93      		push r16
 542 01d6 1F93      		push r17
 543 01d8 CF93      		push r28
 544 01da DF93      		push r29
 545               	/* prologue: function */
 546               	/* frame size = 0 */
 547 01dc 3B01      		movw r6,r22
 548 01de 4C01      		movw r8,r24
 549               	.LM95:
 550 01e0 A99A      		sbi 53-32,1
 551               	.LM96:
 552 01e2 A898      		cbi 53-32,0
 553               	.LM97:
 554 01e4 C29A      		sbi 56-32,2
 555               	.LM98:
 556 01e6 80E7      		ldi r24,lo8(112)
 557 01e8 00D0      		rcall StrobeCmd
 558               	.LVL45:
 559               	.LBB132:
 560               	.LBB133:
 561               	.LBB134:
 562               	.LBB135:
 563               	.LM99:
 564 01ea 80E0      		ldi r24,lo8(18432)
 565 01ec 98E4      		ldi r25,hi8(18432)
 566               	.LVL46:
 567               	/* #APP */
 568               	 ;  105 "c:/winavr-20100110/lib/gcc/../../avr/include/util/delay_basic.h" 1
 569 01ee 0197      		1: sbiw r24,1
 570 01f0 01F4      		brne 1b
 571               	 ;  0 "" 2
 572               	/* #NOAPP */
 573 01f2 C0E0      		ldi r28,lo8(A7139Config)
 574 01f4 D0E0      		ldi r29,hi8(A7139Config)
 575 01f6 00E0      		ldi r16,lo8(0)
 576               	.LVL47:
 577               	.L49:
 578               	.LBE135:
 579               	.LBE134:
 580               	.LBE133:
 581               	.LBE132:
 582               	.LBB136:
 583               	.LBB137:
 584               	.LM100:
 585 01f8 6991      		ld r22,Y+
 586 01fa 7991      		ld r23,Y+
 587 01fc 802F      		mov r24,r16
 588               	.LVL48:
 589 01fe 00D0      		rcall A7139_WriteReg
 590               	.LM101:
 591 0200 0F5F      		subi r16,lo8(-(1))
 592 0202 0830      		cpi r16,lo8(8)
 593 0204 01F4      		brne .L49
 594 0206 C0E0      		ldi r28,lo8(A7139Config+20)
 595 0208 D0E0      		ldi r29,hi8(A7139Config+20)
 596 020a 0AE0      		ldi r16,lo8(10)
 597               	.LVL49:
 598               	.L50:
 599               	.LM102:
 600 020c 6991      		ld r22,Y+
 601 020e 7991      		ld r23,Y+
 602 0210 802F      		mov r24,r16
 603 0212 00D0      		rcall A7139_WriteReg
 604               	.LM103:
 605 0214 0F5F      		subi r16,lo8(-(1))
 606 0216 0031      		cpi r16,lo8(16)
 607 0218 01F4      		brne .L50
 608 021a C0E0      		ldi r28,lo8(A7139Config_PageA)
 609 021c D0E0      		ldi r29,hi8(A7139Config_PageA)
 610 021e 00E0      		ldi r16,lo8(0)
 611               	.LVL50:
 612               	.L51:
 613               	.LM104:
 614 0220 6991      		ld r22,Y+
 615 0222 7991      		ld r23,Y+
 616 0224 802F      		mov r24,r16
 617 0226 00D0      		rcall A7139_WritePageA
 618               	.LM105:
 619 0228 0F5F      		subi r16,lo8(-(1))
 620 022a 0031      		cpi r16,lo8(16)
 621 022c 01F4      		brne .L51
 622 022e C0E0      		ldi r28,lo8(A7139Config_PageB)
 623 0230 D0E0      		ldi r29,hi8(A7139Config_PageB)
 624 0232 00E0      		ldi r16,lo8(0)
 625               	.LVL51:
 626               	.L52:
 627               	.LM106:
 628 0234 6991      		ld r22,Y+
 629 0236 7991      		ld r23,Y+
 630 0238 802F      		mov r24,r16
 631 023a 00D0      		rcall A7139_WritePageB
 632               	.LM107:
 633 023c 0F5F      		subi r16,lo8(-(1))
 634 023e 0530      		cpi r16,lo8(5)
 635 0240 01F4      		brne .L52
 636               	.LBE137:
 637               	.LBE136:
 638               	.LBB138:
 639               	.LBB139:
 640               	.LBB140:
 641               	.LBB141:
 642               	.LM108:
 643 0242 80E0      		ldi r24,lo8(18432)
 644 0244 98E4      		ldi r25,hi8(18432)
 645               	.LVL52:
 646               	/* #APP */
 647               	 ;  105 "c:/winavr-20100110/lib/gcc/../../avr/include/util/delay_basic.h" 1
 648 0246 0197      		1: sbiw r24,1
 649 0248 01F4      		brne 1b
 650               	 ;  0 "" 2
 651               	/* #NOAPP */
 652               	.LBE141:
 653               	.LBE140:
 654               	.LBE139:
 655               	.LBE138:
 656               	.LM109:
 657 024a 68EA      		ldi r22,lo8(175192488)
 658 024c 79E3      		ldi r23,hi8(175192488)
 659 024e 81E7      		ldi r24,hlo8(175192488)
 660 0250 9AE0      		ldi r25,hhi8(175192488)
 661 0252 00D0      		rcall A7139_SetCID
 662               	.LVL53:
 663               	.LBB142:
 664               	.LBB143:
 665               	.LBB144:
 666               	.LBB145:
 667               	.LM110:
 668 0254 83E3      		ldi r24,lo8(1843)
 669 0256 97E0      		ldi r25,hi8(1843)
 670               	.LVL54:
 671               	/* #APP */
 672               	 ;  105 "c:/winavr-20100110/lib/gcc/../../avr/include/util/delay_basic.h" 1
 673 0258 0197      		1: sbiw r24,1
 674 025a 01F4      		brne 1b
 675               	 ;  0 "" 2
 676               	/* #NOAPP */
 677               	.LBE145:
 678               	.LBE144:
 679               	.LBE143:
 680               	.LBE142:
 681               	.LBB146:
 682               	.LBB147:
 683               	.LM111:
 684 025c C401      		movw r24,r8
 685 025e B301      		movw r22,r6
 686 0260 2DEC      		ldi r18,lo8(0x414ccccd)
 687 0262 3CEC      		ldi r19,hi8(0x414ccccd)
 688 0264 4CE4      		ldi r20,hlo8(0x414ccccd)
 689 0266 51E4      		ldi r21,hhi8(0x414ccccd)
 690 0268 00D0      		rcall __divsf3
 691               	.LVL55:
 692 026a 5B01      		movw r10,r22
 693 026c 6C01      		movw r12,r24
 694               	.LVL56:
 695               	.LM112:
 696 026e 00D0      		rcall __fixunssfsi
 697 0270 E62E      		mov r14,r22
 698               	.LVL57:
 699               	.LM113:
 700 0272 84E1      		ldi r24,lo8(20)
 701 0274 00D0      		rcall StrobeCmd
 702               	.LM114:
 703 0276 83E0      		ldi r24,lo8(3)
 704 0278 60E0      		ldi r22,lo8(0)
 705 027a 70E0      		ldi r23,hi8(0)
 706 027c 00D0      		rcall A7139_WriteReg
 707               	.LM115:
 708 027e 86E0      		ldi r24,lo8(6)
 709 0280 60E0      		ldi r22,lo8(0)
 710 0282 70E0      		ldi r23,hi8(0)
 711 0284 00D0      		rcall A7139_WriteReg
 712               	.LM116:
 713 0286 C401      		movw r24,r8
 714 0288 B301      		movw r22,r6
 715 028a 20E0      		ldi r18,lo8(0x44570000)
 716 028c 30E0      		ldi r19,hi8(0x44570000)
 717 028e 47E5      		ldi r20,hlo8(0x44570000)
 718 0290 54E4      		ldi r21,hhi8(0x44570000)
 719 0292 00D0      		rcall __ltsf2
 720 0294 8823      		tst r24
 721 0296 04F4      		brge .L70
 722 0298 60E2      		ldi r22,lo8(2592)
 723 029a 7AE0      		ldi r23,hi8(2592)
 724               	.LVL58:
 725 029c 00C0      		rjmp .L55
 726               	.LVL59:
 727               	.L70:
 728 029e 60E2      		ldi r22,lo8(6688)
 729 02a0 7AE1      		ldi r23,hi8(6688)
 730               	.LVL60:
 731               	.L55:
 732               	.LM117:
 733 02a2 84E0      		ldi r24,lo8(4)
 734 02a4 00D0      		rcall A7139_WriteReg
 735               	.LVL61:
 736               	.LM118:
 737 02a6 FF24      		clr r15
 738               	.LVL62:
 739 02a8 B701      		movw r22,r14
 740 02aa 7A60      		ori r23,hi8(2560)
 741 02ac 81E0      		ldi r24,lo8(1)
 742 02ae 00D0      		rcall A7139_WriteReg
 743               	.LM119:
 744 02b0 0027      		clr r16
 745 02b2 F7FC      		sbrc r15,7
 746 02b4 0095      		com r16
 747 02b6 102F      		mov r17,r16
 748               	.LVL63:
 749 02b8 C801      		movw r24,r16
 750 02ba B701      		movw r22,r14
 751 02bc 00D0      		rcall __floatsisf
 752 02be 9B01      		movw r18,r22
 753 02c0 AC01      		movw r20,r24
 754 02c2 C601      		movw r24,r12
 755 02c4 B501      		movw r22,r10
 756 02c6 00D0      		rcall __subsf3
 757 02c8 20E0      		ldi r18,lo8(0x47800000)
 758 02ca 30E0      		ldi r19,hi8(0x47800000)
 759 02cc 40E8      		ldi r20,hlo8(0x47800000)
 760 02ce 57E4      		ldi r21,hhi8(0x47800000)
 761 02d0 00D0      		rcall __mulsf3
 762 02d2 00D0      		rcall __fixunssfsi
 763 02d4 9B01      		movw r18,r22
 764 02d6 AC01      		movw r20,r24
 765 02d8 82E0      		ldi r24,lo8(2)
 766 02da B901      		movw r22,r18
 767 02dc 00D0      		rcall A7139_WriteReg
 768               	.LM120:
 769 02de 82E0      		ldi r24,lo8(2)
 770 02e0 60E0      		ldi r22,lo8(0)
 771 02e2 70E0      		ldi r23,hi8(0)
 772 02e4 00D0      		rcall A7139_WritePageB
 773               	.LBE147:
 774               	.LBE146:
 775               	.LBB148:
 776               	.LBB149:
 777               	.LBB150:
 778               	.LBB151:
 779               	.LM121:
 780 02e6 80E0      		ldi r24,lo8(27648)
 781 02e8 9CE6      		ldi r25,hi8(27648)
 782               	.LVL64:
 783               	/* #APP */
 784               	 ;  105 "c:/winavr-20100110/lib/gcc/../../avr/include/util/delay_basic.h" 1
 785 02ea 0197      		1: sbiw r24,1
 786 02ec 01F4      		brne 1b
 787               	 ;  0 "" 2
 788               	/* #NOAPP */
 789               	.LBE151:
 790               	.LBE150:
 791               	.LBE149:
 792               	.LBE148:
 793               	.LBB152:
 794               	.LBB153:
 795               	.LM122:
 796 02ee 8FE0      		ldi r24,lo8(15)
 797               	.LVL65:
 798 02f0 62EC      		ldi r22,lo8(10434)
 799 02f2 78E2      		ldi r23,hi8(10434)
 800 02f4 00D0      		rcall A7139_WriteReg
 801               	.L56:
 802               	.LBE153:
 803               	.LM123:
 804 02f6 8FE0      		ldi r24,lo8(15)
 805 02f8 00D0      		rcall A7139_ReadReg
 806               	.LBB162:
 807               	.LM124:
 808 02fa 8270      		andi r24,lo8(2050)
 809 02fc 9870      		andi r25,hi8(2050)
 810 02fe 892B      		or r24,r25
 811 0300 01F4      		brne .L56
 812               	.LBE162:
 813               	.LM125:
 814 0302 8EE0      		ldi r24,lo8(14)
 815 0304 00D0      		rcall A7139_ReadReg
 816 0306 8C01      		movw r16,r24
 817               	.LVL66:
 818               	.LM126:
 819 0308 8AE0      		ldi r24,lo8(10)
 820 030a 00D0      		rcall A7139_ReadPageA
 821               	.LBB163:
 822               	.LM127:
 823 030c F4E0      		ldi r31,4
 824 030e 9695      	1:	lsr r25
 825 0310 8795      		ror r24
 826 0312 FA95      		dec r31
 827 0314 01F4      		brne 1b
 828 0316 E4E0      		ldi r30,4
 829 0318 1695      	1:	lsr r17
 830 031a 0795      		ror r16
 831 031c EA95      		dec r30
 832 031e 01F4      		brne 1b
 833 0320 802B      		or r24,r16
 834 0322 80FD      		sbrc r24,0
 835 0324 00C0      		rjmp .L57
 836               	.LM128:
 837 0326 8CE0      		ldi r24,lo8(12)
 838 0328 60E0      		ldi r22,lo8(19456)
 839 032a 7CE4      		ldi r23,hi8(19456)
 840 032c 00D0      		rcall A7139_WriteReg
 841               	.LM129:
 842 032e 82E0      		ldi r24,lo8(2)
 843 0330 60E0      		ldi r22,lo8(-2048)
 844 0332 78EF      		ldi r23,hi8(-2048)
 845 0334 00D0      		rcall A7139_WritePageA
 846               	.LM130:
 847 0336 80E0      		ldi r24,lo8(0)
 848 0338 66E0      		ldi r22,lo8(-2298)
 849 033a 77EF      		ldi r23,hi8(-2298)
 850 033c 00D0      		rcall A7139_WritePageA
 851               	.LM131:
 852 033e 8FE0      		ldi r24,lo8(15)
 853 0340 60EC      		ldi r22,lo8(12480)
 854 0342 70E3      		ldi r23,hi8(12480)
 855 0344 00D0      		rcall A7139_WriteReg
 856               	.L58:
 857               	.LBE163:
 858               	.LM132:
 859 0346 8FE0      		ldi r24,lo8(15)
 860 0348 00D0      		rcall A7139_ReadReg
 861               	.LBB164:
 862               	.LM133:
 863 034a 94FD      		sbrc r25,4
 864 034c 00C0      		rjmp .L58
 865               	.LM134:
 866 034e 8CE0      		ldi r24,lo8(12)
 867 0350 60E0      		ldi r22,lo8(17408)
 868 0352 74E4      		ldi r23,hi8(17408)
 869 0354 00D0      		rcall A7139_WriteReg
 870               	.LM135:
 871 0356 82E0      		ldi r24,lo8(2)
 872 0358 60E0      		ldi r22,lo8(-2048)
 873 035a 78EF      		ldi r23,hi8(-2048)
 874 035c 00D0      		rcall A7139_WritePageA
 875               	.LM136:
 876 035e 80E0      		ldi r24,lo8(0)
 877 0360 66E0      		ldi r22,lo8(-2298)
 878 0362 77EF      		ldi r23,hi8(-2298)
 879 0364 00D0      		rcall A7139_WritePageA
 880               	.LM137:
 881 0366 8FE0      		ldi r24,lo8(15)
 882 0368 64EC      		ldi r22,lo8(8388)
 883 036a 70E2      		ldi r23,hi8(8388)
 884 036c 00D0      		rcall A7139_WriteReg
 885               	.LBB155:
 886               	.LBB156:
 887               	.LBB157:
 888               	.LBB158:
 889               	.LM138:
 890 036e 02E0      		ldi r16,lo8(2)
 891               	.LVL67:
 892               	.L59:
 893               	.LBE158:
 894               	.LBE157:
 895               	.LBE156:
 896               	.LBE155:
 897               	.LBE164:
 898               	.LM139:
 899 0370 8FE0      		ldi r24,lo8(15)
 900 0372 00D0      		rcall A7139_ReadReg
 901               	.LBB165:
 902               	.LBB154:
 903               	.LBB161:
 904               	.LBB160:
 905               	.LBB159:
 906               	.LM140:
 907 0374 902F      		mov r25,r16
 908               	.LVL68:
 909               	/* #APP */
 910               	 ;  83 "c:/winavr-20100110/lib/gcc/../../avr/include/util/delay_basic.h" 1
 911 0376 9A95      		1: dec r25
 912 0378 01F4      		brne 1b
 913               	 ;  0 "" 2
 914               	/* #NOAPP */
 915               	.LBE159:
 916               	.LBE160:
 917               	.LBE161:
 918               	.LBE154:
 919               	.LM141:
 920 037a 82FD      		sbrc r24,2
 921 037c 00C0      		rjmp .L59
 922               	.LVL69:
 923               	.LBE165:
 924               	.LM142:
 925 037e 8EE0      		ldi r24,lo8(14)
 926               	.LVL70:
 927 0380 00D0      		rcall A7139_ReadReg
 928               	.LVL71:
 929               	.LBB166:
 930               	.LM143:
 931 0382 90FD      		sbrc r25,0
 932 0384 00C0      		rjmp .L57
 933 0386 80E0      		ldi r24,lo8(0)
 934 0388 00C0      		rjmp .L60
 935               	.LVL72:
 936               	.L57:
 937 038a 84E0      		ldi r24,lo8(4)
 938               	.L60:
 939               	/* epilogue start */
 940               	.LBE166:
 941               	.LBE152:
 942               	.LM144:
 943 038c DF91      		pop r29
 944 038e CF91      		pop r28
 945 0390 1F91      		pop r17
 946 0392 0F91      		pop r16
 947               	.LVL73:
 948 0394 FF90      		pop r15
 949               	.LVL74:
 950 0396 EF90      		pop r14
 951               	.LVL75:
 952 0398 DF90      		pop r13
 953 039a CF90      		pop r12
 954 039c BF90      		pop r11
 955 039e AF90      		pop r10
 956               	.LVL76:
 957 03a0 9F90      		pop r9
 958 03a2 8F90      		pop r8
 959 03a4 7F90      		pop r7
 960 03a6 6F90      		pop r6
 961               	.LVL77:
 962 03a8 0895      		ret
 963               	.LFE22:
 965               	.global	A7139_ReadCID
 967               	A7139_ReadCID:
 968               	.LFB24:
 969               	.LM145:
 970               	.LVL78:
 971 03aa EF92      		push r14
 972 03ac FF92      		push r15
 973 03ae 0F93      		push r16
 974 03b0 1F93      		push r17
 975               	/* prologue: function */
 976               	/* frame size = 0 */
 977 03b2 7C01      		movw r14,r24
 978               	.LM146:
 979 03b4 A998      		cbi 53-32,1
 980               	.LM147:
 981 03b6 80EA      		ldi r24,lo8(-96)
 982               	.LVL79:
 983 03b8 00D0      		rcall SPIx_WriteByte
 984               	.LM148:
 985 03ba 00D0      		rcall SPIx_ReadByte
 986 03bc F701      		movw r30,r14
 987 03be 8193      		st Z+,r24
 988 03c0 8F01      		movw r16,r30
 989               	.LVL80:
 990               	.LM149:
 991 03c2 00D0      		rcall SPIx_ReadByte
 992 03c4 F701      		movw r30,r14
 993 03c6 8183      		std Z+1,r24
 994               	.LM150:
 995 03c8 00D0      		rcall SPIx_ReadByte
 996 03ca F801      		movw r30,r16
 997 03cc 8183      		std Z+1,r24
 998               	.LM151:
 999 03ce 00D0      		rcall SPIx_ReadByte
 1000               	.LM152:
 1001 03d0 0F5F      		subi r16,lo8(-(1))
 1002 03d2 1F4F      		sbci r17,hi8(-(1))
 1003               	.LM153:
 1004 03d4 F801      		movw r30,r16
 1005 03d6 8183      		std Z+1,r24
 1006               	.LM154:
 1007 03d8 A99A      		sbi 53-32,1
 1008               	.LM155:
 1009 03da 80E0      		ldi r24,lo8(0)
 1010               	/* epilogue start */
 1011 03dc 1F91      		pop r17
 1012 03de 0F91      		pop r16
 1013               	.LVL81:
 1014 03e0 FF90      		pop r15
 1015 03e2 EF90      		pop r14
 1016 03e4 0895      		ret
 1017               	.LFE24:
 1019               	.global	A7139_ReadPID
 1021               	A7139_ReadPID:
 1022               	.LFB25:
 1023               	.LM156:
 1024               	/* prologue: function */
 1025               	/* frame size = 0 */
 1026               	.LM157:
 1027 03e6 87E0      		ldi r24,lo8(7)
 1028 03e8 61E0      		ldi r22,lo8(1)
 1029 03ea 70E0      		ldi r23,hi8(1)
 1030 03ec 00D0      		rcall A7139_WriteReg
 1031               	.LM158:
 1032 03ee 89E0      		ldi r24,lo8(9)
 1033 03f0 00D0      		rcall A7139_ReadReg
 1034               	/* epilogue start */
 1035               	.LM159:
 1036 03f2 0895      		ret
 1037               	.LFE25:
 1039               	.global	A7139_SetDataRate
 1041               	A7139_SetDataRate:
 1042               	.LFB26:
 1043               	.LM160:
 1044               	.LVL82:
 1045 03f4 1F93      		push r17
 1046               	/* prologue: function */
 1047               	/* frame size = 0 */
 1048 03f6 182F      		mov r17,r24
 1049               	.LM161:
 1050 03f8 84E1      		ldi r24,lo8(20)
 1051               	.LVL83:
 1052 03fa 00D0      		rcall StrobeCmd
 1053               	.LM162:
 1054 03fc 87E0      		ldi r24,lo8(7)
 1055 03fe 60E1      		ldi r22,lo8(16)
 1056 0400 70E0      		ldi r23,hi8(16)
 1057 0402 00D0      		rcall A7139_WriteReg
 1058               	.LM163:
 1059 0404 1233      		cpi r17,lo8(50)
 1060 0406 01F0      		breq .L79
 1061 0408 1333      		cpi r17,lo8(51)
 1062 040a 00F4      		brsh .L82
 1063 040c 1230      		cpi r17,lo8(2)
 1064 040e 01F0      		breq .L77
 1065 0410 1A30      		cpi r17,lo8(10)
 1066 0412 01F4      		brne .L76
 1067 0414 00C0      		rjmp .L87
 1068               	.L82:
 1069 0416 1436      		cpi r17,lo8(100)
 1070 0418 01F0      		breq .L80
 1071 041a 1639      		cpi r17,lo8(-106)
 1072 041c 01F4      		brne .L76
 1073 041e 00C0      		rjmp .L81
 1074               	.L77:
 1075               	.LM164:
 1076 0420 80E0      		ldi r24,lo8(0)
 1077 0422 63E2      		ldi r22,lo8(12323)
 1078 0424 70E3      		ldi r23,hi8(12323)
 1079 0426 00C0      		rjmp .L85
 1080               	.L87:
 1081               	.LM165:
 1082 0428 80E0      		ldi r24,lo8(0)
 1083 042a 63E2      		ldi r22,lo8(2083)
 1084 042c 78E0      		ldi r23,hi8(2083)
 1085               	.L85:
 1086 042e 00D0      		rcall A7139_WriteReg
 1087               	.LM166:
 1088 0430 8AE0      		ldi r24,lo8(10)
 1089 0432 60ED      		ldi r22,lo8(6352)
 1090 0434 78E1      		ldi r23,hi8(6352)
 1091               	.L86:
 1092 0436 00D0      		rcall A7139_WriteReg
 1093 0438 00C0      		rjmp .L81
 1094               	.L79:
 1095               	.LM167:
 1096 043a 80E0      		ldi r24,lo8(0)
 1097 043c 63E2      		ldi r22,lo8(35)
 1098 043e 70E0      		ldi r23,hi8(35)
 1099 0440 00C0      		rjmp .L85
 1100               	.L80:
 1101               	.LM168:
 1102 0442 80E0      		ldi r24,lo8(0)
 1103 0444 61E2      		ldi r22,lo8(33)
 1104 0446 70E0      		ldi r23,hi8(33)
 1105 0448 00D0      		rcall A7139_WriteReg
 1106               	.LM169:
 1107 044a 8AE0      		ldi r24,lo8(10)
 1108 044c 64ED      		ldi r22,lo8(6356)
 1109 044e 78E1      		ldi r23,hi8(6356)
 1110 0450 00C0      		rjmp .L86
 1111               	.L76:
 1112               	.LM170:
 1113 0452 87E0      		ldi r24,lo8(7)
 1114 0454 61E1      		ldi r22,lo8(17)
 1115 0456 70E0      		ldi r23,hi8(17)
 1116 0458 00D0      		rcall A7139_WriteReg
 1117 045a 81E0      		ldi r24,lo8(1)
 1118 045c 00C0      		rjmp .L83
 1119               	.L81:
 1120               	.LM171:
 1121 045e 87E0      		ldi r24,lo8(7)
 1122 0460 61E1      		ldi r22,lo8(17)
 1123 0462 70E0      		ldi r23,hi8(17)
 1124 0464 00D0      		rcall A7139_WriteReg
 1125               	.LBB167:
 1126               	.LBB168:
 1127               	.LBB169:
 1128               	.LBB170:
 1129               	.LM172:
 1130 0466 80E0      		ldi r24,lo8(18432)
 1131 0468 98E4      		ldi r25,hi8(18432)
 1132               	.LVL84:
 1133               	/* #APP */
 1134               	 ;  105 "c:/winavr-20100110/lib/gcc/../../avr/include/util/delay_basic.h" 1
 1135 046a 0197      		1: sbiw r24,1
 1136 046c 01F4      		brne 1b
 1137               	 ;  0 "" 2
 1138               	/* #NOAPP */
 1139 046e 80E0      		ldi r24,lo8(0)
 1140               	.LVL85:
 1141               	.L83:
 1142               	/* epilogue start */
 1143               	.LBE170:
 1144               	.LBE169:
 1145               	.LBE168:
 1146               	.LBE167:
 1147               	.LM173:
 1148 0470 1F91      		pop r17
 1149               	.LVL86:
 1150 0472 0895      		ret
 1151               	.LFE26:
 1153               	.global	A7139_WriteFIFO
 1155               	A7139_WriteFIFO:
 1156               	.LFB27:
 1157               	.LM174:
 1158               	.LVL87:
 1159 0474 FF92      		push r15
 1160 0476 0F93      		push r16
 1161 0478 1F93      		push r17
 1162 047a CF93      		push r28
 1163 047c DF93      		push r29
 1164               	/* prologue: function */
 1165               	/* frame size = 0 */
 1166 047e 182F      		mov r17,r24
 1167 0480 092F      		mov r16,r25
 1168               	.LVL88:
 1169 0482 F62E      		mov r15,r22
 1170               	.LM175:
 1171 0484 80E6      		ldi r24,lo8(96)
 1172               	.LVL89:
 1173 0486 00D0      		rcall StrobeCmd
 1174               	.LVL90:
 1175               	.LM176:
 1176 0488 A998      		cbi 53-32,1
 1177               	.LM177:
 1178 048a 80E4      		ldi r24,lo8(64)
 1179 048c 00D0      		rcall SPIx_WriteByte
 1180 048e 212F      		mov r18,r17
 1181 0490 302F      		mov r19,r16
 1182 0492 C901      		movw r24,r18
 1183 0494 EC01      		movw r28,r24
 1184 0496 10E0      		ldi r17,lo8(0)
 1185               	.LVL91:
 1186 0498 00C0      		rjmp .L89
 1187               	.L90:
 1188               	.LM178:
 1189 049a 8991      		ld r24,Y+
 1190 049c 00D0      		rcall SPIx_WriteByte
 1191               	.LM179:
 1192 049e 1F5F      		subi r17,lo8(-(1))
 1193               	.L89:
 1194 04a0 1F15      		cp r17,r15
 1195 04a2 00F0      		brlo .L90
 1196               	.LM180:
 1197 04a4 A99A      		sbi 53-32,1
 1198               	/* epilogue start */
 1199               	.LM181:
 1200 04a6 DF91      		pop r29
 1201 04a8 CF91      		pop r28
 1202 04aa 1F91      		pop r17
 1203               	.LVL92:
 1204 04ac 0F91      		pop r16
 1205               	.LVL93:
 1206 04ae FF90      		pop r15
 1207               	.LVL94:
 1208 04b0 0895      		ret
 1209               	.LFE27:
 1211               	.global	A7139_ReadFIFO
 1213               	A7139_ReadFIFO:
 1214               	.LFB28:
 1215               	.LM182:
 1216               	.LVL95:
 1217 04b2 FF92      		push r15
 1218 04b4 0F93      		push r16
 1219 04b6 1F93      		push r17
 1220 04b8 CF93      		push r28
 1221 04ba DF93      		push r29
 1222               	/* prologue: function */
 1223               	/* frame size = 0 */
 1224 04bc F82E      		mov r15,r24
 1225 04be 092F      		mov r16,r25
 1226               	.LVL96:
 1227               	.LM183:
 1228 04c0 80EE      		ldi r24,lo8(-32)
 1229               	.LVL97:
 1230 04c2 00D0      		rcall StrobeCmd
 1231               	.LVL98:
 1232               	.LBB171:
 1233               	.LBB172:
 1234               	.LBB173:
 1235               	.LBB174:
 1236               	.LM184:
 1237 04c4 8CE0      		ldi r24,lo8(12)
 1238               	.LVL99:
 1239               	/* #APP */
 1240               	 ;  83 "c:/winavr-20100110/lib/gcc/../../avr/include/util/delay_basic.h" 1
 1241 04c6 8A95      		1: dec r24
 1242 04c8 01F4      		brne 1b
 1243               	 ;  0 "" 2
 1244               	/* #NOAPP */
 1245               	.LBE174:
 1246               	.LBE173:
 1247               	.LBE172:
 1248               	.LBE171:
 1249               	.LM185:
 1250 04ca A998      		cbi 53-32,1
 1251               	.LM186:
 1252 04cc 80EC      		ldi r24,lo8(-64)
 1253               	.LVL100:
 1254 04ce 00D0      		rcall SPIx_WriteByte
 1255               	.LM187:
 1256 04d0 00D0      		rcall SPIx_ReadByte
 1257               	.LM188:
 1258 04d2 8E3F      		cpi r24,lo8(-2)
 1259 04d4 01F0      		breq .L93
 1260 04d6 10E0      		ldi r17,lo8(0)
 1261               	.LVL101:
 1262 04d8 00C0      		rjmp .L94
 1263               	.LVL102:
 1264               	.L93:
 1265               	.LM189:
 1266 04da 00D0      		rcall SPIx_ReadByte
 1267 04dc 182F      		mov r17,r24
 1268               	.LVL103:
 1269               	.LM190:
 1270 04de 8150      		subi r24,lo8(-(-1))
 1271 04e0 8F30      		cpi r24,lo8(15)
 1272 04e2 00F4      		brsh .L94
 1273 04e4 8F2D      		mov r24,r15
 1274 04e6 902F      		mov r25,r16
 1275 04e8 9C01      		movw r18,r24
 1276 04ea E901      		movw r28,r18
 1277 04ec 00C0      		rjmp .L95
 1278               	.L96:
 1279               	.LM191:
 1280 04ee 00D0      		rcall SPIx_ReadByte
 1281 04f0 8993      		st Y+,r24
 1282               	.L95:
 1283               	.LM192:
 1284 04f2 9E01      		movw r18,r28
 1285 04f4 2F19      		sub r18,r15
 1286 04f6 2117      		cp r18,r17
 1287 04f8 00F0      		brlo .L96
 1288               	.L94:
 1289               	.LM193:
 1290 04fa A99A      		sbi 53-32,1
 1291               	.LM194:
 1292 04fc 812F      		mov r24,r17
 1293               	/* epilogue start */
 1294 04fe DF91      		pop r29
 1295 0500 CF91      		pop r28
 1296 0502 1F91      		pop r17
 1297               	.LVL104:
 1298 0504 0F91      		pop r16
 1299               	.LVL105:
 1300 0506 FF90      		pop r15
 1301               	.LVL106:
 1302 0508 0895      		ret
 1303               	.LFE28:
 1305               	.global	A7139_SetPackLen
 1307               	A7139_SetPackLen:
 1308               	.LFB29:
 1309               	.LM195:
 1310               	.LVL107:
 1311 050a 0F93      		push r16
 1312 050c 1F93      		push r17
 1313               	/* prologue: function */
 1314               	/* frame size = 0 */
 1315 050e 082F      		mov r16,r24
 1316               	.LM196:
 1317 0510 84E1      		ldi r24,lo8(20)
 1318               	.LVL108:
 1319 0512 00D0      		rcall StrobeCmd
 1320               	.LM197:
 1321 0514 10E0      		ldi r17,lo8(0)
 1322               	.LVL109:
 1323 0516 0150      		subi r16,lo8(-(-1))
 1324 0518 1040      		sbci r17,hi8(-(-1))
 1325               	.LVL110:
 1326 051a 8DE0      		ldi r24,lo8(13)
 1327 051c B801      		movw r22,r16
 1328 051e 00D0      		rcall A7139_WritePageA
 1329               	.LM198:
 1330 0520 8AE0      		ldi r24,lo8(10)
 1331 0522 64E0      		ldi r22,lo8(4)
 1332 0524 70E0      		ldi r23,hi8(4)
 1333 0526 00D0      		rcall A7139_WritePageA
 1334               	.LM199:
 1335 0528 80E0      		ldi r24,lo8(0)
 1336               	/* epilogue start */
 1337 052a 1F91      		pop r17
 1338               	.LVL111:
 1339 052c 0F91      		pop r16
 1340               	.LVL112:
 1341 052e 0895      		ret
 1342               	.LFE29:
 1344               	.global	A7139_IsBatteryLow
 1346               	A7139_IsBatteryLow:
 1347               	.LFB30:
 1348               	.LM200:
 1349               	.LVL113:
 1350 0530 1F93      		push r17
 1351               	/* prologue: function */
 1352               	/* frame size = 0 */
 1353 0532 182F      		mov r17,r24
 1354               	.LM201:
 1355 0534 8830      		cpi r24,lo8(8)
 1356 0536 00F4      		brsh .L105
 1357               	.L101:
 1358               	.LM202:
 1359 0538 84E1      		ldi r24,lo8(20)
 1360               	.LVL114:
 1361 053a 00D0      		rcall StrobeCmd
 1362               	.LM203:
 1363 053c 612F      		mov r22,r17
 1364 053e 70E0      		ldi r23,lo8(0)
 1365               	.LVL115:
 1366 0540 660F      		lsl r22
 1367 0542 771F      		rol r23
 1368               	.LVL116:
 1369 0544 6162      		ori r22,lo8(2593)
 1370 0546 7A60      		ori r23,hi8(2593)
 1371               	.LVL117:
 1372 0548 84E0      		ldi r24,lo8(4)
 1373 054a 00D0      		rcall A7139_WritePageA
 1374               	.LVL118:
 1375               	.LBB175:
 1376               	.LBB176:
 1377               	.LBB177:
 1378               	.LBB178:
 1379               	.LM204:
 1380 054c 88E1      		ldi r24,lo8(24)
 1381               	.LVL119:
 1382               	/* #APP */
 1383               	 ;  83 "c:/winavr-20100110/lib/gcc/../../avr/include/util/delay_basic.h" 1
 1384 054e 8A95      		1: dec r24
 1385 0550 01F4      		brne 1b
 1386               	 ;  0 "" 2
 1387               	/* #NOAPP */
 1388               	.LBE178:
 1389               	.LBE177:
 1390               	.LBE176:
 1391               	.LBE175:
 1392               	.LM205:
 1393 0552 81E0      		ldi r24,lo8(1)
 1394               	.LVL120:
 1395 0554 00D0      		rcall A7139_ReadPageA
 1396 0556 90E0      		ldi r25,lo8(0)
 1397 0558 87FF      		sbrs r24,7
 1398               	.LVL121:
 1399               	.L105:
 1400 055a 91E0      		ldi r25,lo8(1)
 1401               	.L102:
 1402               	.LM206:
 1403 055c 892F      		mov r24,r25
 1404               	.LVL122:
 1405               	/* epilogue start */
 1406 055e 1F91      		pop r17
 1407               	.LVL123:
 1408 0560 0895      		ret
 1409               	.LFE30:
 1411               	.global	A7139_GetRSSI
 1413               	A7139_GetRSSI:
 1414               	.LFB31:
 1415               	.LM207:
 1416 0562 CF93      		push r28
 1417 0564 DF93      		push r29
 1418               	/* prologue: function */
 1419               	/* frame size = 0 */
 1420               	.LM208:
 1421 0566 88E1      		ldi r24,lo8(24)
 1422 0568 00D0      		rcall StrobeCmd
 1423               	.LM209:
 1424 056a 8CE0      		ldi r24,lo8(12)
 1425 056c 60E0      		ldi r22,lo8(17408)
 1426 056e 74E4      		ldi r23,hi8(17408)
 1427 0570 00D0      		rcall A7139_WriteReg
 1428               	.LM210:
 1429 0572 8FE0      		ldi r24,lo8(15)
 1430 0574 00D0      		rcall A7139_ReadReg
 1431 0576 BC01      		movw r22,r24
 1432 0578 6160      		ori r22,lo8(1)
 1433 057a 8FE0      		ldi r24,lo8(15)
 1434 057c 00D0      		rcall A7139_WriteReg
 1435 057e CFEF      		ldi r28,lo8(-1)
 1436 0580 DFEF      		ldi r29,hi8(-1)
 1437               	.LVL124:
 1438               	.L108:
 1439               	.LM211:
 1440 0582 8FE0      		ldi r24,lo8(15)
 1441 0584 00D0      		rcall A7139_ReadReg
 1442               	.LM212:
 1443 0586 2197      		sbiw r28,1
 1444 0588 9FEF      		ldi r25,hi8(-1)
 1445 058a CF3F      		cpi r28,lo8(-1)
 1446 058c D907      		cpc r29,r25
 1447 058e 01F0      		breq .L107
 1448 0590 80FD      		sbrc r24,0
 1449 0592 00C0      		rjmp .L108
 1450               	.L107:
 1451               	.LM213:
 1452 0594 CD2B      		or r28,r29
 1453 0596 01F4      		brne .L109
 1454 0598 C0E0      		ldi r28,lo8(0)
 1455 059a D0E0      		ldi r29,hi8(0)
 1456               	.LVL125:
 1457 059c 00C0      		rjmp .L110
 1458               	.LVL126:
 1459               	.L109:
 1460               	.LM214:
 1461 059e 8BE0      		ldi r24,lo8(11)
 1462 05a0 00D0      		rcall A7139_ReadReg
 1463 05a2 EC01      		movw r28,r24
 1464               	.LVL127:
 1465 05a4 D170      		andi r29,hi8(511)
 1466               	.L110:
 1467               	.LM215:
 1468 05a6 84E1      		ldi r24,lo8(20)
 1469 05a8 00D0      		rcall StrobeCmd
 1470               	.LM216:
 1471 05aa 8C2F      		mov r24,r28
 1472               	/* epilogue start */
 1473 05ac DF91      		pop r29
 1474 05ae CF91      		pop r28
 1475               	.LVL128:
 1476 05b0 0895      		ret
 1477               	.LFE31:
 1479               	.global	A7139_WOT
 1481               	A7139_WOT:
 1482               	.LFB32:
 1483               	.LM217:
 1484               	/* prologue: function */
 1485               	/* frame size = 0 */
 1486               	.LM218:
 1487 05b2 00D0      		rcall A7139_RCOSC_Cal
 1488 05b4 8430      		cpi r24,lo8(4)
 1489 05b6 01F0      		breq .L115
 1490               	.LM219:
 1491 05b8 84E1      		ldi r24,lo8(20)
 1492 05ba 00D0      		rcall StrobeCmd
 1493               	.LM220:
 1494 05bc 88E0      		ldi r24,lo8(8)
 1495 05be 65E4      		ldi r22,lo8(69)
 1496 05c0 70E0      		ldi r23,hi8(69)
 1497 05c2 00D0      		rcall A7139_WritePageA
 1498               	.LM221:
 1499 05c4 81E0      		ldi r24,lo8(1)
 1500 05c6 6FE7      		ldi r22,lo8(639)
 1501 05c8 72E0      		ldi r23,hi8(639)
 1502 05ca 00D0      		rcall A7139_WritePageA
 1503               	.LM222:
 1504 05cc 8DE0      		ldi r24,lo8(13)
 1505 05ce 60E0      		ldi r22,lo8(3072)
 1506 05d0 7CE0      		ldi r23,hi8(3072)
 1507 05d2 00D0      		rcall A7139_WriteReg
 1508               	.LM223:
 1509 05d4 8FE0      		ldi r24,lo8(15)
 1510 05d6 60EC      		ldi r22,lo8(8896)
 1511 05d8 72E2      		ldi r23,hi8(8896)
 1512 05da 00D0      		rcall A7139_WriteReg
 1513 05dc 80E0      		ldi r24,lo8(0)
 1514               	.L115:
 1515               	.LM224:
 1516 05de 0895      		ret
 1517               	.LFE32:
 1519               	.global	A7139_WOR_BySync
 1521               	A7139_WOR_BySync:
 1522               	.LFB33:
 1523               	.LM225:
 1524               	/* prologue: function */
 1525               	/* frame size = 0 */
 1526               	.LM226:
 1527 05e0 84E1      		ldi r24,lo8(20)
 1528 05e2 00D0      		rcall StrobeCmd
 1529               	.LM227:
 1530 05e4 88E0      		ldi r24,lo8(8)
 1531 05e6 65E4      		ldi r22,lo8(69)
 1532 05e8 70E0      		ldi r23,hi8(69)
 1533 05ea 00D0      		rcall A7139_WritePageA
 1534               	.LM228:
 1535 05ec 81E0      		ldi r24,lo8(1)
 1536 05ee 66E0      		ldi r22,lo8(-250)
 1537 05f0 7FEF      		ldi r23,hi8(-250)
 1538 05f2 00D0      		rcall A7139_WritePageA
 1539               	.LM229:
 1540 05f4 00D0      		rcall A7139_RCOSC_Cal
 1541 05f6 8430      		cpi r24,lo8(4)
 1542 05f8 01F0      		breq .L119
 1543               	.LM230:
 1544 05fa 82E0      		ldi r24,lo8(2)
 1545 05fc 60E1      		ldi r22,lo8(-2032)
 1546 05fe 78EF      		ldi r23,hi8(-2032)
 1547 0600 00D0      		rcall A7139_WritePageA
 1548               	.LM231:
 1549 0602 8FE0      		ldi r24,lo8(15)
 1550 0604 60EC      		ldi r22,lo8(8896)
 1551 0606 72E2      		ldi r23,hi8(8896)
 1552 0608 00D0      		rcall A7139_WriteReg
 1553 060a 80E0      		ldi r24,lo8(0)
 1554               	.L119:
 1555               	.LM232:
 1556 060c 0895      		ret
 1557               	.LFE33:
 1559               	.global	A7139_WOR_ByPreamble
 1561               	A7139_WOR_ByPreamble:
 1562               	.LFB34:
 1563               	.LM233:
 1564               	/* prologue: function */
 1565               	/* frame size = 0 */
 1566               	.LM234:
 1567 060e 84E1      		ldi r24,lo8(20)
 1568 0610 00D0      		rcall StrobeCmd
 1569               	.LBB179:
 1570               	.LBB180:
 1571               	.LBB181:
 1572               	.LBB182:
 1573               	.LM235:
 1574 0612 81E3      		ldi r24,lo8(49)
 1575               	.LVL129:
 1576               	/* #APP */
 1577               	 ;  83 "c:/winavr-20100110/lib/gcc/../../avr/include/util/delay_basic.h" 1
 1578 0614 8A95      		1: dec r24
 1579 0616 01F4      		brne 1b
 1580               	 ;  0 "" 2
 1581               	/* #NOAPP */
 1582               	.LBE182:
 1583               	.LBE181:
 1584               	.LBE180:
 1585               	.LBE179:
 1586               	.LM236:
 1587 0618 88E0      		ldi r24,lo8(8)
 1588               	.LVL130:
 1589 061a 67E4      		ldi r22,lo8(71)
 1590 061c 70E0      		ldi r23,hi8(71)
 1591 061e 00D0      		rcall A7139_WritePageA
 1592               	.LM237:
 1593 0620 81E0      		ldi r24,lo8(1)
 1594 0622 60E6      		ldi r22,lo8(-26528)
 1595 0624 78E9      		ldi r23,hi8(-26528)
 1596 0626 00D0      		rcall A7139_WritePageA
 1597               	.LM238:
 1598 0628 00D0      		rcall A7139_RCOSC_Cal
 1599 062a 8430      		cpi r24,lo8(4)
 1600 062c 01F0      		breq .L123
 1601               	.LM239:
 1602 062e 82E0      		ldi r24,lo8(2)
 1603 0630 60E3      		ldi r22,lo8(-2000)
 1604 0632 78EF      		ldi r23,hi8(-2000)
 1605 0634 00D0      		rcall A7139_WritePageA
 1606               	.LM240:
 1607 0636 8FE0      		ldi r24,lo8(15)
 1608 0638 60EC      		ldi r22,lo8(8896)
 1609 063a 72E2      		ldi r23,hi8(8896)
 1610 063c 00D0      		rcall A7139_WriteReg
 1611 063e 80E0      		ldi r24,lo8(0)
 1612               	.L123:
 1613               	.LM241:
 1614 0640 0895      		ret
 1615               	.LFE34:
 1617               	.global	A7139_SetPowerLevel
 1619               	A7139_SetPowerLevel:
 1620               	.LFB35:
 1621               	.LM242:
 1622               	.LVL131:
 1623 0642 1F93      		push r17
 1624               	/* prologue: function */
 1625               	/* frame size = 0 */
 1626 0644 182F      		mov r17,r24
 1627               	.LM243:
 1628 0646 84E1      		ldi r24,lo8(20)
 1629               	.LVL132:
 1630 0648 00D0      		rcall StrobeCmd
 1631               	.LBB183:
 1632               	.LBB184:
 1633               	.LBB185:
 1634               	.LBB186:
 1635               	.LM244:
 1636 064a 81E3      		ldi r24,lo8(49)
 1637               	.LVL133:
 1638               	/* #APP */
 1639               	 ;  83 "c:/winavr-20100110/lib/gcc/../../avr/include/util/delay_basic.h" 1
 1640 064c 8A95      		1: dec r24
 1641 064e 01F4      		brne 1b
 1642               	 ;  0 "" 2
 1643               	/* #NOAPP */
 1644               	.LBE186:
 1645               	.LBE185:
 1646               	.LBE184:
 1647               	.LBE183:
 1648               	.LM245:
 1649 0650 E12F      		mov r30,r17
 1650 0652 F0E0      		ldi r31,lo8(0)
 1651               	.LVL134:
 1652 0654 E930      		cpi r30,9
 1653 0656 F105      		cpc r31,__zero_reg__
 1654 0658 00F4      		brsh .L126
 1655               	.LVL135:
 1656 065a E050      		subi r30,lo8(-(gs(.L136)))
 1657 065c F040      		sbci r31,hi8(-(gs(.L136)))
 1658               	.LVL136:
 1659 065e 0994      		ijmp
 1660               	.LVL137:
 1661               		.data
 1662               		.section .progmem.gcc_sw_table, "ax", @progbits
 1663               		.p2align 1
 1664               	.L136:
 1665               		.data
 1666               		.section .progmem.gcc_sw_table, "ax", @progbits
 1667               		.p2align 1
 1668 0000 00C0      		rjmp .L127
 1669 0002 00C0      		rjmp .L128
 1670 0004 00C0      		rjmp .L129
 1671 0006 00C0      		rjmp .L130
 1672 0008 00C0      		rjmp .L131
 1673 000a 00C0      		rjmp .L132
 1674 000c 00C0      		rjmp .L133
 1675 000e 00C0      		rjmp .L134
 1676 0010 00C0      		rjmp .L135
 1677               		.text
 1678               	.LVL138:
 1679               	.L126:
 1680 0660 81E0      		ldi r24,lo8(1)
 1681               	.LVL139:
 1682 0662 00C0      		rjmp .L137
 1683               	.LVL140:
 1684               	.L127:
 1685               	.LM246:
 1686 0664 80E0      		ldi r24,lo8(0)
 1687               	.LVL141:
 1688 0666 61E0      		ldi r22,lo8(769)
 1689 0668 73E0      		ldi r23,hi8(769)
 1690 066a 00C0      		rjmp .L139
 1691               	.LVL142:
 1692               	.L128:
 1693               	.LM247:
 1694 066c 80E0      		ldi r24,lo8(0)
 1695               	.LVL143:
 1696 066e 69E0      		ldi r22,lo8(777)
 1697 0670 73E0      		ldi r23,hi8(777)
 1698 0672 00C0      		rjmp .L139
 1699               	.LVL144:
 1700               	.L129:
 1701               	.LM248:
 1702 0674 80E0      		ldi r24,lo8(0)
 1703               	.LVL145:
 1704 0676 6AE0      		ldi r22,lo8(778)
 1705 0678 73E0      		ldi r23,hi8(778)
 1706 067a 00C0      		rjmp .L139
 1707               	.LVL146:
 1708               	.L130:
 1709               	.LM249:
 1710 067c 80E0      		ldi r24,lo8(0)
 1711               	.LVL147:
 1712 067e 61E6      		ldi r22,lo8(865)
 1713 0680 73E0      		ldi r23,hi8(865)
 1714 0682 00C0      		rjmp .L139
 1715               	.LVL148:
 1716               	.L131:
 1717               	.LM250:
 1718 0684 80E0      		ldi r24,lo8(0)
 1719               	.LVL149:
 1720 0686 6AE2      		ldi r22,lo8(810)
 1721 0688 73E0      		ldi r23,hi8(810)
 1722 068a 00C0      		rjmp .L139
 1723               	.LVL150:
 1724               	.L132:
 1725               	.LM251:
 1726 068c 80E0      		ldi r24,lo8(0)
 1727               	.LVL151:
 1728 068e 6CE1      		ldi r22,lo8(796)
 1729 0690 73E0      		ldi r23,hi8(796)
 1730 0692 00C0      		rjmp .L139
 1731               	.LVL152:
 1732               	.L133:
 1733               	.LM252:
 1734 0694 80E0      		ldi r24,lo8(0)
 1735               	.LVL153:
 1736 0696 66E2      		ldi r22,lo8(806)
 1737 0698 73E0      		ldi r23,hi8(806)
 1738 069a 00C0      		rjmp .L139
 1739               	.LVL154:
 1740               	.L134:
 1741               	.LM253:
 1742 069c 80E0      		ldi r24,lo8(0)
 1743               	.LVL155:
 1744 069e 6EE3      		ldi r22,lo8(830)
 1745 06a0 73E0      		ldi r23,hi8(830)
 1746 06a2 00C0      		rjmp .L139
 1747               	.LVL156:
 1748               	.L135:
 1749               	.LM254:
 1750 06a4 80E0      		ldi r24,lo8(0)
 1751               	.LVL157:
 1752 06a6 6FE5      		ldi r22,lo8(863)
 1753 06a8 73E0      		ldi r23,hi8(863)
 1754               	.L139:
 1755 06aa 00D0      		rcall A7139_WritePageB
 1756               	.LVL158:
 1757 06ac 80E0      		ldi r24,lo8(0)
 1758               	.LVL159:
 1759               	.L137:
 1760               	/* epilogue start */
 1761               	.LM255:
 1762 06ae 1F91      		pop r17
 1763 06b0 0895      		ret
 1764               	.LFE35:
 1766               	.global	A7139Config
 1767               		.data
 1770               	A7139Config:
 1771 0000 2112      		.word	4641
 1772 0002 240A      		.word	2596
 1773 0004 05B8      		.word	-18427
 1774 0006 0000      		.word	0
 1775 0008 200A      		.word	2592
 1776 000a 2400      		.word	36
 1777 000c 0000      		.word	0
 1778 000e 1100      		.word	17
 1779 0010 0000      		.word	0
 1780 0012 0000      		.word	0
 1781 0014 D418      		.word	6356
 1782 0016 0970      		.word	28681
 1783 0018 0044      		.word	17408
 1784 001a 0008      		.word	2048
 1785 001c 454C      		.word	19525
 1786 001e C020      		.word	8384
 1787               	.global	A7139Config_PageA
 1790               	A7139Config_PageA:
 1791 0020 06F7      		.word	-2298
 1792 0022 0000      		.word	0
 1793 0024 00F8      		.word	-2048
 1794 0026 0711      		.word	4359
 1795 0028 7099      		.word	-26256
 1796 002a 0102      		.word	513
 1797 002c 0F40      		.word	16399
 1798 002e C02A      		.word	10944
 1799 0030 4700      		.word	71
 1800 0032 81D2      		.word	-11647
 1801 0034 0400      		.word	4
 1802 0036 2508      		.word	2085
 1803 0038 2701      		.word	295
 1804 003a 0F00      		.word	15
 1805 003c 5F15      		.word	5471
 1806 003e 0000      		.word	0
 1807               	.global	A7139Config_PageB
 1810               	A7139Config_PageB:
 1811 0040 5F03      		.word	863
 1812 0042 0084      		.word	-31744
 1813 0044 0000      		.word	0
 1814 0046 0000      		.word	0
 1815 0048 0000      		.word	0
 2032               	.Letext0:
DEFINED SYMBOLS
                            *ABS*:00000000 A7139.c
C:\Users\ADMINI~1\AppData\Local\Temp/ccsM2V70.s:2      *ABS*:0000003f __SREG__
C:\Users\ADMINI~1\AppData\Local\Temp/ccsM2V70.s:3      *ABS*:0000003e __SP_H__
C:\Users\ADMINI~1\AppData\Local\Temp/ccsM2V70.s:4      *ABS*:0000003d __SP_L__
C:\Users\ADMINI~1\AppData\Local\Temp/ccsM2V70.s:5      *ABS*:00000034 __CCP__
C:\Users\ADMINI~1\AppData\Local\Temp/ccsM2V70.s:6      *ABS*:00000000 __tmp_reg__
C:\Users\ADMINI~1\AppData\Local\Temp/ccsM2V70.s:7      *ABS*:00000001 __zero_reg__
C:\Users\ADMINI~1\AppData\Local\Temp/ccsM2V70.s:18     .text:00000000 SPIx_WriteByte
C:\Users\ADMINI~1\AppData\Local\Temp/ccsM2V70.s:73     .text:00000028 SPIx_ReadByte
C:\Users\ADMINI~1\AppData\Local\Temp/ccsM2V70.s:125    .text:0000004e SPIx_WriteWord
C:\Users\ADMINI~1\AppData\Local\Temp/ccsM2V70.s:175    .text:00000076 SPIx_ReadWord
C:\Users\ADMINI~1\AppData\Local\Temp/ccsM2V70.s:230    .text:000000a4 A7139_WriteReg
C:\Users\ADMINI~1\AppData\Local\Temp/ccsM2V70.s:258    .text:000000ba A7139_ReadReg
C:\Users\ADMINI~1\AppData\Local\Temp/ccsM2V70.s:286    .text:000000c8 A7139_WritePageA
C:\Users\ADMINI~1\AppData\Local\Temp/ccsM2V70.s:319    .text:000000e8 A7139_WritePageB
C:\Users\ADMINI~1\AppData\Local\Temp/ccsM2V70.s:358    .text:0000010e A7139_ReadPageA
C:\Users\ADMINI~1\AppData\Local\Temp/ccsM2V70.s:383    .text:00000122 A7139_RCOSC_Cal
C:\Users\ADMINI~1\AppData\Local\Temp/ccsM2V70.s:454    .text:00000178 StrobeCmd
C:\Users\ADMINI~1\AppData\Local\Temp/ccsM2V70.s:474    .text:00000180 A7139_SetCID
C:\Users\ADMINI~1\AppData\Local\Temp/ccsM2V70.s:527    .text:000001c0 A7139_Init
C:\Users\ADMINI~1\AppData\Local\Temp/ccsM2V70.s:1770   .data:00000000 A7139Config
C:\Users\ADMINI~1\AppData\Local\Temp/ccsM2V70.s:1790   .data:00000020 A7139Config_PageA
C:\Users\ADMINI~1\AppData\Local\Temp/ccsM2V70.s:1810   .data:00000040 A7139Config_PageB
C:\Users\ADMINI~1\AppData\Local\Temp/ccsM2V70.s:967    .text:000003aa A7139_ReadCID
C:\Users\ADMINI~1\AppData\Local\Temp/ccsM2V70.s:1021   .text:000003e6 A7139_ReadPID
C:\Users\ADMINI~1\AppData\Local\Temp/ccsM2V70.s:1041   .text:000003f4 A7139_SetDataRate
C:\Users\ADMINI~1\AppData\Local\Temp/ccsM2V70.s:1155   .text:00000474 A7139_WriteFIFO
C:\Users\ADMINI~1\AppData\Local\Temp/ccsM2V70.s:1213   .text:000004b2 A7139_ReadFIFO
C:\Users\ADMINI~1\AppData\Local\Temp/ccsM2V70.s:1307   .text:0000050a A7139_SetPackLen
C:\Users\ADMINI~1\AppData\Local\Temp/ccsM2V70.s:1346   .text:00000530 A7139_IsBatteryLow
C:\Users\ADMINI~1\AppData\Local\Temp/ccsM2V70.s:1413   .text:00000562 A7139_GetRSSI
C:\Users\ADMINI~1\AppData\Local\Temp/ccsM2V70.s:1481   .text:000005b2 A7139_WOT
C:\Users\ADMINI~1\AppData\Local\Temp/ccsM2V70.s:1521   .text:000005e0 A7139_WOR_BySync
C:\Users\ADMINI~1\AppData\Local\Temp/ccsM2V70.s:1561   .text:0000060e A7139_WOR_ByPreamble
C:\Users\ADMINI~1\AppData\Local\Temp/ccsM2V70.s:1619   .text:00000642 A7139_SetPowerLevel

UNDEFINED SYMBOLS
__divsf3
__fixunssfsi
__ltsf2
__floatsisf
__subsf3
__mulsf3
__do_copy_data
