   1               		.file	"A7139.c"
   2               	__SREG__ = 0x3f
   3               	__SP_H__ = 0x3e
   4               	__SP_L__ = 0x3d
   5               	__CCP__  = 0x34
   6               	__tmp_reg__ = 0
   7               	__zero_reg__ = 1
  15               	.Ltext0:
  16               	.global	SPIx_WriteByte
  18               	SPIx_WriteByte:
  19               	.LFB8:
  20               	.LM1:
  21               	.LVL0:
  22               	/* prologue: function */
  23               	/* frame size = 0 */
  24               	.LM2:
  25 0000 209A      		sbi 36-32,0
  26 0002 90E0      		ldi r25,lo8(0)
  27               	.LVL1:
  28               	.L5:
  29               	.LM3:
  30 0004 87FF      		sbrs r24,7
  31 0006 00C0      		rjmp .L2
  32               	.LM4:
  33 0008 289A      		sbi 37-32,0
  34 000a 00C0      		rjmp .L3
  35               	.L2:
  36               	.LM5:
  37 000c 2898      		cbi 37-32,0
  38               	.L3:
  39               	.LM6:
  40               	/* #APP */
  41               	 ;  27 "A7139.c" 1
  42 000e 0000      		nop
  43               	 ;  0 "" 2
  44               	.LM7:
  45               	/* #NOAPP */
  46 0010 299A      		sbi 37-32,1
  47               	.LM8:
  48               	/* #APP */
  49               	 ;  29 "A7139.c" 1
  50 0012 0000      		nop
  51               	 ;  0 "" 2
  52               	.LM9:
  53               	/* #NOAPP */
  54 0014 2998      		cbi 37-32,1
  55               	.LM10:
  56 0016 9F5F      		subi r25,lo8(-(1))
  57 0018 9830      		cpi r25,lo8(8)
  58 001a 01F0      		breq .L6
  59               	.LM11:
  60 001c 880F      		lsl r24
  61               	.LVL2:
  62 001e 00C0      		rjmp .L5
  63               	.L6:
  64 0020 0895      		ret
  65               	.LFE8:
  67               	.global	SPIx_ReadByte
  69               	SPIx_ReadByte:
  70               	.LFB9:
  71               	.LM12:
  72               	/* prologue: function */
  73               	/* frame size = 0 */
  74               	.LM13:
  75 0022 2098      		cbi 36-32,0
  76 0024 90E0      		ldi r25,lo8(0)
  77               	.LVL3:
  78 0026 80E0      		ldi r24,lo8(0)
  79               	.LVL4:
  80               	.L10:
  81               	.LM14:
  82 0028 189B      		sbis 35-32,0
  83 002a 00C0      		rjmp .L8
  84               	.LM15:
  85 002c 880F      		lsl r24
  86 002e 8160      		ori r24,lo8(1)
  87 0030 00C0      		rjmp .L9
  88               	.L8:
  89               	.LM16:
  90 0032 880F      		lsl r24
  91               	.L9:
  92               	.LM17:
  93               	/* #APP */
  94               	 ;  45 "A7139.c" 1
  95 0034 0000      		nop
  96               	 ;  0 "" 2
  97               	.LM18:
  98               	/* #NOAPP */
  99 0036 299A      		sbi 37-32,1
 100               	.LM19:
 101               	/* #APP */
 102               	 ;  47 "A7139.c" 1
 103 0038 0000      		nop
 104               	 ;  0 "" 2
 105               	.LM20:
 106               	/* #NOAPP */
 107 003a 2998      		cbi 37-32,1
 108               	.LM21:
 109 003c 9F5F      		subi r25,lo8(-(1))
 110 003e 9830      		cpi r25,lo8(8)
 111 0040 01F4      		brne .L10
 112               	/* epilogue start */
 113               	.LM22:
 114 0042 0895      		ret
 115               	.LFE9:
 117               	.global	SPIx_WriteWord
 119               	SPIx_WriteWord:
 120               	.LFB10:
 121               	.LM23:
 122               	.LVL5:
 123               	/* prologue: function */
 124               	/* frame size = 0 */
 125               	.LM24:
 126 0044 209A      		sbi 36-32,0
 127 0046 20E0      		ldi r18,lo8(0)
 128               	.LVL6:
 129               	.L17:
 130               	.LM25:
 131 0048 97FF      		sbrs r25,7
 132 004a 00C0      		rjmp .L14
 133               	.LM26:
 134 004c 289A      		sbi 37-32,0
 135 004e 00C0      		rjmp .L15
 136               	.L14:
 137               	.LM27:
 138 0050 2898      		cbi 37-32,0
 139               	.L15:
 140               	.LM28:
 141 0052 299A      		sbi 37-32,1
 142               	.LM29:
 143               	/* #APP */
 144               	 ;  64 "A7139.c" 1
 145 0054 0000      		nop
 146               	 ;  0 "" 2
 147               	.LM30:
 148               	/* #NOAPP */
 149 0056 2998      		cbi 37-32,1
 150               	.LM31:
 151 0058 2F5F      		subi r18,lo8(-(1))
 152 005a 2031      		cpi r18,lo8(16)
 153 005c 01F0      		breq .L18
 154               	.LM32:
 155 005e 880F      		lsl r24
 156 0060 991F      		rol r25
 157               	.LVL7:
 158 0062 00C0      		rjmp .L17
 159               	.L18:
 160 0064 0895      		ret
 161               	.LFE10:
 163               	.global	SPIx_ReadWord
 165               	SPIx_ReadWord:
 166               	.LFB11:
 167               	.LM33:
 168               	/* prologue: function */
 169               	/* frame size = 0 */
 170               	.LM34:
 171 0066 2098      		cbi 36-32,0
 172 0068 20E0      		ldi r18,lo8(0)
 173 006a 30E0      		ldi r19,hi8(0)
 174               	.LVL8:
 175 006c 40E0      		ldi r20,lo8(0)
 176               	.LVL9:
 177               	.L22:
 178 006e C901      		movw r24,r18
 179 0070 880F      		lsl r24
 180 0072 991F      		rol r25
 181               	.LVL10:
 182               	.LM35:
 183 0074 189B      		sbis 35-32,0
 184 0076 00C0      		rjmp .L20
 185               	.LM36:
 186 0078 9C01      		movw r18,r24
 187 007a 2160      		ori r18,lo8(1)
 188               	.LVL11:
 189 007c 00C0      		rjmp .L21
 190               	.LVL12:
 191               	.L20:
 192               	.LM37:
 193 007e 9C01      		movw r18,r24
 194               	.LVL13:
 195               	.L21:
 196               	.LM38:
 197 0080 299A      		sbi 37-32,1
 198               	.LM39:
 199               	/* #APP */
 200               	 ;  82 "A7139.c" 1
 201 0082 0000      		nop
 202               	 ;  0 "" 2
 203               	.LM40:
 204               	/* #NOAPP */
 205 0084 2998      		cbi 37-32,1
 206               	.LM41:
 207 0086 4F5F      		subi r20,lo8(-(1))
 208 0088 4031      		cpi r20,lo8(16)
 209 008a 01F4      		brne .L22
 210               	.LM42:
 211 008c C901      		movw r24,r18
 212               	.LVL14:
 213               	/* epilogue start */
 214 008e 0895      		ret
 215               	.LFE11:
 218               	A7139_WriteReg:
 219               	.LFB12:
 220               	.LM43:
 221               	.LVL15:
 222 0090 0F93      		push r16
 223 0092 1F93      		push r17
 224               	/* prologue: function */
 225               	/* frame size = 0 */
 226 0094 8B01      		movw r16,r22
 227               	.LM44:
 228 0096 2A98      		cbi 37-32,2
 229               	.LM45:
 230 0098 00D0      		rcall SPIx_WriteByte
 231               	.LVL16:
 232               	.LM46:
 233 009a C801      		movw r24,r16
 234 009c 00D0      		rcall SPIx_WriteWord
 235               	.LM47:
 236 009e 2A9A      		sbi 37-32,2
 237               	/* epilogue start */
 238               	.LM48:
 239 00a0 1F91      		pop r17
 240 00a2 0F91      		pop r16
 241               	.LVL17:
 242 00a4 0895      		ret
 243               	.LFE12:
 246               	A7139_ReadReg:
 247               	.LFB13:
 248               	.LM49:
 249               	.LVL18:
 250               	/* prologue: function */
 251               	/* frame size = 0 */
 252               	.LM50:
 253 00a6 2A98      		cbi 37-32,2
 254               	.LM51:
 255 00a8 8068      		ori r24,lo8(-128)
 256               	.LVL19:
 257 00aa 00D0      		rcall SPIx_WriteByte
 258               	.LM52:
 259               	/* #APP */
 260               	 ;  104 "A7139.c" 1
 261 00ac 0000      		nop
 262               	 ;  0 "" 2
 263               	.LM53:
 264               	/* #NOAPP */
 265 00ae 00D0      		rcall SPIx_ReadWord
 266               	.LM54:
 267 00b0 2A9A      		sbi 37-32,2
 268               	/* epilogue start */
 269               	.LM55:
 270 00b2 0895      		ret
 271               	.LFE13:
 274               	A7139_WritePageA:
 275               	.LFB14:
 276               	.LM56:
 277               	.LVL20:
 278 00b4 0F93      		push r16
 279 00b6 1F93      		push r17
 280               	/* prologue: function */
 281               	/* frame size = 0 */
 282 00b8 8B01      		movw r16,r22
 283               	.LM57:
 284 00ba 782F      		mov r23,r24
 285 00bc 7295      		swap r23
 286 00be 707F      		andi r23,lo8(-16)
 287 00c0 60E0      		ldi r22,lo8(0)
 288               	.LVL21:
 289               	.LM58:
 290 00c2 6161      		ori r22,lo8(17)
 291 00c4 87E0      		ldi r24,lo8(7)
 292               	.LVL22:
 293 00c6 00D0      		rcall A7139_WriteReg
 294               	.LM59:
 295 00c8 88E0      		ldi r24,lo8(8)
 296 00ca B801      		movw r22,r16
 297 00cc 00D0      		rcall A7139_WriteReg
 298               	/* epilogue start */
 299               	.LM60:
 300 00ce 1F91      		pop r17
 301 00d0 0F91      		pop r16
 302               	.LVL23:
 303 00d2 0895      		ret
 304               	.LFE14:
 307               	A7139_WritePageB:
 308               	.LFB15:
 309               	.LM61:
 310               	.LVL24:
 311 00d4 0F93      		push r16
 312 00d6 1F93      		push r17
 313               	/* prologue: function */
 314               	/* frame size = 0 */
 315 00d8 8B01      		movw r16,r22
 316               	.LM62:
 317 00da 682F      		mov r22,r24
 318               	.LVL25:
 319 00dc 70E0      		ldi r23,lo8(0)
 320               	.LVL26:
 321 00de 7695      		lsr r23
 322 00e0 762F      		mov r23,r22
 323 00e2 6627      		clr r22
 324 00e4 7795      		ror r23
 325 00e6 6795      		ror r22
 326               	.LVL27:
 327               	.LM63:
 328 00e8 6161      		ori r22,lo8(17)
 329               	.LVL28:
 330 00ea 87E0      		ldi r24,lo8(7)
 331 00ec 00D0      		rcall A7139_WriteReg
 332               	.LVL29:
 333               	.LM64:
 334 00ee 89E0      		ldi r24,lo8(9)
 335 00f0 B801      		movw r22,r16
 336 00f2 00D0      		rcall A7139_WriteReg
 337               	/* epilogue start */
 338               	.LM65:
 339 00f4 1F91      		pop r17
 340 00f6 0F91      		pop r16
 341               	.LVL30:
 342 00f8 0895      		ret
 343               	.LFE15:
 346               	A7139_ReadPageA:
 347               	.LFB16:
 348               	.LM66:
 349               	.LVL31:
 350               	/* prologue: function */
 351               	/* frame size = 0 */
 352               	.LM67:
 353 00fa 782F      		mov r23,r24
 354 00fc 7295      		swap r23
 355 00fe 707F      		andi r23,lo8(-16)
 356 0100 60E0      		ldi r22,lo8(0)
 357               	.LM68:
 358 0102 6161      		ori r22,lo8(17)
 359 0104 87E0      		ldi r24,lo8(7)
 360               	.LVL32:
 361 0106 00D0      		rcall A7139_WriteReg
 362               	.LM69:
 363 0108 88E0      		ldi r24,lo8(8)
 364 010a 00D0      		rcall A7139_ReadReg
 365               	/* epilogue start */
 366               	.LM70:
 367 010c 0895      		ret
 368               	.LFE16:
 371               	A7139_RCOSC_Cal:
 372               	.LFB20:
 373               	.LM71:
 374 010e 1F93      		push r17
 375 0110 CF93      		push r28
 376 0112 DF93      		push r29
 377               	/* prologue: function */
 378               	/* frame size = 0 */
 379               	.LM72:
 380 0114 82E0      		ldi r24,lo8(2)
 381 0116 60E1      		ldi r22,lo8(-2032)
 382 0118 78EF      		ldi r23,hi8(-2032)
 383 011a 00D0      		rcall A7139_WritePageA
 384 011c CFEF      		ldi r28,lo8(-1)
 385 011e DFEF      		ldi r29,hi8(-1)
 386               	.LVL33:
 387 0120 1FEF      		ldi r17,lo8(-1)
 388               	.LVL34:
 389               	.L41:
 390               	.LM73:
 391 0122 8FE0      		ldi r24,lo8(15)
 392 0124 61E0      		ldi r22,lo8(1)
 393 0126 70E0      		ldi r23,hi8(1)
 394 0128 00D0      		rcall A7139_WritePageA
 395               	.L37:
 396               	.LM74:
 397 012a 8FE0      		ldi r24,lo8(15)
 398 012c 00D0      		rcall A7139_ReadPageA
 399               	.LM75:
 400 012e 80FF      		sbrs r24,0
 401 0130 00C0      		rjmp .L36
 402 0132 2197      		sbiw r28,1
 403 0134 8FEF      		ldi r24,hi8(-1)
 404 0136 CF3F      		cpi r28,lo8(-1)
 405 0138 D807      		cpc r29,r24
 406 013a 01F4      		brne .L37
 407               	.L36:
 408               	.LM76:
 409 013c 8FE0      		ldi r24,lo8(15)
 410 013e 00D0      		rcall A7139_ReadPageA
 411               	.LM77:
 412 0140 9370      		andi r25,hi8(1023)
 413 0142 9695      		lsr r25
 414 0144 8795      		ror r24
 415 0146 8B5B      		subi r24,lo8(-(-187))
 416 0148 9040      		sbci r25,hi8(-(-187))
 417 014a 0B97      		sbiw r24,11
 418 014c 00F0      		brlo .L38
 419               	.LM78:
 420 014e 1123      		tst r17
 421 0150 01F4      		brne .L39
 422 0152 84E0      		ldi r24,lo8(4)
 423 0154 00C0      		rjmp .L40
 424               	.L39:
 425 0156 1150      		subi r17,lo8(-(-1))
 426 0158 00C0      		rjmp .L41
 427               	.L38:
 428 015a 85E0      		ldi r24,lo8(5)
 429               	.L40:
 430               	/* epilogue start */
 431               	.LM79:
 432 015c DF91      		pop r29
 433 015e CF91      		pop r28
 434               	.LVL35:
 435 0160 1F91      		pop r17
 436               	.LVL36:
 437 0162 0895      		ret
 438               	.LFE20:
 440               	.global	StrobeCmd
 442               	StrobeCmd:
 443               	.LFB21:
 444               	.LM80:
 445               	.LVL37:
 446               	/* prologue: function */
 447               	/* frame size = 0 */
 448               	.LM81:
 449 0164 2A98      		cbi 37-32,2
 450               	.LM82:
 451 0166 00D0      		rcall SPIx_WriteByte
 452               	.LVL38:
 453               	.LM83:
 454 0168 2A9A      		sbi 37-32,2
 455               	/* epilogue start */
 456               	.LM84:
 457 016a 0895      		ret
 458               	.LFE21:
 460               	.global	A7139_SetCID
 462               	A7139_SetCID:
 463               	.LFB23:
 464               	.LM85:
 465               	.LVL39:
 466 016c EF92      		push r14
 467 016e FF92      		push r15
 468 0170 0F93      		push r16
 469 0172 1F93      		push r17
 470               	/* prologue: function */
 471               	/* frame size = 0 */
 472 0174 7B01      		movw r14,r22
 473 0176 8C01      		movw r16,r24
 474               	.LM86:
 475 0178 2A98      		cbi 37-32,2
 476               	.LM87:
 477 017a 80E2      		ldi r24,lo8(32)
 478 017c 00D0      		rcall SPIx_WriteByte
 479               	.LVL40:
 480               	.LM88:
 481 017e 812F      		mov r24,r17
 482 0180 9927      		clr r25
 483 0182 AA27      		clr r26
 484 0184 BB27      		clr r27
 485 0186 00D0      		rcall SPIx_WriteByte
 486               	.LM89:
 487 0188 C801      		movw r24,r16
 488 018a AA27      		clr r26
 489 018c BB27      		clr r27
 490 018e 00D0      		rcall SPIx_WriteByte
 491               	.LM90:
 492 0190 BB27      		clr r27
 493 0192 A12F      		mov r26,r17
 494 0194 902F      		mov r25,r16
 495 0196 8F2D      		mov r24,r15
 496 0198 00D0      		rcall SPIx_WriteByte
 497               	.LM91:
 498 019a 8E2D      		mov r24,r14
 499 019c 00D0      		rcall SPIx_WriteByte
 500               	.LM92:
 501 019e 2A9A      		sbi 37-32,2
 502               	.LM93:
 503 01a0 80E0      		ldi r24,lo8(0)
 504               	/* epilogue start */
 505 01a2 1F91      		pop r17
 506 01a4 0F91      		pop r16
 507 01a6 FF90      		pop r15
 508 01a8 EF90      		pop r14
 509               	.LVL41:
 510 01aa 0895      		ret
 511               	.LFE23:
 513               	.global	A7139_Init
 515               	A7139_Init:
 516               	.LFB22:
 517               	.LM94:
 518               	.LVL42:
 519 01ac 6F92      		push r6
 520 01ae 7F92      		push r7
 521 01b0 8F92      		push r8
 522 01b2 9F92      		push r9
 523 01b4 AF92      		push r10
 524 01b6 BF92      		push r11
 525 01b8 CF92      		push r12
 526 01ba DF92      		push r13
 527 01bc EF92      		push r14
 528 01be FF92      		push r15
 529 01c0 0F93      		push r16
 530 01c2 1F93      		push r17
 531 01c4 CF93      		push r28
 532 01c6 DF93      		push r29
 533               	/* prologue: function */
 534               	/* frame size = 0 */
 535 01c8 3B01      		movw r6,r22
 536 01ca 4C01      		movw r8,r24
 537               	.LM95:
 538 01cc 2A9A      		sbi 37-32,2
 539               	.LM96:
 540 01ce 2998      		cbi 37-32,1
 541               	.LM97:
 542 01d0 289A      		sbi 37-32,0
 543               	.LM98:
 544 01d2 80E7      		ldi r24,lo8(112)
 545 01d4 00D0      		rcall StrobeCmd
 546               	.LVL43:
 547               	.LBB132:
 548               	.LBB133:
 549               	.LBB134:
 550               	.LBB135:
 551               	.LM99:
 552 01d6 80E2      		ldi r24,lo8(20000)
 553 01d8 9EE4      		ldi r25,hi8(20000)
 554               	.LVL44:
 555               	/* #APP */
 556               	 ;  105 "c:/winavr-20100110/lib/gcc/../../avr/include/util/delay_basic.h" 1
 557 01da 0197      		1: sbiw r24,1
 558 01dc 01F4      		brne 1b
 559               	 ;  0 "" 2
 560               	/* #NOAPP */
 561 01de C0E0      		ldi r28,lo8(A7139Config)
 562 01e0 D0E0      		ldi r29,hi8(A7139Config)
 563 01e2 00E0      		ldi r16,lo8(0)
 564               	.LVL45:
 565               	.L49:
 566               	.LBE135:
 567               	.LBE134:
 568               	.LBE133:
 569               	.LBE132:
 570               	.LBB136:
 571               	.LBB137:
 572               	.LM100:
 573 01e4 6991      		ld r22,Y+
 574 01e6 7991      		ld r23,Y+
 575 01e8 802F      		mov r24,r16
 576               	.LVL46:
 577 01ea 00D0      		rcall A7139_WriteReg
 578               	.LM101:
 579 01ec 0F5F      		subi r16,lo8(-(1))
 580 01ee 0830      		cpi r16,lo8(8)
 581 01f0 01F4      		brne .L49
 582 01f2 C0E0      		ldi r28,lo8(A7139Config+20)
 583 01f4 D0E0      		ldi r29,hi8(A7139Config+20)
 584 01f6 0AE0      		ldi r16,lo8(10)
 585               	.LVL47:
 586               	.L50:
 587               	.LM102:
 588 01f8 6991      		ld r22,Y+
 589 01fa 7991      		ld r23,Y+
 590 01fc 802F      		mov r24,r16
 591 01fe 00D0      		rcall A7139_WriteReg
 592               	.LM103:
 593 0200 0F5F      		subi r16,lo8(-(1))
 594 0202 0031      		cpi r16,lo8(16)
 595 0204 01F4      		brne .L50
 596 0206 C0E0      		ldi r28,lo8(A7139Config_PageA)
 597 0208 D0E0      		ldi r29,hi8(A7139Config_PageA)
 598 020a 00E0      		ldi r16,lo8(0)
 599               	.LVL48:
 600               	.L51:
 601               	.LM104:
 602 020c 6991      		ld r22,Y+
 603 020e 7991      		ld r23,Y+
 604 0210 802F      		mov r24,r16
 605 0212 00D0      		rcall A7139_WritePageA
 606               	.LM105:
 607 0214 0F5F      		subi r16,lo8(-(1))
 608 0216 0031      		cpi r16,lo8(16)
 609 0218 01F4      		brne .L51
 610 021a C0E0      		ldi r28,lo8(A7139Config_PageB)
 611 021c D0E0      		ldi r29,hi8(A7139Config_PageB)
 612 021e 00E0      		ldi r16,lo8(0)
 613               	.LVL49:
 614               	.L52:
 615               	.LM106:
 616 0220 6991      		ld r22,Y+
 617 0222 7991      		ld r23,Y+
 618 0224 802F      		mov r24,r16
 619 0226 00D0      		rcall A7139_WritePageB
 620               	.LM107:
 621 0228 0F5F      		subi r16,lo8(-(1))
 622 022a 0530      		cpi r16,lo8(5)
 623 022c 01F4      		brne .L52
 624               	.LBE137:
 625               	.LBE136:
 626               	.LBB138:
 627               	.LBB139:
 628               	.LBB140:
 629               	.LBB141:
 630               	.LM108:
 631 022e 80E2      		ldi r24,lo8(20000)
 632 0230 9EE4      		ldi r25,hi8(20000)
 633               	.LVL50:
 634               	/* #APP */
 635               	 ;  105 "c:/winavr-20100110/lib/gcc/../../avr/include/util/delay_basic.h" 1
 636 0232 0197      		1: sbiw r24,1
 637 0234 01F4      		brne 1b
 638               	 ;  0 "" 2
 639               	/* #NOAPP */
 640               	.LBE141:
 641               	.LBE140:
 642               	.LBE139:
 643               	.LBE138:
 644               	.LM109:
 645 0236 68EA      		ldi r22,lo8(175192488)
 646 0238 79E3      		ldi r23,hi8(175192488)
 647 023a 81E7      		ldi r24,hlo8(175192488)
 648 023c 9AE0      		ldi r25,hhi8(175192488)
 649 023e 00D0      		rcall A7139_SetCID
 650               	.LVL51:
 651               	.LBB142:
 652               	.LBB143:
 653               	.LBB144:
 654               	.LBB145:
 655               	.LM110:
 656 0240 80ED      		ldi r24,lo8(2000)
 657 0242 97E0      		ldi r25,hi8(2000)
 658               	.LVL52:
 659               	/* #APP */
 660               	 ;  105 "c:/winavr-20100110/lib/gcc/../../avr/include/util/delay_basic.h" 1
 661 0244 0197      		1: sbiw r24,1
 662 0246 01F4      		brne 1b
 663               	 ;  0 "" 2
 664               	/* #NOAPP */
 665               	.LBE145:
 666               	.LBE144:
 667               	.LBE143:
 668               	.LBE142:
 669               	.LBB146:
 670               	.LBB147:
 671               	.LM111:
 672 0248 C401      		movw r24,r8
 673 024a B301      		movw r22,r6
 674 024c 2DEC      		ldi r18,lo8(0x414ccccd)
 675 024e 3CEC      		ldi r19,hi8(0x414ccccd)
 676 0250 4CE4      		ldi r20,hlo8(0x414ccccd)
 677 0252 51E4      		ldi r21,hhi8(0x414ccccd)
 678 0254 00D0      		rcall __divsf3
 679               	.LVL53:
 680 0256 5B01      		movw r10,r22
 681 0258 6C01      		movw r12,r24
 682               	.LVL54:
 683               	.LM112:
 684 025a 00D0      		rcall __fixunssfsi
 685 025c E62E      		mov r14,r22
 686               	.LVL55:
 687               	.LM113:
 688 025e 84E1      		ldi r24,lo8(20)
 689 0260 00D0      		rcall StrobeCmd
 690               	.LM114:
 691 0262 83E0      		ldi r24,lo8(3)
 692 0264 60E0      		ldi r22,lo8(0)
 693 0266 70E0      		ldi r23,hi8(0)
 694 0268 00D0      		rcall A7139_WriteReg
 695               	.LM115:
 696 026a 86E0      		ldi r24,lo8(6)
 697 026c 60E0      		ldi r22,lo8(0)
 698 026e 70E0      		ldi r23,hi8(0)
 699 0270 00D0      		rcall A7139_WriteReg
 700               	.LM116:
 701 0272 C401      		movw r24,r8
 702 0274 B301      		movw r22,r6
 703 0276 20E0      		ldi r18,lo8(0x44570000)
 704 0278 30E0      		ldi r19,hi8(0x44570000)
 705 027a 47E5      		ldi r20,hlo8(0x44570000)
 706 027c 54E4      		ldi r21,hhi8(0x44570000)
 707 027e 00D0      		rcall __ltsf2
 708 0280 8823      		tst r24
 709 0282 04F4      		brge .L70
 710 0284 60E2      		ldi r22,lo8(2592)
 711 0286 7AE0      		ldi r23,hi8(2592)
 712               	.LVL56:
 713 0288 00C0      		rjmp .L55
 714               	.LVL57:
 715               	.L70:
 716 028a 60E2      		ldi r22,lo8(6688)
 717 028c 7AE1      		ldi r23,hi8(6688)
 718               	.LVL58:
 719               	.L55:
 720               	.LM117:
 721 028e 84E0      		ldi r24,lo8(4)
 722 0290 00D0      		rcall A7139_WriteReg
 723               	.LVL59:
 724               	.LM118:
 725 0292 FF24      		clr r15
 726               	.LVL60:
 727 0294 B701      		movw r22,r14
 728 0296 7A60      		ori r23,hi8(2560)
 729 0298 81E0      		ldi r24,lo8(1)
 730 029a 00D0      		rcall A7139_WriteReg
 731               	.LM119:
 732 029c 0027      		clr r16
 733 029e F7FC      		sbrc r15,7
 734 02a0 0095      		com r16
 735 02a2 102F      		mov r17,r16
 736               	.LVL61:
 737 02a4 C801      		movw r24,r16
 738 02a6 B701      		movw r22,r14
 739 02a8 00D0      		rcall __floatsisf
 740 02aa 9B01      		movw r18,r22
 741 02ac AC01      		movw r20,r24
 742 02ae C601      		movw r24,r12
 743 02b0 B501      		movw r22,r10
 744 02b2 00D0      		rcall __subsf3
 745 02b4 20E0      		ldi r18,lo8(0x47800000)
 746 02b6 30E0      		ldi r19,hi8(0x47800000)
 747 02b8 40E8      		ldi r20,hlo8(0x47800000)
 748 02ba 57E4      		ldi r21,hhi8(0x47800000)
 749 02bc 00D0      		rcall __mulsf3
 750 02be 00D0      		rcall __fixunssfsi
 751 02c0 9B01      		movw r18,r22
 752 02c2 AC01      		movw r20,r24
 753 02c4 82E0      		ldi r24,lo8(2)
 754 02c6 B901      		movw r22,r18
 755 02c8 00D0      		rcall A7139_WriteReg
 756               	.LM120:
 757 02ca 82E0      		ldi r24,lo8(2)
 758 02cc 60E0      		ldi r22,lo8(0)
 759 02ce 70E0      		ldi r23,hi8(0)
 760 02d0 00D0      		rcall A7139_WritePageB
 761               	.LBE147:
 762               	.LBE146:
 763               	.LBB148:
 764               	.LBB149:
 765               	.LBB150:
 766               	.LBB151:
 767               	.LM121:
 768 02d2 80E3      		ldi r24,lo8(30000)
 769 02d4 95E7      		ldi r25,hi8(30000)
 770               	.LVL62:
 771               	/* #APP */
 772               	 ;  105 "c:/winavr-20100110/lib/gcc/../../avr/include/util/delay_basic.h" 1
 773 02d6 0197      		1: sbiw r24,1
 774 02d8 01F4      		brne 1b
 775               	 ;  0 "" 2
 776               	/* #NOAPP */
 777               	.LBE151:
 778               	.LBE150:
 779               	.LBE149:
 780               	.LBE148:
 781               	.LBB152:
 782               	.LBB153:
 783               	.LM122:
 784 02da 8FE0      		ldi r24,lo8(15)
 785               	.LVL63:
 786 02dc 62EC      		ldi r22,lo8(10434)
 787 02de 78E2      		ldi r23,hi8(10434)
 788 02e0 00D0      		rcall A7139_WriteReg
 789               	.L56:
 790               	.LBE153:
 791               	.LM123:
 792 02e2 8FE0      		ldi r24,lo8(15)
 793 02e4 00D0      		rcall A7139_ReadReg
 794               	.LBB162:
 795               	.LM124:
 796 02e6 8270      		andi r24,lo8(2050)
 797 02e8 9870      		andi r25,hi8(2050)
 798 02ea 892B      		or r24,r25
 799 02ec 01F4      		brne .L56
 800               	.LBE162:
 801               	.LM125:
 802 02ee 8EE0      		ldi r24,lo8(14)
 803 02f0 00D0      		rcall A7139_ReadReg
 804 02f2 8C01      		movw r16,r24
 805               	.LVL64:
 806               	.LM126:
 807 02f4 8AE0      		ldi r24,lo8(10)
 808 02f6 00D0      		rcall A7139_ReadPageA
 809               	.LBB163:
 810               	.LM127:
 811 02f8 24E0      		ldi r18,4
 812 02fa 9695      	1:	lsr r25
 813 02fc 8795      		ror r24
 814 02fe 2A95      		dec r18
 815 0300 01F4      		brne 1b
 816 0302 94E0      		ldi r25,4
 817 0304 1695      	1:	lsr r17
 818 0306 0795      		ror r16
 819 0308 9A95      		dec r25
 820 030a 01F4      		brne 1b
 821 030c 802B      		or r24,r16
 822 030e 80FD      		sbrc r24,0
 823 0310 00C0      		rjmp .L57
 824               	.LM128:
 825 0312 8CE0      		ldi r24,lo8(12)
 826 0314 60E0      		ldi r22,lo8(19456)
 827 0316 7CE4      		ldi r23,hi8(19456)
 828 0318 00D0      		rcall A7139_WriteReg
 829               	.LM129:
 830 031a 82E0      		ldi r24,lo8(2)
 831 031c 60E0      		ldi r22,lo8(-2048)
 832 031e 78EF      		ldi r23,hi8(-2048)
 833 0320 00D0      		rcall A7139_WritePageA
 834               	.LM130:
 835 0322 80E0      		ldi r24,lo8(0)
 836 0324 66E0      		ldi r22,lo8(-2298)
 837 0326 77EF      		ldi r23,hi8(-2298)
 838 0328 00D0      		rcall A7139_WritePageA
 839               	.LM131:
 840 032a 8FE0      		ldi r24,lo8(15)
 841 032c 60EC      		ldi r22,lo8(12480)
 842 032e 70E3      		ldi r23,hi8(12480)
 843 0330 00D0      		rcall A7139_WriteReg
 844               	.L58:
 845               	.LBE163:
 846               	.LM132:
 847 0332 8FE0      		ldi r24,lo8(15)
 848 0334 00D0      		rcall A7139_ReadReg
 849               	.LBB164:
 850               	.LM133:
 851 0336 94FD      		sbrc r25,4
 852 0338 00C0      		rjmp .L58
 853               	.LM134:
 854 033a 8CE0      		ldi r24,lo8(12)
 855 033c 60E0      		ldi r22,lo8(17408)
 856 033e 74E4      		ldi r23,hi8(17408)
 857 0340 00D0      		rcall A7139_WriteReg
 858               	.LM135:
 859 0342 82E0      		ldi r24,lo8(2)
 860 0344 60E0      		ldi r22,lo8(-2048)
 861 0346 78EF      		ldi r23,hi8(-2048)
 862 0348 00D0      		rcall A7139_WritePageA
 863               	.LM136:
 864 034a 80E0      		ldi r24,lo8(0)
 865 034c 66E0      		ldi r22,lo8(-2298)
 866 034e 77EF      		ldi r23,hi8(-2298)
 867 0350 00D0      		rcall A7139_WritePageA
 868               	.LM137:
 869 0352 8FE0      		ldi r24,lo8(15)
 870 0354 64EC      		ldi r22,lo8(8388)
 871 0356 70E2      		ldi r23,hi8(8388)
 872 0358 00D0      		rcall A7139_WriteReg
 873               	.LBB155:
 874               	.LBB156:
 875               	.LBB157:
 876               	.LBB158:
 877               	.LM138:
 878 035a 02E0      		ldi r16,lo8(2)
 879               	.LVL65:
 880               	.L59:
 881               	.LBE158:
 882               	.LBE157:
 883               	.LBE156:
 884               	.LBE155:
 885               	.LBE164:
 886               	.LM139:
 887 035c 8FE0      		ldi r24,lo8(15)
 888 035e 00D0      		rcall A7139_ReadReg
 889               	.LBB165:
 890               	.LBB154:
 891               	.LBB161:
 892               	.LBB160:
 893               	.LBB159:
 894               	.LM140:
 895 0360 902F      		mov r25,r16
 896               	.LVL66:
 897               	/* #APP */
 898               	 ;  83 "c:/winavr-20100110/lib/gcc/../../avr/include/util/delay_basic.h" 1
 899 0362 9A95      		1: dec r25
 900 0364 01F4      		brne 1b
 901               	 ;  0 "" 2
 902               	/* #NOAPP */
 903               	.LBE159:
 904               	.LBE160:
 905               	.LBE161:
 906               	.LBE154:
 907               	.LM141:
 908 0366 82FD      		sbrc r24,2
 909 0368 00C0      		rjmp .L59
 910               	.LVL67:
 911               	.LBE165:
 912               	.LM142:
 913 036a 8EE0      		ldi r24,lo8(14)
 914               	.LVL68:
 915 036c 00D0      		rcall A7139_ReadReg
 916               	.LVL69:
 917               	.LBB166:
 918               	.LM143:
 919 036e 90FD      		sbrc r25,0
 920 0370 00C0      		rjmp .L57
 921 0372 80E0      		ldi r24,lo8(0)
 922 0374 00C0      		rjmp .L60
 923               	.LVL70:
 924               	.L57:
 925 0376 84E0      		ldi r24,lo8(4)
 926               	.L60:
 927               	/* epilogue start */
 928               	.LBE166:
 929               	.LBE152:
 930               	.LM144:
 931 0378 DF91      		pop r29
 932 037a CF91      		pop r28
 933 037c 1F91      		pop r17
 934 037e 0F91      		pop r16
 935               	.LVL71:
 936 0380 FF90      		pop r15
 937               	.LVL72:
 938 0382 EF90      		pop r14
 939               	.LVL73:
 940 0384 DF90      		pop r13
 941 0386 CF90      		pop r12
 942 0388 BF90      		pop r11
 943 038a AF90      		pop r10
 944               	.LVL74:
 945 038c 9F90      		pop r9
 946 038e 8F90      		pop r8
 947 0390 7F90      		pop r7
 948 0392 6F90      		pop r6
 949               	.LVL75:
 950 0394 0895      		ret
 951               	.LFE22:
 953               	.global	A7139_ReadCID
 955               	A7139_ReadCID:
 956               	.LFB24:
 957               	.LM145:
 958               	.LVL76:
 959 0396 EF92      		push r14
 960 0398 FF92      		push r15
 961 039a 0F93      		push r16
 962 039c 1F93      		push r17
 963               	/* prologue: function */
 964               	/* frame size = 0 */
 965 039e 7C01      		movw r14,r24
 966               	.LM146:
 967 03a0 2A98      		cbi 37-32,2
 968               	.LM147:
 969 03a2 80EA      		ldi r24,lo8(-96)
 970               	.LVL77:
 971 03a4 00D0      		rcall SPIx_WriteByte
 972               	.LM148:
 973 03a6 00D0      		rcall SPIx_ReadByte
 974 03a8 F701      		movw r30,r14
 975 03aa 8193      		st Z+,r24
 976 03ac 8F01      		movw r16,r30
 977               	.LVL78:
 978               	.LM149:
 979 03ae 00D0      		rcall SPIx_ReadByte
 980 03b0 F701      		movw r30,r14
 981 03b2 8183      		std Z+1,r24
 982               	.LM150:
 983 03b4 00D0      		rcall SPIx_ReadByte
 984 03b6 F801      		movw r30,r16
 985 03b8 8183      		std Z+1,r24
 986               	.LM151:
 987 03ba 00D0      		rcall SPIx_ReadByte
 988               	.LM152:
 989 03bc 0F5F      		subi r16,lo8(-(1))
 990 03be 1F4F      		sbci r17,hi8(-(1))
 991               	.LM153:
 992 03c0 F801      		movw r30,r16
 993 03c2 8183      		std Z+1,r24
 994               	.LM154:
 995 03c4 2A9A      		sbi 37-32,2
 996               	.LM155:
 997 03c6 80E0      		ldi r24,lo8(0)
 998               	/* epilogue start */
 999 03c8 1F91      		pop r17
 1000 03ca 0F91      		pop r16
 1001               	.LVL79:
 1002 03cc FF90      		pop r15
 1003 03ce EF90      		pop r14
 1004 03d0 0895      		ret
 1005               	.LFE24:
 1007               	.global	A7139_ReadPID
 1009               	A7139_ReadPID:
 1010               	.LFB25:
 1011               	.LM156:
 1012               	/* prologue: function */
 1013               	/* frame size = 0 */
 1014               	.LM157:
 1015 03d2 87E0      		ldi r24,lo8(7)
 1016 03d4 61E0      		ldi r22,lo8(1)
 1017 03d6 70E0      		ldi r23,hi8(1)
 1018 03d8 00D0      		rcall A7139_WriteReg
 1019               	.LM158:
 1020 03da 89E0      		ldi r24,lo8(9)
 1021 03dc 00D0      		rcall A7139_ReadReg
 1022               	/* epilogue start */
 1023               	.LM159:
 1024 03de 0895      		ret
 1025               	.LFE25:
 1027               	.global	A7139_SetDataRate
 1029               	A7139_SetDataRate:
 1030               	.LFB26:
 1031               	.LM160:
 1032               	.LVL80:
 1033 03e0 1F93      		push r17
 1034               	/* prologue: function */
 1035               	/* frame size = 0 */
 1036 03e2 182F      		mov r17,r24
 1037               	.LM161:
 1038 03e4 84E1      		ldi r24,lo8(20)
 1039               	.LVL81:
 1040 03e6 00D0      		rcall StrobeCmd
 1041               	.LM162:
 1042 03e8 87E0      		ldi r24,lo8(7)
 1043 03ea 60E1      		ldi r22,lo8(16)
 1044 03ec 70E0      		ldi r23,hi8(16)
 1045 03ee 00D0      		rcall A7139_WriteReg
 1046               	.LM163:
 1047 03f0 1233      		cpi r17,lo8(50)
 1048 03f2 01F0      		breq .L79
 1049 03f4 1333      		cpi r17,lo8(51)
 1050 03f6 00F4      		brsh .L82
 1051 03f8 1230      		cpi r17,lo8(2)
 1052 03fa 01F0      		breq .L77
 1053 03fc 1A30      		cpi r17,lo8(10)
 1054 03fe 01F4      		brne .L76
 1055 0400 00C0      		rjmp .L87
 1056               	.L82:
 1057 0402 1436      		cpi r17,lo8(100)
 1058 0404 01F0      		breq .L80
 1059 0406 1639      		cpi r17,lo8(-106)
 1060 0408 01F4      		brne .L76
 1061 040a 00C0      		rjmp .L81
 1062               	.L77:
 1063               	.LM164:
 1064 040c 80E0      		ldi r24,lo8(0)
 1065 040e 63E2      		ldi r22,lo8(12323)
 1066 0410 70E3      		ldi r23,hi8(12323)
 1067 0412 00C0      		rjmp .L85
 1068               	.L87:
 1069               	.LM165:
 1070 0414 80E0      		ldi r24,lo8(0)
 1071 0416 63E2      		ldi r22,lo8(2083)
 1072 0418 78E0      		ldi r23,hi8(2083)
 1073               	.L85:
 1074 041a 00D0      		rcall A7139_WriteReg
 1075               	.LM166:
 1076 041c 8AE0      		ldi r24,lo8(10)
 1077 041e 60ED      		ldi r22,lo8(6352)
 1078 0420 78E1      		ldi r23,hi8(6352)
 1079               	.L86:
 1080 0422 00D0      		rcall A7139_WriteReg
 1081 0424 00C0      		rjmp .L81
 1082               	.L79:
 1083               	.LM167:
 1084 0426 80E0      		ldi r24,lo8(0)
 1085 0428 63E2      		ldi r22,lo8(35)
 1086 042a 70E0      		ldi r23,hi8(35)
 1087 042c 00C0      		rjmp .L85
 1088               	.L80:
 1089               	.LM168:
 1090 042e 80E0      		ldi r24,lo8(0)
 1091 0430 61E2      		ldi r22,lo8(33)
 1092 0432 70E0      		ldi r23,hi8(33)
 1093 0434 00D0      		rcall A7139_WriteReg
 1094               	.LM169:
 1095 0436 8AE0      		ldi r24,lo8(10)
 1096 0438 64ED      		ldi r22,lo8(6356)
 1097 043a 78E1      		ldi r23,hi8(6356)
 1098 043c 00C0      		rjmp .L86
 1099               	.L76:
 1100               	.LM170:
 1101 043e 87E0      		ldi r24,lo8(7)
 1102 0440 61E1      		ldi r22,lo8(17)
 1103 0442 70E0      		ldi r23,hi8(17)
 1104 0444 00D0      		rcall A7139_WriteReg
 1105 0446 81E0      		ldi r24,lo8(1)
 1106 0448 00C0      		rjmp .L83
 1107               	.L81:
 1108               	.LM171:
 1109 044a 87E0      		ldi r24,lo8(7)
 1110 044c 61E1      		ldi r22,lo8(17)
 1111 044e 70E0      		ldi r23,hi8(17)
 1112 0450 00D0      		rcall A7139_WriteReg
 1113               	.LBB167:
 1114               	.LBB168:
 1115               	.LBB169:
 1116               	.LBB170:
 1117               	.LM172:
 1118 0452 80E2      		ldi r24,lo8(20000)
 1119 0454 9EE4      		ldi r25,hi8(20000)
 1120               	.LVL82:
 1121               	/* #APP */
 1122               	 ;  105 "c:/winavr-20100110/lib/gcc/../../avr/include/util/delay_basic.h" 1
 1123 0456 0197      		1: sbiw r24,1
 1124 0458 01F4      		brne 1b
 1125               	 ;  0 "" 2
 1126               	/* #NOAPP */
 1127 045a 80E0      		ldi r24,lo8(0)
 1128               	.LVL83:
 1129               	.L83:
 1130               	/* epilogue start */
 1131               	.LBE170:
 1132               	.LBE169:
 1133               	.LBE168:
 1134               	.LBE167:
 1135               	.LM173:
 1136 045c 1F91      		pop r17
 1137               	.LVL84:
 1138 045e 0895      		ret
 1139               	.LFE26:
 1141               	.global	A7139_WriteFIFO
 1143               	A7139_WriteFIFO:
 1144               	.LFB27:
 1145               	.LM174:
 1146               	.LVL85:
 1147 0460 FF92      		push r15
 1148 0462 0F93      		push r16
 1149 0464 1F93      		push r17
 1150 0466 CF93      		push r28
 1151 0468 DF93      		push r29
 1152               	/* prologue: function */
 1153               	/* frame size = 0 */
 1154 046a 182F      		mov r17,r24
 1155 046c 092F      		mov r16,r25
 1156               	.LVL86:
 1157 046e F62E      		mov r15,r22
 1158               	.LM175:
 1159 0470 80E6      		ldi r24,lo8(96)
 1160               	.LVL87:
 1161 0472 00D0      		rcall StrobeCmd
 1162               	.LVL88:
 1163               	.LM176:
 1164 0474 2A98      		cbi 37-32,2
 1165               	.LM177:
 1166 0476 80E4      		ldi r24,lo8(64)
 1167 0478 00D0      		rcall SPIx_WriteByte
 1168 047a 212F      		mov r18,r17
 1169 047c 302F      		mov r19,r16
 1170 047e C901      		movw r24,r18
 1171 0480 EC01      		movw r28,r24
 1172 0482 10E0      		ldi r17,lo8(0)
 1173               	.LVL89:
 1174 0484 00C0      		rjmp .L89
 1175               	.L90:
 1176               	.LM178:
 1177 0486 8991      		ld r24,Y+
 1178 0488 00D0      		rcall SPIx_WriteByte
 1179               	.LM179:
 1180 048a 1F5F      		subi r17,lo8(-(1))
 1181               	.L89:
 1182 048c 1F15      		cp r17,r15
 1183 048e 00F0      		brlo .L90
 1184               	.LM180:
 1185 0490 2A9A      		sbi 37-32,2
 1186               	/* epilogue start */
 1187               	.LM181:
 1188 0492 DF91      		pop r29
 1189 0494 CF91      		pop r28
 1190 0496 1F91      		pop r17
 1191               	.LVL90:
 1192 0498 0F91      		pop r16
 1193               	.LVL91:
 1194 049a FF90      		pop r15
 1195               	.LVL92:
 1196 049c 0895      		ret
 1197               	.LFE27:
 1199               	.global	A7139_ReadFIFO
 1201               	A7139_ReadFIFO:
 1202               	.LFB28:
 1203               	.LM182:
 1204               	.LVL93:
 1205 049e FF92      		push r15
 1206 04a0 0F93      		push r16
 1207 04a2 1F93      		push r17
 1208 04a4 CF93      		push r28
 1209 04a6 DF93      		push r29
 1210               	/* prologue: function */
 1211               	/* frame size = 0 */
 1212 04a8 F82E      		mov r15,r24
 1213 04aa 092F      		mov r16,r25
 1214               	.LVL94:
 1215               	.LM183:
 1216 04ac 80EE      		ldi r24,lo8(-32)
 1217               	.LVL95:
 1218 04ae 00D0      		rcall StrobeCmd
 1219               	.LVL96:
 1220               	.LBB171:
 1221               	.LBB172:
 1222               	.LBB173:
 1223               	.LBB174:
 1224               	.LM184:
 1225 04b0 8DE0      		ldi r24,lo8(13)
 1226               	.LVL97:
 1227               	/* #APP */
 1228               	 ;  83 "c:/winavr-20100110/lib/gcc/../../avr/include/util/delay_basic.h" 1
 1229 04b2 8A95      		1: dec r24
 1230 04b4 01F4      		brne 1b
 1231               	 ;  0 "" 2
 1232               	/* #NOAPP */
 1233               	.LBE174:
 1234               	.LBE173:
 1235               	.LBE172:
 1236               	.LBE171:
 1237               	.LM185:
 1238 04b6 2A98      		cbi 37-32,2
 1239               	.LM186:
 1240 04b8 80EC      		ldi r24,lo8(-64)
 1241               	.LVL98:
 1242 04ba 00D0      		rcall SPIx_WriteByte
 1243               	.LM187:
 1244 04bc 00D0      		rcall SPIx_ReadByte
 1245               	.LM188:
 1246 04be 8E3F      		cpi r24,lo8(-2)
 1247 04c0 01F0      		breq .L93
 1248 04c2 10E0      		ldi r17,lo8(0)
 1249               	.LVL99:
 1250 04c4 00C0      		rjmp .L94
 1251               	.LVL100:
 1252               	.L93:
 1253               	.LM189:
 1254 04c6 00D0      		rcall SPIx_ReadByte
 1255 04c8 182F      		mov r17,r24
 1256               	.LVL101:
 1257               	.LM190:
 1258 04ca 8150      		subi r24,lo8(-(-1))
 1259 04cc 8F30      		cpi r24,lo8(15)
 1260 04ce 00F4      		brsh .L94
 1261 04d0 8F2D      		mov r24,r15
 1262 04d2 902F      		mov r25,r16
 1263 04d4 9C01      		movw r18,r24
 1264 04d6 E901      		movw r28,r18
 1265 04d8 00C0      		rjmp .L95
 1266               	.L96:
 1267               	.LM191:
 1268 04da 00D0      		rcall SPIx_ReadByte
 1269 04dc 8993      		st Y+,r24
 1270               	.L95:
 1271               	.LM192:
 1272 04de 9E01      		movw r18,r28
 1273 04e0 2F19      		sub r18,r15
 1274 04e2 2117      		cp r18,r17
 1275 04e4 00F0      		brlo .L96
 1276               	.L94:
 1277               	.LM193:
 1278 04e6 2A9A      		sbi 37-32,2
 1279               	.LM194:
 1280 04e8 812F      		mov r24,r17
 1281               	/* epilogue start */
 1282 04ea DF91      		pop r29
 1283 04ec CF91      		pop r28
 1284 04ee 1F91      		pop r17
 1285               	.LVL102:
 1286 04f0 0F91      		pop r16
 1287               	.LVL103:
 1288 04f2 FF90      		pop r15
 1289               	.LVL104:
 1290 04f4 0895      		ret
 1291               	.LFE28:
 1293               	.global	A7139_SetPackLen
 1295               	A7139_SetPackLen:
 1296               	.LFB29:
 1297               	.LM195:
 1298               	.LVL105:
 1299 04f6 0F93      		push r16
 1300 04f8 1F93      		push r17
 1301               	/* prologue: function */
 1302               	/* frame size = 0 */
 1303 04fa 082F      		mov r16,r24
 1304               	.LM196:
 1305 04fc 84E1      		ldi r24,lo8(20)
 1306               	.LVL106:
 1307 04fe 00D0      		rcall StrobeCmd
 1308               	.LM197:
 1309 0500 10E0      		ldi r17,lo8(0)
 1310               	.LVL107:
 1311 0502 0150      		subi r16,lo8(-(-1))
 1312 0504 1040      		sbci r17,hi8(-(-1))
 1313               	.LVL108:
 1314 0506 8DE0      		ldi r24,lo8(13)
 1315 0508 B801      		movw r22,r16
 1316 050a 00D0      		rcall A7139_WritePageA
 1317               	.LM198:
 1318 050c 8AE0      		ldi r24,lo8(10)
 1319 050e 64E0      		ldi r22,lo8(4)
 1320 0510 70E0      		ldi r23,hi8(4)
 1321 0512 00D0      		rcall A7139_WritePageA
 1322               	.LM199:
 1323 0514 80E0      		ldi r24,lo8(0)
 1324               	/* epilogue start */
 1325 0516 1F91      		pop r17
 1326               	.LVL109:
 1327 0518 0F91      		pop r16
 1328               	.LVL110:
 1329 051a 0895      		ret
 1330               	.LFE29:
 1332               	.global	A7139_IsBatteryLow
 1334               	A7139_IsBatteryLow:
 1335               	.LFB30:
 1336               	.LM200:
 1337               	.LVL111:
 1338 051c 1F93      		push r17
 1339               	/* prologue: function */
 1340               	/* frame size = 0 */
 1341 051e 182F      		mov r17,r24
 1342               	.LM201:
 1343 0520 8830      		cpi r24,lo8(8)
 1344 0522 00F4      		brsh .L105
 1345               	.L101:
 1346               	.LM202:
 1347 0524 84E1      		ldi r24,lo8(20)
 1348               	.LVL112:
 1349 0526 00D0      		rcall StrobeCmd
 1350               	.LM203:
 1351 0528 612F      		mov r22,r17
 1352 052a 70E0      		ldi r23,lo8(0)
 1353               	.LVL113:
 1354 052c 660F      		lsl r22
 1355 052e 771F      		rol r23
 1356               	.LVL114:
 1357 0530 6162      		ori r22,lo8(2593)
 1358 0532 7A60      		ori r23,hi8(2593)
 1359               	.LVL115:
 1360 0534 84E0      		ldi r24,lo8(4)
 1361 0536 00D0      		rcall A7139_WritePageA
 1362               	.LVL116:
 1363               	.LBB175:
 1364               	.LBB176:
 1365               	.LBB177:
 1366               	.LBB178:
 1367               	.LM204:
 1368 0538 8AE1      		ldi r24,lo8(26)
 1369               	.LVL117:
 1370               	/* #APP */
 1371               	 ;  83 "c:/winavr-20100110/lib/gcc/../../avr/include/util/delay_basic.h" 1
 1372 053a 8A95      		1: dec r24
 1373 053c 01F4      		brne 1b
 1374               	 ;  0 "" 2
 1375               	/* #NOAPP */
 1376               	.LBE178:
 1377               	.LBE177:
 1378               	.LBE176:
 1379               	.LBE175:
 1380               	.LM205:
 1381 053e 81E0      		ldi r24,lo8(1)
 1382               	.LVL118:
 1383 0540 00D0      		rcall A7139_ReadPageA
 1384 0542 90E0      		ldi r25,lo8(0)
 1385 0544 87FF      		sbrs r24,7
 1386               	.LVL119:
 1387               	.L105:
 1388 0546 91E0      		ldi r25,lo8(1)
 1389               	.L102:
 1390               	.LM206:
 1391 0548 892F      		mov r24,r25
 1392               	.LVL120:
 1393               	/* epilogue start */
 1394 054a 1F91      		pop r17
 1395               	.LVL121:
 1396 054c 0895      		ret
 1397               	.LFE30:
 1399               	.global	A7139_GetRSSI
 1401               	A7139_GetRSSI:
 1402               	.LFB31:
 1403               	.LM207:
 1404 054e CF93      		push r28
 1405 0550 DF93      		push r29
 1406               	/* prologue: function */
 1407               	/* frame size = 0 */
 1408               	.LM208:
 1409 0552 88E1      		ldi r24,lo8(24)
 1410 0554 00D0      		rcall StrobeCmd
 1411               	.LM209:
 1412 0556 8CE0      		ldi r24,lo8(12)
 1413 0558 60E0      		ldi r22,lo8(17408)
 1414 055a 74E4      		ldi r23,hi8(17408)
 1415 055c 00D0      		rcall A7139_WriteReg
 1416               	.LM210:
 1417 055e 8FE0      		ldi r24,lo8(15)
 1418 0560 00D0      		rcall A7139_ReadReg
 1419 0562 BC01      		movw r22,r24
 1420 0564 6160      		ori r22,lo8(1)
 1421 0566 8FE0      		ldi r24,lo8(15)
 1422 0568 00D0      		rcall A7139_WriteReg
 1423 056a CFEF      		ldi r28,lo8(-1)
 1424 056c DFEF      		ldi r29,hi8(-1)
 1425               	.LVL122:
 1426               	.L108:
 1427               	.LM211:
 1428 056e 8FE0      		ldi r24,lo8(15)
 1429 0570 00D0      		rcall A7139_ReadReg
 1430               	.LM212:
 1431 0572 2197      		sbiw r28,1
 1432 0574 9FEF      		ldi r25,hi8(-1)
 1433 0576 CF3F      		cpi r28,lo8(-1)
 1434 0578 D907      		cpc r29,r25
 1435 057a 01F0      		breq .L107
 1436 057c 80FD      		sbrc r24,0
 1437 057e 00C0      		rjmp .L108
 1438               	.L107:
 1439               	.LM213:
 1440 0580 CD2B      		or r28,r29
 1441 0582 01F4      		brne .L109
 1442 0584 C0E0      		ldi r28,lo8(0)
 1443 0586 D0E0      		ldi r29,hi8(0)
 1444               	.LVL123:
 1445 0588 00C0      		rjmp .L110
 1446               	.LVL124:
 1447               	.L109:
 1448               	.LM214:
 1449 058a 8BE0      		ldi r24,lo8(11)
 1450 058c 00D0      		rcall A7139_ReadReg
 1451 058e EC01      		movw r28,r24
 1452               	.LVL125:
 1453 0590 D170      		andi r29,hi8(511)
 1454               	.L110:
 1455               	.LM215:
 1456 0592 84E1      		ldi r24,lo8(20)
 1457 0594 00D0      		rcall StrobeCmd
 1458               	.LM216:
 1459 0596 8C2F      		mov r24,r28
 1460               	/* epilogue start */
 1461 0598 DF91      		pop r29
 1462 059a CF91      		pop r28
 1463               	.LVL126:
 1464 059c 0895      		ret
 1465               	.LFE31:
 1467               	.global	A7139_WOT
 1469               	A7139_WOT:
 1470               	.LFB32:
 1471               	.LM217:
 1472               	/* prologue: function */
 1473               	/* frame size = 0 */
 1474               	.LM218:
 1475 059e 00D0      		rcall A7139_RCOSC_Cal
 1476 05a0 8430      		cpi r24,lo8(4)
 1477 05a2 01F0      		breq .L115
 1478               	.LM219:
 1479 05a4 84E1      		ldi r24,lo8(20)
 1480 05a6 00D0      		rcall StrobeCmd
 1481               	.LM220:
 1482 05a8 88E0      		ldi r24,lo8(8)
 1483 05aa 65E4      		ldi r22,lo8(69)
 1484 05ac 70E0      		ldi r23,hi8(69)
 1485 05ae 00D0      		rcall A7139_WritePageA
 1486               	.LM221:
 1487 05b0 81E0      		ldi r24,lo8(1)
 1488 05b2 6FE7      		ldi r22,lo8(639)
 1489 05b4 72E0      		ldi r23,hi8(639)
 1490 05b6 00D0      		rcall A7139_WritePageA
 1491               	.LM222:
 1492 05b8 8DE0      		ldi r24,lo8(13)
 1493 05ba 60E0      		ldi r22,lo8(3072)
 1494 05bc 7CE0      		ldi r23,hi8(3072)
 1495 05be 00D0      		rcall A7139_WriteReg
 1496               	.LM223:
 1497 05c0 8FE0      		ldi r24,lo8(15)
 1498 05c2 60EC      		ldi r22,lo8(8896)
 1499 05c4 72E2      		ldi r23,hi8(8896)
 1500 05c6 00D0      		rcall A7139_WriteReg
 1501 05c8 80E0      		ldi r24,lo8(0)
 1502               	.L115:
 1503               	.LM224:
 1504 05ca 0895      		ret
 1505               	.LFE32:
 1507               	.global	A7139_WOR_BySync
 1509               	A7139_WOR_BySync:
 1510               	.LFB33:
 1511               	.LM225:
 1512               	/* prologue: function */
 1513               	/* frame size = 0 */
 1514               	.LM226:
 1515 05cc 84E1      		ldi r24,lo8(20)
 1516 05ce 00D0      		rcall StrobeCmd
 1517               	.LM227:
 1518 05d0 88E0      		ldi r24,lo8(8)
 1519 05d2 65E4      		ldi r22,lo8(69)
 1520 05d4 70E0      		ldi r23,hi8(69)
 1521 05d6 00D0      		rcall A7139_WritePageA
 1522               	.LM228:
 1523 05d8 81E0      		ldi r24,lo8(1)
 1524 05da 66E0      		ldi r22,lo8(-250)
 1525 05dc 7FEF      		ldi r23,hi8(-250)
 1526 05de 00D0      		rcall A7139_WritePageA
 1527               	.LM229:
 1528 05e0 00D0      		rcall A7139_RCOSC_Cal
 1529 05e2 8430      		cpi r24,lo8(4)
 1530 05e4 01F0      		breq .L119
 1531               	.LM230:
 1532 05e6 82E0      		ldi r24,lo8(2)
 1533 05e8 60E1      		ldi r22,lo8(-2032)
 1534 05ea 78EF      		ldi r23,hi8(-2032)
 1535 05ec 00D0      		rcall A7139_WritePageA
 1536               	.LM231:
 1537 05ee 8FE0      		ldi r24,lo8(15)
 1538 05f0 60EC      		ldi r22,lo8(8896)
 1539 05f2 72E2      		ldi r23,hi8(8896)
 1540 05f4 00D0      		rcall A7139_WriteReg
 1541 05f6 80E0      		ldi r24,lo8(0)
 1542               	.L119:
 1543               	.LM232:
 1544 05f8 0895      		ret
 1545               	.LFE33:
 1547               	.global	A7139_WOR_ByPreamble
 1549               	A7139_WOR_ByPreamble:
 1550               	.LFB34:
 1551               	.LM233:
 1552               	/* prologue: function */
 1553               	/* frame size = 0 */
 1554               	.LM234:
 1555 05fa 84E1      		ldi r24,lo8(20)
 1556 05fc 00D0      		rcall StrobeCmd
 1557               	.LBB179:
 1558               	.LBB180:
 1559               	.LBB181:
 1560               	.LBB182:
 1561               	.LM235:
 1562 05fe 85E3      		ldi r24,lo8(53)
 1563               	.LVL127:
 1564               	/* #APP */
 1565               	 ;  83 "c:/winavr-20100110/lib/gcc/../../avr/include/util/delay_basic.h" 1
 1566 0600 8A95      		1: dec r24
 1567 0602 01F4      		brne 1b
 1568               	 ;  0 "" 2
 1569               	/* #NOAPP */
 1570               	.LBE182:
 1571               	.LBE181:
 1572               	.LBE180:
 1573               	.LBE179:
 1574               	.LM236:
 1575 0604 88E0      		ldi r24,lo8(8)
 1576               	.LVL128:
 1577 0606 67E4      		ldi r22,lo8(71)
 1578 0608 70E0      		ldi r23,hi8(71)
 1579 060a 00D0      		rcall A7139_WritePageA
 1580               	.LM237:
 1581 060c 81E0      		ldi r24,lo8(1)
 1582 060e 60E6      		ldi r22,lo8(-26528)
 1583 0610 78E9      		ldi r23,hi8(-26528)
 1584 0612 00D0      		rcall A7139_WritePageA
 1585               	.LM238:
 1586 0614 00D0      		rcall A7139_RCOSC_Cal
 1587 0616 8430      		cpi r24,lo8(4)
 1588 0618 01F0      		breq .L123
 1589               	.LM239:
 1590 061a 82E0      		ldi r24,lo8(2)
 1591 061c 60E3      		ldi r22,lo8(-2000)
 1592 061e 78EF      		ldi r23,hi8(-2000)
 1593 0620 00D0      		rcall A7139_WritePageA
 1594               	.LM240:
 1595 0622 8FE0      		ldi r24,lo8(15)
 1596 0624 60EC      		ldi r22,lo8(8896)
 1597 0626 72E2      		ldi r23,hi8(8896)
 1598 0628 00D0      		rcall A7139_WriteReg
 1599 062a 80E0      		ldi r24,lo8(0)
 1600               	.L123:
 1601               	.LM241:
 1602 062c 0895      		ret
 1603               	.LFE34:
 1605               	.global	A7139_SetPowerLevel
 1607               	A7139_SetPowerLevel:
 1608               	.LFB35:
 1609               	.LM242:
 1610               	.LVL129:
 1611 062e 1F93      		push r17
 1612               	/* prologue: function */
 1613               	/* frame size = 0 */
 1614 0630 182F      		mov r17,r24
 1615               	.LM243:
 1616 0632 84E1      		ldi r24,lo8(20)
 1617               	.LVL130:
 1618 0634 00D0      		rcall StrobeCmd
 1619               	.LBB183:
 1620               	.LBB184:
 1621               	.LBB185:
 1622               	.LBB186:
 1623               	.LM244:
 1624 0636 85E3      		ldi r24,lo8(53)
 1625               	.LVL131:
 1626               	/* #APP */
 1627               	 ;  83 "c:/winavr-20100110/lib/gcc/../../avr/include/util/delay_basic.h" 1
 1628 0638 8A95      		1: dec r24
 1629 063a 01F4      		brne 1b
 1630               	 ;  0 "" 2
 1631               	/* #NOAPP */
 1632               	.LBE186:
 1633               	.LBE185:
 1634               	.LBE184:
 1635               	.LBE183:
 1636               	.LM245:
 1637 063c E12F      		mov r30,r17
 1638 063e F0E0      		ldi r31,lo8(0)
 1639               	.LVL132:
 1640 0640 E930      		cpi r30,9
 1641 0642 F105      		cpc r31,__zero_reg__
 1642 0644 00F4      		brsh .L126
 1643               	.LVL133:
 1644 0646 E050      		subi r30,lo8(-(gs(.L136)))
 1645 0648 F040      		sbci r31,hi8(-(gs(.L136)))
 1646               	.LVL134:
 1647 064a 0994      		ijmp
 1648               	.LVL135:
 1649               		.data
 1650               		.section .progmem.gcc_sw_table, "ax", @progbits
 1651               		.p2align 1
 1652               	.L136:
 1653               		.data
 1654               		.section .progmem.gcc_sw_table, "ax", @progbits
 1655               		.p2align 1
 1656 0000 00C0      		rjmp .L127
 1657 0002 00C0      		rjmp .L128
 1658 0004 00C0      		rjmp .L129
 1659 0006 00C0      		rjmp .L130
 1660 0008 00C0      		rjmp .L131
 1661 000a 00C0      		rjmp .L132
 1662 000c 00C0      		rjmp .L133
 1663 000e 00C0      		rjmp .L134
 1664 0010 00C0      		rjmp .L135
 1665               		.text
 1666               	.LVL136:
 1667               	.L126:
 1668 064c 81E0      		ldi r24,lo8(1)
 1669               	.LVL137:
 1670 064e 00C0      		rjmp .L137
 1671               	.LVL138:
 1672               	.L127:
 1673               	.LM246:
 1674 0650 80E0      		ldi r24,lo8(0)
 1675               	.LVL139:
 1676 0652 61E0      		ldi r22,lo8(769)
 1677 0654 73E0      		ldi r23,hi8(769)
 1678 0656 00C0      		rjmp .L139
 1679               	.LVL140:
 1680               	.L128:
 1681               	.LM247:
 1682 0658 80E0      		ldi r24,lo8(0)
 1683               	.LVL141:
 1684 065a 69E0      		ldi r22,lo8(777)
 1685 065c 73E0      		ldi r23,hi8(777)
 1686 065e 00C0      		rjmp .L139
 1687               	.LVL142:
 1688               	.L129:
 1689               	.LM248:
 1690 0660 80E0      		ldi r24,lo8(0)
 1691               	.LVL143:
 1692 0662 6AE0      		ldi r22,lo8(778)
 1693 0664 73E0      		ldi r23,hi8(778)
 1694 0666 00C0      		rjmp .L139
 1695               	.LVL144:
 1696               	.L130:
 1697               	.LM249:
 1698 0668 80E0      		ldi r24,lo8(0)
 1699               	.LVL145:
 1700 066a 61E6      		ldi r22,lo8(865)
 1701 066c 73E0      		ldi r23,hi8(865)
 1702 066e 00C0      		rjmp .L139
 1703               	.LVL146:
 1704               	.L131:
 1705               	.LM250:
 1706 0670 80E0      		ldi r24,lo8(0)
 1707               	.LVL147:
 1708 0672 6AE2      		ldi r22,lo8(810)
 1709 0674 73E0      		ldi r23,hi8(810)
 1710 0676 00C0      		rjmp .L139
 1711               	.LVL148:
 1712               	.L132:
 1713               	.LM251:
 1714 0678 80E0      		ldi r24,lo8(0)
 1715               	.LVL149:
 1716 067a 6CE1      		ldi r22,lo8(796)
 1717 067c 73E0      		ldi r23,hi8(796)
 1718 067e 00C0      		rjmp .L139
 1719               	.LVL150:
 1720               	.L133:
 1721               	.LM252:
 1722 0680 80E0      		ldi r24,lo8(0)
 1723               	.LVL151:
 1724 0682 66E2      		ldi r22,lo8(806)
 1725 0684 73E0      		ldi r23,hi8(806)
 1726 0686 00C0      		rjmp .L139
 1727               	.LVL152:
 1728               	.L134:
 1729               	.LM253:
 1730 0688 80E0      		ldi r24,lo8(0)
 1731               	.LVL153:
 1732 068a 6EE3      		ldi r22,lo8(830)
 1733 068c 73E0      		ldi r23,hi8(830)
 1734 068e 00C0      		rjmp .L139
 1735               	.LVL154:
 1736               	.L135:
 1737               	.LM254:
 1738 0690 80E0      		ldi r24,lo8(0)
 1739               	.LVL155:
 1740 0692 6FE5      		ldi r22,lo8(863)
 1741 0694 73E0      		ldi r23,hi8(863)
 1742               	.L139:
 1743 0696 00D0      		rcall A7139_WritePageB
 1744               	.LVL156:
 1745 0698 80E0      		ldi r24,lo8(0)
 1746               	.LVL157:
 1747               	.L137:
 1748               	/* epilogue start */
 1749               	.LM255:
 1750 069a 1F91      		pop r17
 1751 069c 0895      		ret
 1752               	.LFE35:
 1754               	.global	A7139Config
 1755               		.data
 1758               	A7139Config:
 1759 0000 2112      		.word	4641
 1760 0002 240A      		.word	2596
 1761 0004 05B8      		.word	-18427
 1762 0006 0000      		.word	0
 1763 0008 200A      		.word	2592
 1764 000a 2400      		.word	36
 1765 000c 0000      		.word	0
 1766 000e 1100      		.word	17
 1767 0010 0000      		.word	0
 1768 0012 0000      		.word	0
 1769 0014 D418      		.word	6356
 1770 0016 0970      		.word	28681
 1771 0018 0044      		.word	17408
 1772 001a 0008      		.word	2048
 1773 001c 454C      		.word	19525
 1774 001e C020      		.word	8384
 1775               	.global	A7139Config_PageA
 1778               	A7139Config_PageA:
 1779 0020 06F7      		.word	-2298
 1780 0022 0000      		.word	0
 1781 0024 00F8      		.word	-2048
 1782 0026 0711      		.word	4359
 1783 0028 7099      		.word	-26256
 1784 002a 0102      		.word	513
 1785 002c 0F40      		.word	16399
 1786 002e C02A      		.word	10944
 1787 0030 4500      		.word	69
 1788 0032 81D2      		.word	-11647
 1789 0034 0400      		.word	4
 1790 0036 2508      		.word	2085
 1791 0038 2701      		.word	295
 1792 003a 0F00      		.word	15
 1793 003c 5F15      		.word	5471
 1794 003e 0000      		.word	0
 1795               	.global	A7139Config_PageB
 1798               	A7139Config_PageB:
 1799 0040 5F03      		.word	863
 1800 0042 0084      		.word	-31744
 1801 0044 0000      		.word	0
 1802 0046 0000      		.word	0
 1803 0048 0000      		.word	0
 2020               	.Letext0:
DEFINED SYMBOLS
                            *ABS*:00000000 A7139.c
C:\Users\ADMINI~1\AppData\Local\Temp/ccJNEx1h.s:2      *ABS*:0000003f __SREG__
C:\Users\ADMINI~1\AppData\Local\Temp/ccJNEx1h.s:3      *ABS*:0000003e __SP_H__
C:\Users\ADMINI~1\AppData\Local\Temp/ccJNEx1h.s:4      *ABS*:0000003d __SP_L__
C:\Users\ADMINI~1\AppData\Local\Temp/ccJNEx1h.s:5      *ABS*:00000034 __CCP__
C:\Users\ADMINI~1\AppData\Local\Temp/ccJNEx1h.s:6      *ABS*:00000000 __tmp_reg__
C:\Users\ADMINI~1\AppData\Local\Temp/ccJNEx1h.s:7      *ABS*:00000001 __zero_reg__
C:\Users\ADMINI~1\AppData\Local\Temp/ccJNEx1h.s:18     .text:00000000 SPIx_WriteByte
C:\Users\ADMINI~1\AppData\Local\Temp/ccJNEx1h.s:69     .text:00000022 SPIx_ReadByte
C:\Users\ADMINI~1\AppData\Local\Temp/ccJNEx1h.s:119    .text:00000044 SPIx_WriteWord
C:\Users\ADMINI~1\AppData\Local\Temp/ccJNEx1h.s:165    .text:00000066 SPIx_ReadWord
C:\Users\ADMINI~1\AppData\Local\Temp/ccJNEx1h.s:218    .text:00000090 A7139_WriteReg
C:\Users\ADMINI~1\AppData\Local\Temp/ccJNEx1h.s:246    .text:000000a6 A7139_ReadReg
C:\Users\ADMINI~1\AppData\Local\Temp/ccJNEx1h.s:274    .text:000000b4 A7139_WritePageA
C:\Users\ADMINI~1\AppData\Local\Temp/ccJNEx1h.s:307    .text:000000d4 A7139_WritePageB
C:\Users\ADMINI~1\AppData\Local\Temp/ccJNEx1h.s:346    .text:000000fa A7139_ReadPageA
C:\Users\ADMINI~1\AppData\Local\Temp/ccJNEx1h.s:371    .text:0000010e A7139_RCOSC_Cal
C:\Users\ADMINI~1\AppData\Local\Temp/ccJNEx1h.s:442    .text:00000164 StrobeCmd
C:\Users\ADMINI~1\AppData\Local\Temp/ccJNEx1h.s:462    .text:0000016c A7139_SetCID
C:\Users\ADMINI~1\AppData\Local\Temp/ccJNEx1h.s:515    .text:000001ac A7139_Init
C:\Users\ADMINI~1\AppData\Local\Temp/ccJNEx1h.s:1758   .data:00000000 A7139Config
C:\Users\ADMINI~1\AppData\Local\Temp/ccJNEx1h.s:1778   .data:00000020 A7139Config_PageA
C:\Users\ADMINI~1\AppData\Local\Temp/ccJNEx1h.s:1798   .data:00000040 A7139Config_PageB
C:\Users\ADMINI~1\AppData\Local\Temp/ccJNEx1h.s:955    .text:00000396 A7139_ReadCID
C:\Users\ADMINI~1\AppData\Local\Temp/ccJNEx1h.s:1009   .text:000003d2 A7139_ReadPID
C:\Users\ADMINI~1\AppData\Local\Temp/ccJNEx1h.s:1029   .text:000003e0 A7139_SetDataRate
C:\Users\ADMINI~1\AppData\Local\Temp/ccJNEx1h.s:1143   .text:00000460 A7139_WriteFIFO
C:\Users\ADMINI~1\AppData\Local\Temp/ccJNEx1h.s:1201   .text:0000049e A7139_ReadFIFO
C:\Users\ADMINI~1\AppData\Local\Temp/ccJNEx1h.s:1295   .text:000004f6 A7139_SetPackLen
C:\Users\ADMINI~1\AppData\Local\Temp/ccJNEx1h.s:1334   .text:0000051c A7139_IsBatteryLow
C:\Users\ADMINI~1\AppData\Local\Temp/ccJNEx1h.s:1401   .text:0000054e A7139_GetRSSI
C:\Users\ADMINI~1\AppData\Local\Temp/ccJNEx1h.s:1469   .text:0000059e A7139_WOT
C:\Users\ADMINI~1\AppData\Local\Temp/ccJNEx1h.s:1509   .text:000005cc A7139_WOR_BySync
C:\Users\ADMINI~1\AppData\Local\Temp/ccJNEx1h.s:1549   .text:000005fa A7139_WOR_ByPreamble
C:\Users\ADMINI~1\AppData\Local\Temp/ccJNEx1h.s:1607   .text:0000062e A7139_SetPowerLevel

UNDEFINED SYMBOLS
__divsf3
__fixunssfsi
__ltsf2
__floatsisf
__subsf3
__mulsf3
__do_copy_data
