Change Component Designator: Old Designator=BT? New Designator=BT1
Change Component Designator: Old Designator=C? New Designator=C58
Change Component Designator: Old Designator=C? New Designator=C59
Change Component Designator: Old Designator=D? New Designator=D7
Change Component Designator: Old Designator=D? New Designator=D8
Change Component Designator: Old Designator=K? New Designator=K1
Change Component Designator: Old Designator=K? New Designator=K2
Change Component Designator: Old Designator=Q? New Designator=Q3
Change Component Designator: Old Designator=R? New Designator=R39
Change Component Designator: Old Designator=R? New Designator=R40
Change Component Designator: Old Designator=R? New Designator=R41
Change Component Designator: Old Designator=R? New Designator=R42
Change Component Designator: Old Designator=R? New Designator=R43
Change Component Designator: Old Designator=R? New Designator=R44
Change Component Designator: Old Designator=R? New Designator=R45
Change Component Designator: Old Designator=R? New Designator=R46
Change Component Designator: Old Designator=R? New Designator=R47
Change Component Designator: Old Designator=R? New Designator=R48
Change Component Designator: Old Designator=R? New Designator=R49
Change Component Designator: Old Designator=R? New Designator=R50
Change Component Designator: Old Designator=R? New Designator=R51
Change Component Designator: Old Designator=R? New Designator=R52
Change Component Designator: Old Designator=U? New Designator=U8
Change Component Designator: Old Designator=U? New Designator=U9
