Added Component: Designator=BT1(CR1220)
Added Component: Designator=C1(1210C)
Added Component: Designator=C2(0603C)
Added Component: Designator=C3(0603C)
Added Component: Designator=C4(RAD-3/8)
Added Component: Designator=C5(RAD-3/8)
Added Component: Designator=C6(0603C)
Added Component: Designator=C7(0603C)
Added Component: Designator=C8(0603C)
Added Component: Designator=C9(0603C)
Added Component: Designator=C10(0603C)
Added Component: Designator=C11(0603C)
Added Component: Designator=C12(1210C)
Added Component: Designator=C13(1210C)
Added Component: Designator=C14(0603C)
Added Component: Designator=C15(0603C)
Added Component: Designator=C16(0603C)
Added Component: Designator=C17(0603C)
Added Component: Designator=C18(0603C)
Added Component: Designator=C19(0603C)
Added Component: Designator=C20(0603C)
Added Component: Designator=C21(0603C)
Added Component: Designator=C22(0603C)
Added Component: Designator=C23(0603C)
Added Component: Designator=C24(0603C)
Added Component: Designator=C25(0603C)
Added Component: Designator=C26(0603C)
Added Component: Designator=C27(0603C)
Added Component: Designator=C28(0603C)
Added Component: Designator=C29(RAD-3/6)
Added Component: Designator=C30(0603C)
Added Component: Designator=C31(0603C)
Added Component: Designator=C32(0603C)
Added Component: Designator=C33(0603C)
Added Component: Designator=C34(0603C)
Added Component: Designator=C35(0603C)
Added Component: Designator=C36(RAD-3/6)
Added Component: Designator=C37(0603C)
Added Component: Designator=C38(0603C)
Added Component: Designator=C39(0603C)
Added Component: Designator=C40(0603C)
Added Component: Designator=C41(0603C)
Added Component: Designator=C42(0603C)
Added Component: Designator=C43(0603C)
Added Component: Designator=C44(0603C)
Added Component: Designator=C45(0603C)
Added Component: Designator=C46(0603C)
Added Component: Designator=C47(0603C)
Added Component: Designator=C48(0805C)
Added Component: Designator=C49(0805C)
Added Component: Designator=C50(0805C)
Added Component: Designator=C51(0603C)
Added Component: Designator=C52(0603C)
Added Component: Designator=C53(0805C)
Added Component: Designator=C54(0805C)
Added Component: Designator=C55(0603C)
Added Component: Designator=C56(0805C)
Added Component: Designator=C57(0805C)
Added Component: Designator=C58(0603C)
Added Component: Designator=C59(0603C)
Added Component: Designator=D1(SMA)
Added Component: Designator=D2(SMA)
Added Component: Designator=D3(0603D)
Added Component: Designator=D4(SOT-23)
Added Component: Designator=D5(0603D)
Added Component: Designator=D6(SMA)
Added Component: Designator=D7(SOT-23)
Added Component: Designator=D8(SOT-23)
Added Component: Designator=F1(1812F)
Added Component: Designator=F2(1812F)
Added Component: Designator=J1(IDC50X2-1.27MM_SMT)
Added Component: Designator=J2(IDC50X2-1.27MM_SMT)
Added Component: Designator=J3(DC+3.96)
Added Component: Designator=J4(IDC2X1-2.54MM-W)
Added Component: Designator=J5(RJ45C-48F-01GY2DPL2NL)
Added Component: Designator=J6(DB-9/M)
Added Component: Designator=J7(USB-D)
Added Component: Designator=J8(USB-D)
Added Component: Designator=J9(MicroUSB)
Added Component: Designator=J10(TF-CARD)
Added Component: Designator=J11(IDC10X2-2.54MM)
Added Component: Designator=K1(SS-SPB-4.5)
Added Component: Designator=K2(SS-SPB-4.5)
Added Component: Designator=L1(SDRH0632)
Added Component: Designator=L2(SDRH0420)
Added Component: Designator=L3(0805L)
Added Component: Designator=L4(0805L)
Added Component: Designator=L5(0805L)
Added Component: Designator=Q1(SOT-23)
Added Component: Designator=Q2(SOT-23)
Added Component: Designator=Q3(SOT-23)
Added Component: Designator=R1(0603R)
Added Component: Designator=R2(0603R)
Added Component: Designator=R3(0603R)
Added Component: Designator=R4(0603R)
Added Component: Designator=R5(0603R)
Added Component: Designator=R6(0603R)
Added Component: Designator=R7(0603R)
Added Component: Designator=R8(0603R)
Added Component: Designator=R9(0603R)
Added Component: Designator=R10(0603R)
Added Component: Designator=R11(0603R)
Added Component: Designator=R12(0603R)
Added Component: Designator=R13(0603R)
Added Component: Designator=R14(0603R)
Added Component: Designator=R15(0603R)
Added Component: Designator=R16(0603R)
Added Component: Designator=R17(0603R)
Added Component: Designator=R18(0603R)
Added Component: Designator=R19(0603R)
Added Component: Designator=R20(0603R)
Added Component: Designator=R21(0603R)
Added Component: Designator=R22(0603R)
Added Component: Designator=R23(0603R)
Added Component: Designator=R24(0603R)
Added Component: Designator=R25(0603R)
Added Component: Designator=R26(0603R)
Added Component: Designator=R27(0603R)
Added Component: Designator=R28(0603R)
Added Component: Designator=R29(0603R)
Added Component: Designator=R30(0603R)
Added Component: Designator=R31(0603R)
Added Component: Designator=R32(0603R)
Added Component: Designator=R33(0603R)
Added Component: Designator=R34(0603R)
Added Component: Designator=R35(0603R)
Added Component: Designator=R36(0603R)
Added Component: Designator=R37(0603R)
Added Component: Designator=R38(0603R)
Added Component: Designator=R39(0603R)
Added Component: Designator=R40(0603R)
Added Component: Designator=R41(0603R)
Added Component: Designator=R42(0603R)
Added Component: Designator=R43(0603R)
Added Component: Designator=R44(0603R)
Added Component: Designator=R45(0603R)
Added Component: Designator=R46(0603R)
Added Component: Designator=R47(0603R)
Added Component: Designator=R48(0603R)
Added Component: Designator=R49(0603R)
Added Component: Designator=R50(0603R)
Added Component: Designator=R51(0603R)
Added Component: Designator=R52(0603R)
Added Component: Designator=U1(SOIC8EP-1.27)
Added Component: Designator=U2(TSOT23-8)
Added Component: Designator=U3(SOP8-1.27)
Added Component: Designator=U4(SOIC14-1.27)
Added Component: Designator=U5(SOIC16-1.27)
Added Component: Designator=U6(QFN-36)
Added Component: Designator=U7(MSOP-8)
Added Component: Designator=U8(TSOT23-8)
Added Component: Designator=U9(SOP14-1.27)
Added Component: Designator=X1(OSC4-3225)
Added Pin To Net: NetName=485_A1 Pin=R16-1
Added Pin To Net: NetName=485_A1 Pin=R17-2
Added Pin To Net: NetName=485_A1 Pin=U3-6
Added Net: Name=485_A1
Added Pin To Net: NetName=485_B1 Pin=R15-1
Added Pin To Net: NetName=485_B1 Pin=R16-2
Added Pin To Net: NetName=485_B1 Pin=U3-7
Added Net: Name=485_B1
Added Pin To Net: NetName=485_DE1 Pin=U3-2
Added Pin To Net: NetName=485_DE1 Pin=U3-3
Added Pin To Net: NetName=485_DE1 Pin=U4-2
Added Net: Name=485_DE1
Added Pin To Net: NetName=AUGND Pin=J2-98
Added Net: Name=AUGND
Added Pin To Net: NetName=BAT_RTC Pin=J2-94
Added Pin To Net: NetName=BAT_RTC Pin=R51-1
Added Net: Name=BAT_RTC
Added Pin To Net: NetName=CAN1_RX Pin=J2-12
Added Net: Name=CAN1_RX
Added Pin To Net: NetName=CAN1_TX Pin=J2-10
Added Net: Name=CAN1_TX
Added Pin To Net: NetName=CAN2_RX Pin=J2-7
Added Net: Name=CAN2_RX
Added Pin To Net: NetName=CAN2_TX Pin=J2-9
Added Net: Name=CAN2_TX
Added Pin To Net: NetName=CCM_CLKO2 Pin=J2-36
Added Net: Name=CCM_CLKO2
Added Pin To Net: NetName=CLK1_N Pin=J2-83
Added Net: Name=CLK1_N
Added Pin To Net: NetName=CLK1_P Pin=J2-81
Added Net: Name=CLK1_P
Added Pin To Net: NetName=CSI0_HSYNCH Pin=J2-37
Added Net: Name=CSI0_HSYNCH
Added Pin To Net: NetName=CSI0_PIXCLK Pin=J2-38
Added Net: Name=CSI0_PIXCLK
Added Pin To Net: NetName=CSI_CLK0_N Pin=J2-61
Added Net: Name=CSI_CLK0_N
Added Pin To Net: NetName=CSI_CLK0_P Pin=J2-63
Added Net: Name=CSI_CLK0_P
Added Pin To Net: NetName=CSI_D0_N Pin=J2-71
Added Net: Name=CSI_D0_N
Added Pin To Net: NetName=CSI_D0_P Pin=J2-69
Added Net: Name=CSI_D0_P
Added Pin To Net: NetName=CSI_D1_N Pin=J2-67
Added Net: Name=CSI_D1_N
Added Pin To Net: NetName=CSI_D1_P Pin=J2-65
Added Net: Name=CSI_D1_P
Added Pin To Net: NetName=D_RXD Pin=J6-2
Added Pin To Net: NetName=D_RXD Pin=U5-8
Added Net: Name=D_RXD
Added Pin To Net: NetName=D_TXD Pin=J6-3
Added Pin To Net: NetName=D_TXD Pin=U5-7
Added Net: Name=D_TXD
Added Pin To Net: NetName=DISP0_CLK Pin=J1-32
Added Net: Name=DISP0_CLK
Added Pin To Net: NetName=DISP0_CNTRST Pin=J1-2
Added Net: Name=DISP0_CNTRST
Added Pin To Net: NetName=DISP0_DAT0 Pin=J1-26
Added Net: Name=DISP0_DAT0
Added Pin To Net: NetName=DISP0_DAT1 Pin=J1-25
Added Net: Name=DISP0_DAT1
Added Pin To Net: NetName=DISP0_DAT2 Pin=J1-24
Added Net: Name=DISP0_DAT2
Added Pin To Net: NetName=DISP0_DAT3 Pin=J1-23
Added Net: Name=DISP0_DAT3
Added Pin To Net: NetName=DISP0_DAT4 Pin=J1-22
Added Net: Name=DISP0_DAT4
Added Pin To Net: NetName=DISP0_DAT5 Pin=J1-21
Added Net: Name=DISP0_DAT5
Added Pin To Net: NetName=DISP0_DAT6 Pin=J1-20
Added Net: Name=DISP0_DAT6
Added Pin To Net: NetName=DISP0_DAT7 Pin=J1-19
Added Net: Name=DISP0_DAT7
Added Pin To Net: NetName=DISP0_DAT8 Pin=J1-18
Added Net: Name=DISP0_DAT8
Added Pin To Net: NetName=DISP0_DAT9 Pin=J1-17
Added Net: Name=DISP0_DAT9
Added Pin To Net: NetName=DISP0_DAT10 Pin=J1-16
Added Net: Name=DISP0_DAT10
Added Pin To Net: NetName=DISP0_DAT11 Pin=J1-15
Added Net: Name=DISP0_DAT11
Added Pin To Net: NetName=DISP0_DAT12 Pin=J1-14
Added Net: Name=DISP0_DAT12
Added Pin To Net: NetName=DISP0_DAT13 Pin=J1-13
Added Net: Name=DISP0_DAT13
Added Pin To Net: NetName=DISP0_DAT14 Pin=J1-12
Added Net: Name=DISP0_DAT14
Added Pin To Net: NetName=DISP0_DAT15 Pin=J1-11
Added Net: Name=DISP0_DAT15
Added Pin To Net: NetName=DISP0_DAT16 Pin=J1-10
Added Net: Name=DISP0_DAT16
Added Pin To Net: NetName=DISP0_DAT17 Pin=J1-9
Added Net: Name=DISP0_DAT17
Added Pin To Net: NetName=DISP0_DAT18 Pin=J1-8
Added Net: Name=DISP0_DAT18
Added Pin To Net: NetName=DISP0_DAT19 Pin=J1-7
Added Net: Name=DISP0_DAT19
Added Pin To Net: NetName=DISP0_DAT20 Pin=J1-6
Added Net: Name=DISP0_DAT20
Added Pin To Net: NetName=DISP0_DAT21 Pin=J1-5
Added Net: Name=DISP0_DAT21
Added Pin To Net: NetName=DISP0_DAT22 Pin=J1-4
Added Net: Name=DISP0_DAT22
Added Pin To Net: NetName=DISP0_DAT23 Pin=J1-3
Added Net: Name=DISP0_DAT23
Added Pin To Net: NetName=DISP0_DRDY Pin=J1-30
Added Net: Name=DISP0_DRDY
Added Pin To Net: NetName=DISP0_HSYNCH Pin=J1-27
Added Net: Name=DISP0_HSYNCH
Added Pin To Net: NetName=DISP0_VSYNCH Pin=J1-28
Added Net: Name=DISP0_VSYNCH
Added Pin To Net: NetName=EARTH Pin=J5-15
Added Pin To Net: NetName=EARTH Pin=J5-16
Added Pin To Net: NetName=EARTH Pin=J6-BO1
Added Pin To Net: NetName=EARTH Pin=J6-BO2
Added Pin To Net: NetName=EARTH Pin=J7-9
Added Pin To Net: NetName=EARTH Pin=J7-10
Added Pin To Net: NetName=EARTH Pin=J7-11
Added Pin To Net: NetName=EARTH Pin=J7-12
Added Pin To Net: NetName=EARTH Pin=J8-9
Added Pin To Net: NetName=EARTH Pin=J8-10
Added Pin To Net: NetName=EARTH Pin=J8-11
Added Pin To Net: NetName=EARTH Pin=J8-12
Added Pin To Net: NetName=EARTH Pin=L3-2
Added Net: Name=EARTH
Added Pin To Net: NetName=ECSPI1_CLK Pin=J1-66
Added Net: Name=ECSPI1_CLK
Added Pin To Net: NetName=ECSPI1_CS1 Pin=J1-68
Added Net: Name=ECSPI1_CS1
Added Pin To Net: NetName=ECSPI1_MISO Pin=J1-63
Added Net: Name=ECSPI1_MISO
Added Pin To Net: NetName=ECSPI1_MOSI Pin=J1-61
Added Net: Name=ECSPI1_MOSI
Added Pin To Net: NetName=ECSPI5_CLK Pin=J1-72
Added Net: Name=ECSPI5_CLK
Added Pin To Net: NetName=ECSPI5_CS0 Pin=J1-70
Added Net: Name=ECSPI5_CS0
Added Pin To Net: NetName=ECSPI5_MISO Pin=J1-65
Added Net: Name=ECSPI5_MISO
Added Pin To Net: NetName=ECSPI5_MOSI Pin=J1-67
Added Net: Name=ECSPI5_MOSI
Added Pin To Net: NetName=EIM_BCLK Pin=J1-35
Added Net: Name=EIM_BCLK
Added Pin To Net: NetName=EIM_CS0 Pin=J1-55
Added Net: Name=EIM_CS0
Added Pin To Net: NetName=EIM_CS1 Pin=J1-56
Added Net: Name=EIM_CS1
Added Pin To Net: NetName=EIM_DA0 Pin=J1-54
Added Net: Name=EIM_DA0
Added Pin To Net: NetName=EIM_DA1 Pin=J1-53
Added Net: Name=EIM_DA1
Added Pin To Net: NetName=EIM_DA2 Pin=J1-52
Added Net: Name=EIM_DA2
Added Pin To Net: NetName=EIM_DA3 Pin=J1-51
Added Net: Name=EIM_DA3
Added Pin To Net: NetName=EIM_DA4 Pin=J1-50
Added Net: Name=EIM_DA4
Added Pin To Net: NetName=EIM_DA5 Pin=J1-49
Added Net: Name=EIM_DA5
Added Pin To Net: NetName=EIM_DA6 Pin=J1-48
Added Net: Name=EIM_DA6
Added Pin To Net: NetName=EIM_DA7 Pin=J1-47
Added Net: Name=EIM_DA7
Added Pin To Net: NetName=EIM_DA8 Pin=J1-46
Added Net: Name=EIM_DA8
Added Pin To Net: NetName=EIM_DA9 Pin=J1-45
Added Net: Name=EIM_DA9
Added Pin To Net: NetName=EIM_DA10 Pin=J1-44
Added Pin To Net: NetName=EIM_DA10 Pin=J11-18
Added Net: Name=EIM_DA10
Added Pin To Net: NetName=EIM_DA11 Pin=J1-43
Added Pin To Net: NetName=EIM_DA11 Pin=J11-16
Added Net: Name=EIM_DA11
Added Pin To Net: NetName=EIM_DA12 Pin=J1-42
Added Pin To Net: NetName=EIM_DA12 Pin=J11-13
Added Net: Name=EIM_DA12
Added Pin To Net: NetName=EIM_DA13 Pin=J1-41
Added Net: Name=EIM_DA13
Added Pin To Net: NetName=EIM_DA14 Pin=J1-40
Added Pin To Net: NetName=EIM_DA14 Pin=J11-14
Added Net: Name=EIM_DA14
Added Pin To Net: NetName=EIM_DA15 Pin=J1-39
Added Net: Name=EIM_DA15
Added Pin To Net: NetName=EIM_DATA0 Pin=J2-40
Added Net: Name=EIM_DATA0
Added Pin To Net: NetName=EIM_DATA1 Pin=J2-39
Added Net: Name=EIM_DATA1
Added Pin To Net: NetName=EIM_DATA2 Pin=J2-42
Added Net: Name=EIM_DATA2
Added Pin To Net: NetName=EIM_DATA3 Pin=J2-41
Added Net: Name=EIM_DATA3
Added Pin To Net: NetName=EIM_DATA4 Pin=J2-44
Added Net: Name=EIM_DATA4
Added Pin To Net: NetName=EIM_DATA5 Pin=J2-43
Added Net: Name=EIM_DATA5
Added Pin To Net: NetName=EIM_DATA6 Pin=J2-46
Added Net: Name=EIM_DATA6
Added Pin To Net: NetName=EIM_DATA7 Pin=J2-45
Added Net: Name=EIM_DATA7
Added Pin To Net: NetName=EIM_DATA8 Pin=J2-48
Added Net: Name=EIM_DATA8
Added Pin To Net: NetName=EIM_DATA9 Pin=J2-47
Added Net: Name=EIM_DATA9
Added Pin To Net: NetName=EIM_DATA10 Pin=J2-50
Added Net: Name=EIM_DATA10
Added Pin To Net: NetName=EIM_DATA11 Pin=J2-49
Added Net: Name=EIM_DATA11
Added Pin To Net: NetName=EIM_DATA12 Pin=J2-52
Added Net: Name=EIM_DATA12
Added Pin To Net: NetName=EIM_DATA13 Pin=J2-51
Added Net: Name=EIM_DATA13
Added Pin To Net: NetName=EIM_DATA14 Pin=J2-54
Added Net: Name=EIM_DATA14
Added Pin To Net: NetName=EIM_DATA15 Pin=J2-53
Added Net: Name=EIM_DATA15
Added Pin To Net: NetName=EIM_EB0 Pin=J1-64
Added Net: Name=EIM_EB0
Added Pin To Net: NetName=EIM_EB1 Pin=J1-57
Added Net: Name=EIM_EB1
Added Pin To Net: NetName=EIM_LBA Pin=J1-62
Added Net: Name=EIM_LBA
Added Pin To Net: NetName=EIM_OE Pin=J1-58
Added Net: Name=EIM_OE
Added Pin To Net: NetName=EIM_RW Pin=J1-60
Added Net: Name=EIM_RW
Added Pin To Net: NetName=EIM_WAIT Pin=J1-37
Added Net: Name=EIM_WAIT
Added Pin To Net: NetName=GND Pin=BT1-2
Added Pin To Net: NetName=GND Pin=C1-2
Added Pin To Net: NetName=GND Pin=C2-2
Added Pin To Net: NetName=GND Pin=C4-2
Added Pin To Net: NetName=GND Pin=C5-2
Added Pin To Net: NetName=GND Pin=C6-2
Added Pin To Net: NetName=GND Pin=C7-2
Added Pin To Net: NetName=GND Pin=C9-2
Added Pin To Net: NetName=GND Pin=C10-2
Added Pin To Net: NetName=GND Pin=C12-2
Added Pin To Net: NetName=GND Pin=C13-2
Added Pin To Net: NetName=GND Pin=C15-2
Added Pin To Net: NetName=GND Pin=C16-2
Added Pin To Net: NetName=GND Pin=C17-2
Added Pin To Net: NetName=GND Pin=C18-2
Added Pin To Net: NetName=GND Pin=C19-2
Added Pin To Net: NetName=GND Pin=C20-1
Added Pin To Net: NetName=GND Pin=C21-2
Added Pin To Net: NetName=GND Pin=C22-1
Added Pin To Net: NetName=GND Pin=C23-2
Added Pin To Net: NetName=GND Pin=C26-2
Added Pin To Net: NetName=GND Pin=C27-2
Added Pin To Net: NetName=GND Pin=C29-2
Added Pin To Net: NetName=GND Pin=C30-1
Added Pin To Net: NetName=GND Pin=C31-1
Added Pin To Net: NetName=GND Pin=C32-1
Added Pin To Net: NetName=GND Pin=C33-1
Added Pin To Net: NetName=GND Pin=C34-1
Added Pin To Net: NetName=GND Pin=C35-1
Added Pin To Net: NetName=GND Pin=C36-2
Added Pin To Net: NetName=GND Pin=C37-1
Added Pin To Net: NetName=GND Pin=C38-1
Added Pin To Net: NetName=GND Pin=C39-1
Added Pin To Net: NetName=GND Pin=C40-1
Added Pin To Net: NetName=GND Pin=C41-1
Added Pin To Net: NetName=GND Pin=C42-1
Added Pin To Net: NetName=GND Pin=C43-1
Added Pin To Net: NetName=GND Pin=C44-1
Added Pin To Net: NetName=GND Pin=C45-1
Added Pin To Net: NetName=GND Pin=C46-1
Added Pin To Net: NetName=GND Pin=C47-1
Added Pin To Net: NetName=GND Pin=C48-1
Added Pin To Net: NetName=GND Pin=C49-1
Added Pin To Net: NetName=GND Pin=C50-1
Added Pin To Net: NetName=GND Pin=C51-2
Added Pin To Net: NetName=GND Pin=C52-2
Added Pin To Net: NetName=GND Pin=C53-1
Added Pin To Net: NetName=GND Pin=C54-1
Added Pin To Net: NetName=GND Pin=C55-2
Added Pin To Net: NetName=GND Pin=C56-1
Added Pin To Net: NetName=GND Pin=C57-1
Added Pin To Net: NetName=GND Pin=C58-1
Added Pin To Net: NetName=GND Pin=C59-1
Added Pin To Net: NetName=GND Pin=D2-A
Added Pin To Net: NetName=GND Pin=D3-K
Added Pin To Net: NetName=GND Pin=D5-K
Added Pin To Net: NetName=GND Pin=J1-33
Added Pin To Net: NetName=GND Pin=J1-38
Added Pin To Net: NetName=GND Pin=J1-59
Added Pin To Net: NetName=GND Pin=J1-89
Added Pin To Net: NetName=GND Pin=J2-5
Added Pin To Net: NetName=GND Pin=J2-6
Added Pin To Net: NetName=GND Pin=J2-34
Added Pin To Net: NetName=GND Pin=J2-55
Added Pin To Net: NetName=GND Pin=J2-92
Added Pin To Net: NetName=GND Pin=J3-1
Added Pin To Net: NetName=GND Pin=J3-3
Added Pin To Net: NetName=GND Pin=J3-4
Added Pin To Net: NetName=GND Pin=J4-1
Added Pin To Net: NetName=GND Pin=J6-5
Added Pin To Net: NetName=GND Pin=J7-4
Added Pin To Net: NetName=GND Pin=J7-8
Added Pin To Net: NetName=GND Pin=J8-4
Added Pin To Net: NetName=GND Pin=J8-8
Added Pin To Net: NetName=GND Pin=J9-5
Added Pin To Net: NetName=GND Pin=J10-6
Added Pin To Net: NetName=GND Pin=J10-10
Added Pin To Net: NetName=GND Pin=J10-11
Added Pin To Net: NetName=GND Pin=J10-12
Added Pin To Net: NetName=GND Pin=J10-13
Added Pin To Net: NetName=GND Pin=J11-5
Added Pin To Net: NetName=GND Pin=J11-6
Added Pin To Net: NetName=GND Pin=J11-19
Added Pin To Net: NetName=GND Pin=K1-1
Added Pin To Net: NetName=GND Pin=K1-2
Added Pin To Net: NetName=GND Pin=K2-1
Added Pin To Net: NetName=GND Pin=K2-2
Added Pin To Net: NetName=GND Pin=L3-1
Added Pin To Net: NetName=GND Pin=Q1-3
Added Pin To Net: NetName=GND Pin=Q2-3
Added Pin To Net: NetName=GND Pin=Q3-2
Added Pin To Net: NetName=GND Pin=R2-2
Added Pin To Net: NetName=GND Pin=R3-1
Added Pin To Net: NetName=GND Pin=R8-1
Added Pin To Net: NetName=GND Pin=R15-2
Added Pin To Net: NetName=GND Pin=R25-2
Added Pin To Net: NetName=GND Pin=R26-2
Added Pin To Net: NetName=GND Pin=R27-2
Added Pin To Net: NetName=GND Pin=R28-1
Added Pin To Net: NetName=GND Pin=R30-2
Added Pin To Net: NetName=GND Pin=U1-4
Added Pin To Net: NetName=GND Pin=U1-9
Added Pin To Net: NetName=GND Pin=U2-4
Added Pin To Net: NetName=GND Pin=U3-5
Added Pin To Net: NetName=GND Pin=U5-15
Added Pin To Net: NetName=GND Pin=U6-11
Added Pin To Net: NetName=GND Pin=U6-37
Added Pin To Net: NetName=GND Pin=U7-1
Added Pin To Net: NetName=GND Pin=U8-2
Added Pin To Net: NetName=GND Pin=U9-11
Added Pin To Net: NetName=GND Pin=X1-2
Added Pin To Net: NetName=GND Pin=X1-4
Added Net: Name=GND
Added Pin To Net: NetName=HDMI_CEC Pin=J2-59
Added Net: Name=HDMI_CEC
Added Pin To Net: NetName=HDMI_CLK_N Pin=J2-72
Added Net: Name=HDMI_CLK_N
Added Pin To Net: NetName=HDMI_CLK_P Pin=J2-74
Added Net: Name=HDMI_CLK_P
Added Pin To Net: NetName=HDMI_D0_N Pin=J2-62
Added Net: Name=HDMI_D0_N
Added Pin To Net: NetName=HDMI_D0_P Pin=J2-60
Added Net: Name=HDMI_D0_P
Added Pin To Net: NetName=HDMI_D1_N Pin=J2-68
Added Net: Name=HDMI_D1_N
Added Pin To Net: NetName=HDMI_D1_P Pin=J2-70
Added Net: Name=HDMI_D1_P
Added Pin To Net: NetName=HDMI_D2_N Pin=J2-64
Added Net: Name=HDMI_D2_N
Added Pin To Net: NetName=HDMI_D2_P Pin=J2-66
Added Net: Name=HDMI_D2_P
Added Pin To Net: NetName=HDMI_HPD Pin=J2-57
Added Net: Name=HDMI_HPD
Added Pin To Net: NetName=HDMI_TX_DDC_SCL Pin=J2-58
Added Net: Name=HDMI_TX_DDC_SCL
Added Pin To Net: NetName=HDMI_TX_DDC_SDA Pin=J2-56
Added Net: Name=HDMI_TX_DDC_SDA
Added Pin To Net: NetName=HPL Pin=J2-97
Added Net: Name=HPL
Added Pin To Net: NetName=HPR Pin=J2-99
Added Net: Name=HPR
Added Pin To Net: NetName=I2C3_SCL Pin=J2-13
Added Pin To Net: NetName=I2C3_SCL Pin=R38-1
Added Pin To Net: NetName=I2C3_SCL Pin=R47-1
Added Pin To Net: NetName=I2C3_SCL Pin=U9-2
Added Net: Name=I2C3_SCL
Added Pin To Net: NetName=I2C3_SDA Pin=J2-11
Added Pin To Net: NetName=I2C3_SDA Pin=R37-1
Added Pin To Net: NetName=I2C3_SDA Pin=R48-1
Added Pin To Net: NetName=I2C3_SDA Pin=U9-13
Added Net: Name=I2C3_SDA
Added Pin To Net: NetName=LED_ACT Pin=J1-92
Added Pin To Net: NetName=LED_ACT Pin=J5-13
Added Net: Name=LED_ACT
Added Pin To Net: NetName=LED_LINK10_100 Pin=J1-91
Added Pin To Net: NetName=LED_LINK10_100 Pin=R14-2
Added Net: Name=LED_LINK10_100
Added Pin To Net: NetName=LED_LINK1000 Pin=J1-90
Added Pin To Net: NetName=LED_LINK1000 Pin=R13-2
Added Net: Name=LED_LINK1000
Added Pin To Net: NetName=LVDS0_CLK_N Pin=J2-14
Added Net: Name=LVDS0_CLK_N
Added Pin To Net: NetName=LVDS0_CLK_P Pin=J2-16
Added Net: Name=LVDS0_CLK_P
Added Pin To Net: NetName=LVDS0_TX0_N Pin=J2-30
Added Net: Name=LVDS0_TX0_N
Added Pin To Net: NetName=LVDS0_TX0_P Pin=J2-32
Added Net: Name=LVDS0_TX0_P
Added Pin To Net: NetName=LVDS0_TX1_N Pin=J2-18
Added Net: Name=LVDS0_TX1_N
Added Pin To Net: NetName=LVDS0_TX1_P Pin=J2-20
Added Net: Name=LVDS0_TX1_P
Added Pin To Net: NetName=LVDS0_TX2_N Pin=J2-26
Added Net: Name=LVDS0_TX2_N
Added Pin To Net: NetName=LVDS0_TX2_P Pin=J2-28
Added Net: Name=LVDS0_TX2_P
Added Pin To Net: NetName=LVDS0_TX3_N Pin=J2-22
Added Net: Name=LVDS0_TX3_N
Added Pin To Net: NetName=LVDS0_TX3_P Pin=J2-24
Added Net: Name=LVDS0_TX3_P
Added Pin To Net: NetName=LVDS1_CLK_N Pin=J2-33
Added Net: Name=LVDS1_CLK_N
Added Pin To Net: NetName=LVDS1_CLK_P Pin=J2-31
Added Net: Name=LVDS1_CLK_P
Added Pin To Net: NetName=LVDS1_TX0_N Pin=J2-29
Added Net: Name=LVDS1_TX0_N
Added Pin To Net: NetName=LVDS1_TX0_P Pin=J2-27
Added Net: Name=LVDS1_TX0_P
Added Pin To Net: NetName=LVDS1_TX1_N Pin=J2-23
Added Net: Name=LVDS1_TX1_N
Added Pin To Net: NetName=LVDS1_TX1_P Pin=J2-25
Added Net: Name=LVDS1_TX1_P
Added Pin To Net: NetName=LVDS1_TX2_N Pin=J2-21
Added Net: Name=LVDS1_TX2_N
Added Pin To Net: NetName=LVDS1_TX2_P Pin=J2-19
Added Net: Name=LVDS1_TX2_P
Added Pin To Net: NetName=LVDS1_TX3_N Pin=J2-17
Added Net: Name=LVDS1_TX3_N
Added Pin To Net: NetName=LVDS1_TX3_P Pin=J2-15
Added Net: Name=LVDS1_TX3_P
Added Pin To Net: NetName=MIC Pin=J2-100
Added Net: Name=MIC
Added Pin To Net: NetName=MINIPCIE1V5 Pin=J2-8
Added Net: Name=MINIPCIE1V5
Added Pin To Net: NetName=NetBT1_1 Pin=BT1-1
Added Pin To Net: NetName=NetBT1_1 Pin=D8-1
Added Pin To Net: NetName=NetBT1_1 Pin=R51-2
Added Net: Name=NetBT1_1
Added Pin To Net: NetName=NetC3_1 Pin=C3-1
Added Pin To Net: NetName=NetC3_1 Pin=U1-1
Added Net: Name=NetC3_1
Added Pin To Net: NetName=NetC3_2 Pin=C3-2
Added Pin To Net: NetName=NetC3_2 Pin=D2-K
Added Pin To Net: NetName=NetC3_2 Pin=L1-1
Added Pin To Net: NetName=NetC3_2 Pin=U1-3
Added Net: Name=NetC3_2
Added Pin To Net: NetName=NetC7_1 Pin=C7-1
Added Pin To Net: NetName=NetC7_1 Pin=U1-8
Added Net: Name=NetC7_1
Added Pin To Net: NetName=NetC8_1 Pin=C8-1
Added Pin To Net: NetName=NetC8_1 Pin=U1-6
Added Net: Name=NetC8_1
Added Pin To Net: NetName=NetC8_2 Pin=C8-2
Added Pin To Net: NetName=NetC8_2 Pin=R2-1
Added Net: Name=NetC8_2
Added Pin To Net: NetName=NetC11_1 Pin=C11-1
Added Pin To Net: NetName=NetC11_1 Pin=R4-1
Added Net: Name=NetC11_1
Added Pin To Net: NetName=NetC11_2 Pin=C11-2
Added Pin To Net: NetName=NetC11_2 Pin=L2-1
Added Pin To Net: NetName=NetC11_2 Pin=U2-3
Added Net: Name=NetC11_2
Added Pin To Net: NetName=NetC14_1 Pin=C14-1
Added Pin To Net: NetName=NetC14_1 Pin=R6-1
Added Pin To Net: NetName=NetC14_1 Pin=R7-1
Added Pin To Net: NetName=NetC14_1 Pin=R8-2
Added Net: Name=NetC14_1
Added Pin To Net: NetName=NetC16_1 Pin=C16-1
Added Pin To Net: NetName=NetC16_1 Pin=R5-1
Added Pin To Net: NetName=NetC16_1 Pin=U2-6
Added Net: Name=NetC16_1
Added Pin To Net: NetName=NetC17_1 Pin=C17-1
Added Pin To Net: NetName=NetC17_1 Pin=U2-7
Added Net: Name=NetC17_1
Added Pin To Net: NetName=NetC18_1 Pin=C18-1
Added Pin To Net: NetName=NetC18_1 Pin=U2-1
Added Net: Name=NetC18_1
Added Pin To Net: NetName=NetC19_1 Pin=C19-1
Added Pin To Net: NetName=NetC19_1 Pin=J5-5
Added Pin To Net: NetName=NetC19_1 Pin=J5-6
Added Pin To Net: NetName=NetC19_1 Pin=R12-2
Added Net: Name=NetC19_1
Added Pin To Net: NetName=NetC20_2 Pin=C20-2
Added Pin To Net: NetName=NetC20_2 Pin=R12-1
Added Net: Name=NetC20_2
Added Pin To Net: NetName=NetC22_2 Pin=C22-2
Added Pin To Net: NetName=NetC22_2 Pin=D4-1
Added Pin To Net: NetName=NetC22_2 Pin=R18-1
Added Pin To Net: NetName=NetC22_2 Pin=U4-1
Added Net: Name=NetC22_2
Added Pin To Net: NetName=NetC24_1 Pin=C24-1
Added Pin To Net: NetName=NetC24_1 Pin=U5-1
Added Net: Name=NetC24_1
Added Pin To Net: NetName=NetC24_2 Pin=C24-2
Added Pin To Net: NetName=NetC24_2 Pin=U5-3
Added Net: Name=NetC24_2
Added Pin To Net: NetName=NetC25_1 Pin=C25-1
Added Pin To Net: NetName=NetC25_1 Pin=U5-2
Added Net: Name=NetC25_1
Added Pin To Net: NetName=NetC27_1 Pin=C27-1
Added Pin To Net: NetName=NetC27_1 Pin=U5-6
Added Net: Name=NetC27_1
Added Pin To Net: NetName=NetC28_1 Pin=C28-1
Added Pin To Net: NetName=NetC28_1 Pin=U5-4
Added Net: Name=NetC28_1
Added Pin To Net: NetName=NetC28_2 Pin=C28-2
Added Pin To Net: NetName=NetC28_2 Pin=U5-5
Added Net: Name=NetC28_2
Added Pin To Net: NetName=NetC31_2 Pin=C31-2
Added Pin To Net: NetName=NetC31_2 Pin=R24-2
Added Pin To Net: NetName=NetC31_2 Pin=U6-26
Added Net: Name=NetC31_2
Added Pin To Net: NetName=NetC38_2 Pin=C38-2
Added Pin To Net: NetName=NetC38_2 Pin=R31-1
Added Pin To Net: NetName=NetC38_2 Pin=U6-33
Added Pin To Net: NetName=NetC38_2 Pin=X1-1
Added Net: Name=NetC38_2
Added Pin To Net: NetName=NetC39_2 Pin=C39-2
Added Pin To Net: NetName=NetC39_2 Pin=R31-2
Added Pin To Net: NetName=NetC39_2 Pin=U6-32
Added Pin To Net: NetName=NetC39_2 Pin=X1-3
Added Net: Name=NetC39_2
Added Pin To Net: NetName=NetC45_2 Pin=C45-2
Added Pin To Net: NetName=NetC45_2 Pin=U6-34
Added Net: Name=NetC45_2
Added Pin To Net: NetName=NetC46_2 Pin=C46-2
Added Pin To Net: NetName=NetC46_2 Pin=U6-14
Added Net: Name=NetC46_2
Added Pin To Net: NetName=NetC52_1 Pin=C52-1
Added Pin To Net: NetName=NetC52_1 Pin=C53-2
Added Pin To Net: NetName=NetC52_1 Pin=C54-2
Added Pin To Net: NetName=NetC52_1 Pin=L4-2
Added Pin To Net: NetName=NetC52_1 Pin=L5-1
Added Net: Name=NetC52_1
Added Pin To Net: NetName=NetD1_1 Pin=F1-1
Added Net: Name=NetD1_1
Added Pin To Net: NetName=NetD3_A Pin=D3-A
Added Pin To Net: NetName=NetD3_A Pin=R9-1
Added Net: Name=NetD3_A
Added Pin To Net: NetName=NetD5_A Pin=D5-A
Added Pin To Net: NetName=NetD5_A Pin=R29-1
Added Net: Name=NetD5_A
Added Pin To Net: NetName=NetD6_K Pin=D6-K
Added Pin To Net: NetName=NetD6_K Pin=R32-2
Added Pin To Net: NetName=NetD6_K Pin=U7-2
Added Pin To Net: NetName=NetD6_K Pin=U7-3
Added Net: Name=NetD6_K
Added Pin To Net: NetName=NetD8_3 Pin=D8-3
Added Pin To Net: NetName=NetD8_3 Pin=R52-2
Added Pin To Net: NetName=NetD8_3 Pin=U9-6
Added Net: Name=NetD8_3
Added Pin To Net: NetName=NetF1_2 Pin=F1-2
Added Pin To Net: NetName=NetF1_2 Pin=J3-2
Added Pin To Net: NetName=NetF1_2 Pin=J3-5
Added Pin To Net: NetName=NetF1_2 Pin=J4-2
Added Net: Name=NetF1_2
Added Pin To Net: NetName=NetJ5_11 Pin=J5-11
Added Pin To Net: NetName=NetJ5_11 Pin=R10-1
Added Net: Name=NetJ5_11
Added Pin To Net: NetName=NetJ5_12 Pin=J5-12
Added Pin To Net: NetName=NetJ5_12 Pin=Q1-2
Added Pin To Net: NetName=NetJ5_12 Pin=Q2-2
Added Net: Name=NetJ5_12
Added Pin To Net: NetName=NetJ5_14 Pin=J5-14
Added Pin To Net: NetName=NetJ5_14 Pin=R11-1
Added Net: Name=NetJ5_14
Added Pin To Net: NetName=NetJ9_2 Pin=J9-2
Added Pin To Net: NetName=NetJ9_2 Pin=R33-1
Added Net: Name=NetJ9_2
Added Pin To Net: NetName=NetJ9_3 Pin=J9-3
Added Pin To Net: NetName=NetJ9_3 Pin=R34-1
Added Net: Name=NetJ9_3
Added Pin To Net: NetName=NetQ1_1 Pin=Q1-1
Added Pin To Net: NetName=NetQ1_1 Pin=R13-1
Added Net: Name=NetQ1_1
Added Pin To Net: NetName=NetQ2_1 Pin=Q2-1
Added Pin To Net: NetName=NetQ2_1 Pin=R14-1
Added Net: Name=NetQ2_1
Added Pin To Net: NetName=NetQ3_3 Pin=Q3-3
Added Pin To Net: NetName=NetQ3_3 Pin=R43-1
Added Pin To Net: NetName=NetQ3_3 Pin=U8-6
Added Net: Name=NetQ3_3
Added Pin To Net: NetName=NetR1_1 Pin=R1-1
Added Pin To Net: NetName=NetR1_1 Pin=R3-2
Added Pin To Net: NetName=NetR1_1 Pin=U1-5
Added Net: Name=NetR1_1
Added Pin To Net: NetName=NetR4_2 Pin=R4-2
Added Pin To Net: NetName=NetR4_2 Pin=U2-5
Added Net: Name=NetR4_2
Added Pin To Net: NetName=NetR7_2 Pin=R7-2
Added Pin To Net: NetName=NetR7_2 Pin=U2-8
Added Net: Name=NetR7_2
Added Pin To Net: NetName=NetR19_1 Pin=R19-1
Added Pin To Net: NetName=NetR19_1 Pin=U6-27
Added Net: Name=NetR19_1
Added Pin To Net: NetName=NetR20_2 Pin=R20-2
Added Pin To Net: NetName=NetR20_2 Pin=U6-13
Added Net: Name=NetR20_2
Added Pin To Net: NetName=NetR21_2 Pin=R21-2
Added Pin To Net: NetName=NetR21_2 Pin=U6-17
Added Net: Name=NetR21_2
Added Pin To Net: NetName=NetR22_2 Pin=R22-2
Added Pin To Net: NetName=NetR22_2 Pin=U6-19
Added Net: Name=NetR22_2
Added Pin To Net: NetName=NetR23_2 Pin=R23-2
Added Pin To Net: NetName=NetR23_2 Pin=U6-21
Added Net: Name=NetR23_2
Added Pin To Net: NetName=NetR25_1 Pin=R25-1
Added Pin To Net: NetName=NetR25_1 Pin=U6-25
Added Net: Name=NetR25_1
Added Pin To Net: NetName=NetR26_1 Pin=R26-1
Added Pin To Net: NetName=NetR26_1 Pin=U6-24
Added Net: Name=NetR26_1
Added Pin To Net: NetName=NetR27_1 Pin=R27-1
Added Pin To Net: NetName=NetR27_1 Pin=U6-22
Added Net: Name=NetR27_1
Added Pin To Net: NetName=NetR28_2 Pin=R28-2
Added Pin To Net: NetName=NetR28_2 Pin=U6-35
Added Net: Name=NetR28_2
Added Pin To Net: NetName=NetR29_2 Pin=R29-2
Added Pin To Net: NetName=NetR29_2 Pin=R30-1
Added Pin To Net: NetName=NetR29_2 Pin=U6-28
Added Net: Name=NetR29_2
Added Pin To Net: NetName=NetR32_1 Pin=R32-1
Added Pin To Net: NetName=NetR32_1 Pin=U7-5
Added Net: Name=NetR32_1
Added Pin To Net: NetName=NetR39_1 Pin=R39-1
Added Pin To Net: NetName=NetR39_1 Pin=U8-5
Added Net: Name=NetR39_1
Added Pin To Net: NetName=NetR40_1 Pin=R40-1
Added Pin To Net: NetName=NetR40_1 Pin=U8-4
Added Net: Name=NetR40_1
Added Pin To Net: NetName=NetR41_1 Pin=R41-1
Added Pin To Net: NetName=NetR41_1 Pin=R45-1
Added Pin To Net: NetName=NetR41_1 Pin=U8-7
Added Net: Name=NetR41_1
Added Pin To Net: NetName=NetR49_1 Pin=R49-1
Added Pin To Net: NetName=NetR49_1 Pin=U9-12
Added Net: Name=NetR49_1
Added Pin To Net: NetName=NetR50_1 Pin=R50-1
Added Pin To Net: NetName=NetR50_1 Pin=U9-10
Added Net: Name=NetR50_1
Added Pin To Net: NetName=NetR52_1 Pin=R52-1
Added Pin To Net: NetName=NetR52_1 Pin=U9-5
Added Net: Name=NetR52_1
Added Pin To Net: NetName=NRST_E Pin=J2-95
Added Pin To Net: NetName=NRST_E Pin=K1-3
Added Pin To Net: NetName=NRST_E Pin=K1-4
Added Pin To Net: NetName=NRST_E Pin=R45-2
Added Net: Name=NRST_E
Added Pin To Net: NetName=ONOFF Pin=J2-96
Added Pin To Net: NetName=ONOFF Pin=K2-3
Added Pin To Net: NetName=ONOFF Pin=K2-4
Added Net: Name=ONOFF
Added Pin To Net: NetName=PCIE_RX_N Pin=J2-75
Added Net: Name=PCIE_RX_N
Added Pin To Net: NetName=PCIE_RX_P Pin=J2-73
Added Net: Name=PCIE_RX_P
Added Pin To Net: NetName=PCIE_TX_N Pin=J2-79
Added Net: Name=PCIE_TX_N
Added Pin To Net: NetName=PCIE_TX_P Pin=J2-77
Added Net: Name=PCIE_TX_P
Added Pin To Net: NetName=POR_B Pin=D7-3
Added Pin To Net: NetName=POR_B Pin=J2-35
Added Net: Name=POR_B
Added Pin To Net: NetName=PWM1_OUT Pin=J1-1
Added Net: Name=PWM1_OUT
Added Pin To Net: NetName=RESET_B Pin=D7-2
Added Pin To Net: NetName=RESET_B Pin=J11-20
Added Pin To Net: NetName=RESET_B Pin=R46-1
Added Net: Name=RESET_B
Added Pin To Net: NetName=SATA_RX_N Pin=J2-82
Added Net: Name=SATA_RX_N
Added Pin To Net: NetName=SATA_RX_P Pin=J2-80
Added Net: Name=SATA_RX_P
Added Pin To Net: NetName=SATA_TX_N Pin=J2-76
Added Net: Name=SATA_TX_N
Added Pin To Net: NetName=SATA_TX_P Pin=J2-78
Added Net: Name=SATA_TX_P
Added Pin To Net: NetName=SD2_CD Pin=J1-82
Added Pin To Net: NetName=SD2_CD Pin=J10-9
Added Pin To Net: NetName=SD2_CD Pin=R36-1
Added Net: Name=SD2_CD
Added Pin To Net: NetName=SD2_CLK Pin=J1-85
Added Pin To Net: NetName=SD2_CLK Pin=J10-5
Added Net: Name=SD2_CLK
Added Pin To Net: NetName=SD2_CMD Pin=J1-84
Added Pin To Net: NetName=SD2_CMD Pin=J10-3
Added Pin To Net: NetName=SD2_CMD Pin=R35-1
Added Net: Name=SD2_CMD
Added Pin To Net: NetName=SD2_DATA0 Pin=J1-88
Added Pin To Net: NetName=SD2_DATA0 Pin=J10-7
Added Net: Name=SD2_DATA0
Added Pin To Net: NetName=SD2_DATA1 Pin=J1-83
Added Pin To Net: NetName=SD2_DATA1 Pin=J10-8
Added Net: Name=SD2_DATA1
Added Pin To Net: NetName=SD2_DATA2 Pin=J1-87
Added Pin To Net: NetName=SD2_DATA2 Pin=J10-1
Added Net: Name=SD2_DATA2
Added Pin To Net: NetName=SD2_DATA3 Pin=J1-86
Added Pin To Net: NetName=SD2_DATA3 Pin=J10-2
Added Net: Name=SD2_DATA3
Added Pin To Net: NetName=SD3_CLK Pin=J1-73
Added Net: Name=SD3_CLK
Added Pin To Net: NetName=SD3_CMD Pin=J1-77
Added Net: Name=SD3_CMD
Added Pin To Net: NetName=SD3_DATA0 Pin=J1-80
Added Net: Name=SD3_DATA0
Added Pin To Net: NetName=SD3_DATA1 Pin=J1-74
Added Pin To Net: NetName=SD3_DATA1 Pin=Q3-1
Added Pin To Net: NetName=SD3_DATA1 Pin=R44-1
Added Net: Name=SD3_DATA1
Added Pin To Net: NetName=SD3_DATA2 Pin=J1-76
Added Pin To Net: NetName=SD3_DATA2 Pin=R42-1
Added Pin To Net: NetName=SD3_DATA2 Pin=U8-1
Added Net: Name=SD3_DATA2
Added Pin To Net: NetName=SD3_DATA3 Pin=J1-75
Added Net: Name=SD3_DATA3
Added Pin To Net: NetName=SD3_DATA4 Pin=J1-79
Added Net: Name=SD3_DATA4
Added Pin To Net: NetName=SD3_DATA5 Pin=J1-78
Added Net: Name=SD3_DATA5
Added Pin To Net: NetName=SD3_DATA6 Pin=J1-81
Added Net: Name=SD3_DATA6
Added Pin To Net: NetName=SD3_DATA7 Pin=J1-69
Added Net: Name=SD3_DATA7
Added Pin To Net: NetName=SD3_RST Pin=J1-71
Added Net: Name=SD3_RST
Added Pin To Net: NetName=TRX0_N Pin=J1-100
Added Pin To Net: NetName=TRX0_N Pin=J5-2
Added Net: Name=TRX0_N
Added Pin To Net: NetName=TRX0_P Pin=J1-98
Added Pin To Net: NetName=TRX0_P Pin=J5-1
Added Net: Name=TRX0_P
Added Pin To Net: NetName=TRX1_N Pin=J1-96
Added Pin To Net: NetName=TRX1_N Pin=J5-4
Added Net: Name=TRX1_N
Added Pin To Net: NetName=TRX1_P Pin=J1-94
Added Pin To Net: NetName=TRX1_P Pin=J5-3
Added Net: Name=TRX1_P
Added Pin To Net: NetName=TRX2_N Pin=J1-97
Added Pin To Net: NetName=TRX2_N Pin=J5-8
Added Net: Name=TRX2_N
Added Pin To Net: NetName=TRX2_P Pin=J1-99
Added Pin To Net: NetName=TRX2_P Pin=J5-7
Added Net: Name=TRX2_P
Added Pin To Net: NetName=TRX3_N Pin=J1-93
Added Pin To Net: NetName=TRX3_N Pin=J5-10
Added Net: Name=TRX3_N
Added Pin To Net: NetName=TRX3_P Pin=J1-95
Added Pin To Net: NetName=TRX3_P Pin=J5-9
Added Net: Name=TRX3_P
Added Pin To Net: NetName=TXD8 Pin=D4-3
Added Pin To Net: NetName=TXD8 Pin=R18-2
Added Net: Name=TXD8
Added Pin To Net: NetName=UART1_RX Pin=J2-84
Added Pin To Net: NetName=UART1_RX Pin=U5-9
Added Net: Name=UART1_RX
Added Pin To Net: NetName=UART1_TX Pin=J2-86
Added Pin To Net: NetName=UART1_TX Pin=U5-10
Added Net: Name=UART1_TX
Added Pin To Net: NetName=UART2_RX Pin=J1-31
Added Net: Name=UART2_RX
Added Pin To Net: NetName=UART2_TX Pin=J1-29
Added Net: Name=UART2_TX
Added Pin To Net: NetName=UART3_RX Pin=J1-34
Added Pin To Net: NetName=UART3_RX Pin=U3-1
Added Net: Name=UART3_RX
Added Pin To Net: NetName=UART3_TX Pin=J1-36
Added Pin To Net: NetName=UART3_TX Pin=U3-4
Added Net: Name=UART3_TX
Added Pin To Net: NetName=USB_H1_D_N Pin=J2-91
Added Pin To Net: NetName=USB_H1_D_N Pin=U6-30
Added Net: Name=USB_H1_D_N
Added Pin To Net: NetName=USB_H1_D_P Pin=J2-93
Added Pin To Net: NetName=USB_H1_D_P Pin=U6-31
Added Net: Name=USB_H1_D_P
Added Pin To Net: NetName=USB_H1_OC Pin=J2-90
Added Net: Name=USB_H1_OC
Added Pin To Net: NetName=USB_OTG_D_N Pin=J2-89
Added Pin To Net: NetName=USB_OTG_D_N Pin=R33-2
Added Net: Name=USB_OTG_D_N
Added Pin To Net: NetName=USB_OTG_D_P Pin=J2-87
Added Pin To Net: NetName=USB_OTG_D_P Pin=R34-2
Added Net: Name=USB_OTG_D_P
Added Pin To Net: NetName=USB_OTG_ID Pin=J2-88
Added Pin To Net: NetName=USB_OTG_ID Pin=J9-4
Added Pin To Net: NetName=USB_OTG_ID Pin=U7-4
Added Net: Name=USB_OTG_ID
Added Pin To Net: NetName=USB_OTG_VBUS Pin=C47-2
Added Pin To Net: NetName=USB_OTG_VBUS Pin=C48-2
Added Pin To Net: NetName=USB_OTG_VBUS Pin=C49-2
Added Pin To Net: NetName=USB_OTG_VBUS Pin=J2-85
Added Pin To Net: NetName=USB_OTG_VBUS Pin=J9-1
Added Pin To Net: NetName=USB_OTG_VBUS Pin=U7-6
Added Pin To Net: NetName=USB_OTG_VBUS Pin=U7-7
Added Pin To Net: NetName=USB_OTG_VBUS Pin=U7-8
Added Net: Name=USB_OTG_VBUS
Added Pin To Net: NetName=USB_PORT1_N Pin=J7-2
Added Pin To Net: NetName=USB_PORT1_N Pin=J11-9
Added Pin To Net: NetName=USB_PORT1_N Pin=U6-1
Added Net: Name=USB_PORT1_N
Added Pin To Net: NetName=USB_PORT1_P Pin=J7-3
Added Pin To Net: NetName=USB_PORT1_P Pin=J11-11
Added Pin To Net: NetName=USB_PORT1_P Pin=U6-2
Added Net: Name=USB_PORT1_P
Added Pin To Net: NetName=USB_PORT2_N Pin=J7-6
Added Pin To Net: NetName=USB_PORT2_N Pin=U6-3
Added Net: Name=USB_PORT2_N
Added Pin To Net: NetName=USB_PORT2_P Pin=J7-7
Added Pin To Net: NetName=USB_PORT2_P Pin=U6-4
Added Net: Name=USB_PORT2_P
Added Pin To Net: NetName=USB_PORT3_N Pin=J8-2
Added Pin To Net: NetName=USB_PORT3_N Pin=U6-6
Added Net: Name=USB_PORT3_N
Added Pin To Net: NetName=USB_PORT3_P Pin=J8-3
Added Pin To Net: NetName=USB_PORT3_P Pin=U6-7
Added Net: Name=USB_PORT3_P
Added Pin To Net: NetName=USB_PORT4_N Pin=J8-6
Added Pin To Net: NetName=USB_PORT4_N Pin=J11-10
Added Pin To Net: NetName=USB_PORT4_N Pin=U6-8
Added Net: Name=USB_PORT4_N
Added Pin To Net: NetName=USB_PORT4_P Pin=J8-7
Added Pin To Net: NetName=USB_PORT4_P Pin=J11-12
Added Pin To Net: NetName=USB_PORT4_P Pin=U6-9
Added Net: Name=USB_PORT4_P
Added Pin To Net: NetName=VBUS Pin=C29-1
Added Pin To Net: NetName=VBUS Pin=C30-2
Added Pin To Net: NetName=VBUS Pin=C36-1
Added Pin To Net: NetName=VBUS Pin=C37-2
Added Pin To Net: NetName=VBUS Pin=F2-2
Added Pin To Net: NetName=VBUS Pin=J7-1
Added Pin To Net: NetName=VBUS Pin=J7-5
Added Pin To Net: NetName=VBUS Pin=J8-1
Added Pin To Net: NetName=VBUS Pin=J8-5
Added Net: Name=VBUS
Added Pin To Net: NetName=VCC3V3 Pin=C12-1
Added Pin To Net: NetName=VCC3V3 Pin=C13-1
Added Pin To Net: NetName=VCC3V3 Pin=C14-2
Added Pin To Net: NetName=VCC3V3 Pin=C15-1
Added Pin To Net: NetName=VCC3V3 Pin=C25-2
Added Pin To Net: NetName=VCC3V3 Pin=C26-1
Added Pin To Net: NetName=VCC3V3 Pin=C32-2
Added Pin To Net: NetName=VCC3V3 Pin=C33-2
Added Pin To Net: NetName=VCC3V3 Pin=C34-2
Added Pin To Net: NetName=VCC3V3 Pin=C35-2
Added Pin To Net: NetName=VCC3V3 Pin=C40-2
Added Pin To Net: NetName=VCC3V3 Pin=C41-2
Added Pin To Net: NetName=VCC3V3 Pin=C42-2
Added Pin To Net: NetName=VCC3V3 Pin=C43-2
Added Pin To Net: NetName=VCC3V3 Pin=C44-2
Added Pin To Net: NetName=VCC3V3 Pin=C50-2
Added Pin To Net: NetName=VCC3V3 Pin=C51-1
Added Pin To Net: NetName=VCC3V3 Pin=C58-2
Added Pin To Net: NetName=VCC3V3 Pin=C59-2
Added Pin To Net: NetName=VCC3V3 Pin=D8-2
Added Pin To Net: NetName=VCC3V3 Pin=J10-4
Added Pin To Net: NetName=VCC3V3 Pin=L2-2
Added Pin To Net: NetName=VCC3V3 Pin=L5-2
Added Pin To Net: NetName=VCC3V3 Pin=R6-2
Added Pin To Net: NetName=VCC3V3 Pin=R9-2
Added Pin To Net: NetName=VCC3V3 Pin=R10-2
Added Pin To Net: NetName=VCC3V3 Pin=R11-2
Added Pin To Net: NetName=VCC3V3 Pin=R19-2
Added Pin To Net: NetName=VCC3V3 Pin=R24-1
Added Pin To Net: NetName=VCC3V3 Pin=R35-2
Added Pin To Net: NetName=VCC3V3 Pin=R36-2
Added Pin To Net: NetName=VCC3V3 Pin=R37-2
Added Pin To Net: NetName=VCC3V3 Pin=R38-2
Added Pin To Net: NetName=VCC3V3 Pin=R39-2
Added Pin To Net: NetName=VCC3V3 Pin=R40-2
Added Pin To Net: NetName=VCC3V3 Pin=R41-2
Added Pin To Net: NetName=VCC3V3 Pin=R42-2
Added Pin To Net: NetName=VCC3V3 Pin=R43-2
Added Pin To Net: NetName=VCC3V3 Pin=R44-2
Added Pin To Net: NetName=VCC3V3 Pin=R46-2
Added Pin To Net: NetName=VCC3V3 Pin=R47-2
Added Pin To Net: NetName=VCC3V3 Pin=R48-2
Added Pin To Net: NetName=VCC3V3 Pin=R49-2
Added Pin To Net: NetName=VCC3V3 Pin=R50-2
Added Pin To Net: NetName=VCC3V3 Pin=U5-16
Added Pin To Net: NetName=VCC3V3 Pin=U6-5
Added Pin To Net: NetName=VCC3V3 Pin=U6-10
Added Pin To Net: NetName=VCC3V3 Pin=U6-15
Added Pin To Net: NetName=VCC3V3 Pin=U6-23
Added Pin To Net: NetName=VCC3V3 Pin=U6-29
Added Pin To Net: NetName=VCC3V3 Pin=U6-36
Added Pin To Net: NetName=VCC3V3 Pin=U8-8
Added Net: Name=VCC3V3
Added Pin To Net: NetName=VCC5V Pin=C1-1
Added Pin To Net: NetName=VCC5V Pin=C2-1
Added Pin To Net: NetName=VCC5V Pin=C5-1
Added Pin To Net: NetName=VCC5V Pin=C6-1
Added Pin To Net: NetName=VCC5V Pin=C9-1
Added Pin To Net: NetName=VCC5V Pin=C10-1
Added Pin To Net: NetName=VCC5V Pin=C21-1
Added Pin To Net: NetName=VCC5V Pin=C23-1
Added Pin To Net: NetName=VCC5V Pin=C55-1
Added Pin To Net: NetName=VCC5V Pin=C56-2
Added Pin To Net: NetName=VCC5V Pin=C57-2
Added Pin To Net: NetName=VCC5V Pin=D6-A
Added Pin To Net: NetName=VCC5V Pin=F2-1
Added Pin To Net: NetName=VCC5V Pin=J2-1
Added Pin To Net: NetName=VCC5V Pin=J2-2
Added Pin To Net: NetName=VCC5V Pin=J2-3
Added Pin To Net: NetName=VCC5V Pin=J2-4
Added Pin To Net: NetName=VCC5V Pin=J11-1
Added Pin To Net: NetName=VCC5V Pin=J11-2
Added Pin To Net: NetName=VCC5V Pin=J11-3
Added Pin To Net: NetName=VCC5V Pin=J11-4
Added Pin To Net: NetName=VCC5V Pin=L1-2
Added Pin To Net: NetName=VCC5V Pin=L4-1
Added Pin To Net: NetName=VCC5V Pin=R1-2
Added Pin To Net: NetName=VCC5V Pin=R5-2
Added Pin To Net: NetName=VCC5V Pin=R17-1
Added Pin To Net: NetName=VCC5V Pin=R20-1
Added Pin To Net: NetName=VCC5V Pin=R21-1
Added Pin To Net: NetName=VCC5V Pin=R22-1
Added Pin To Net: NetName=VCC5V Pin=R23-1
Added Pin To Net: NetName=VCC5V Pin=U2-2
Added Pin To Net: NetName=VCC5V Pin=U3-8
Added Net: Name=VCC5V
Added Pin To Net: NetName=VCC12V Pin=C4-1
Added Pin To Net: NetName=VCC12V Pin=U1-2
Added Net: Name=VCC12V
Added Class: Name=0.CONNECTOR
Added Class: Name=1.POWER
Added Class: Name=2.ETH
Added Class: Name=3.UART
Added Class: Name=5.USB
Added Class: Name=8.SATA&TFCARD
Added Class: Name=10.LVDS
Added Class: Name=11.EX-MODULE
Added Class: Name=12.WTD&RTC
Added Differential Pair: Name=LVDS0_CLK
Added Differential Pair: Name=LVDS0_TX0
Added Differential Pair: Name=LVDS0_TX1
Added Differential Pair: Name=LVDS0_TX2
Added Differential Pair: Name=LVDS0_TX3
Added Differential Pair: Name=LVDS1_CLK
Added Differential Pair: Name=LVDS1_TX0
Added Differential Pair: Name=LVDS1_TX1
Added Differential Pair: Name=LVDS1_TX2
Added Differential Pair: Name=LVDS1_TX3
Added Differential Pair: Name=TRX0
Added Differential Pair: Name=TRX1
Added Differential Pair: Name=TRX2
Added Differential Pair: Name=TRX3
Added Differential Pair: Name=USB_H1_D
Added Differential Pair: Name=USB_OTG_D
Added Differential Pair: Name=USB_PORT1
Added Differential Pair: Name=USB_PORT2
Added Differential Pair: Name=USB_PORT3
Added Differential Pair: Name=USB_PORT4
Added Room: Name=0.CONNECTOR
Added Room: Name=1.POWER
Added Room: Name=2.ETH
Added Room: Name=3.UART
Added Room: Name=5.USB
Added Room: Name=8.SATA&TFCARD
Added Room: Name=10.LVDS
Added Room: Name=11.EX-MODULE
Added Room: Name=12.WTD&RTC
