Added Component: Designator=P1(HDR2X20)
Added Pin To Net: NetName=NetC52_1 Pin=P1-1
Added Pin To Net: NetName=NetC52_1 Pin=P1-2
Added Pin To Net: NetName=NetC52_1 Pin=P1-3
Added Pin To Net: NetName=GND Pin=P1-4
Added Pin To Net: NetName=GND Pin=P1-5
Added Pin To Net: NetName=GND Pin=P1-6
Added Pin To Net: NetName=LVDS0_TX0_N Pin=P1-7
Added Pin To Net: NetName=LVDS0_TX0_P Pin=P1-8
Added Pin To Net: NetName=LVDS0_TX1_N Pin=P1-9
Added Pin To Net: NetName=LVDS0_TX1_P Pin=P1-10
Added Pin To Net: NetName=LVDS0_TX2_N Pin=P1-11
Added Pin To Net: NetName=LVDS0_TX2_P Pin=P1-12
Added Pin To Net: NetName=GND Pin=P1-13
Added Pin To Net: NetName=GND Pin=P1-14
Added Pin To Net: NetName=LVDS0_CLK_N Pin=P1-15
Added Pin To Net: NetName=LVDS0_CLK_P Pin=P1-16
Added Pin To Net: NetName=LVDS0_TX3_N Pin=P1-17
Added Pin To Net: NetName=LVDS0_TX3_P Pin=P1-18
Added Pin To Net: NetName=LVDS1_TX0_N Pin=P1-19
Added Pin To Net: NetName=LVDS1_TX0_P Pin=P1-20
Added Pin To Net: NetName=LVDS1_TX1_N Pin=P1-21
Added Pin To Net: NetName=LVDS1_TX1_P Pin=P1-22
Added Pin To Net: NetName=LVDS1_TX2_N Pin=P1-23
Added Pin To Net: NetName=LVDS1_TX2_P Pin=P1-24
Added Pin To Net: NetName=GND Pin=P1-25
Added Pin To Net: NetName=GND Pin=P1-26
Added Pin To Net: NetName=LVDS1_CLK_N Pin=P1-27
Added Pin To Net: NetName=LVDS1_CLK_P Pin=P1-28
Added Pin To Net: NetName=LVDS1_TX3_N Pin=P1-29
Added Pin To Net: NetName=LVDS1_TX3_P Pin=P1-30
Added Pin To Net: NetName=GND Pin=P1-31
Added Pin To Net: NetName=GND Pin=P1-32
Added Pin To Net: NetName=VCC5V Pin=P1-33
Added Pin To Net: NetName=USB_PORT3_P Pin=P1-34
Added Pin To Net: NetName=VCC3V3 Pin=P1-35
Added Pin To Net: NetName=USB_PORT3_N Pin=P1-36
Added Pin To Net: NetName=SD3_DATA4 Pin=P1-37
Added Pin To Net: NetName=I2C3_SCL Pin=P1-38
Added Pin To Net: NetName=SD3_DATA6 Pin=P1-39
Added Pin To Net: NetName=I2C3_SDA Pin=P1-40
Added Member To Class: ClassName=10.LVDS Member=Component P1 MHDR2X20
